[0.034s] Invoking command in '/home/rikverhoeven/Documents/coding/ROS_auto_robot/ros2_01_ws/build/cpp_srvcli': CMAKE_PREFIX_PATH=${CMAKE_PREFIX_PATH}:/home/rikverhoeven/Documents/coding/ROS_auto_robot/ros2_01_ws/install/py_pubsub:/home/rikverhoeven/Documents/coding/ROS_auto_robot/ros2_01_ws/install/kimbo_control_dc_motor:/opt/ros/humble /usr/bin/cmake --build /home/rikverhoeven/Documents/coding/ROS_auto_robot/ros2_01_ws/build/cpp_srvcli -- -j8 -l8
[0.512s] -- Found ament_cmake: 1.3.8 (/opt/ros/humble/share/ament_cmake/cmake)
[0.513s] -- Override CMake install command with custom implementation using symlinks instead of copying resources
[0.514s] -- Found rclcpp: 16.0.8 (/opt/ros/humble/share/rclcpp/cmake)
[0.514s] -- Found rosidl_generator_c: 3.1.5 (/opt/ros/humble/share/rosidl_generator_c/cmake)
[0.515s] -- Found rosidl_adapter: 3.1.5 (/opt/ros/humble/share/rosidl_adapter/cmake)
[0.515s] -- Found rosidl_generator_cpp: 3.1.5 (/opt/ros/humble/share/rosidl_generator_cpp/cmake)
[0.515s] -- Using all available rosidl_typesupport_c: rosidl_typesupport_fastrtps_c;rosidl_typesupport_introspection_c
[0.515s] -- Using all available rosidl_typesupport_cpp: rosidl_typesupport_fastrtps_cpp;rosidl_typesupport_introspection_cpp
[0.515s] -- Found rmw_implementation_cmake: 6.1.1 (/opt/ros/humble/share/rmw_implementation_cmake/cmake)
[0.515s] -- Found rmw_fastrtps_cpp: 6.2.6 (/opt/ros/humble/share/rmw_fastrtps_cpp/cmake)
[0.618s] -- Using RMW implementation 'rmw_fastrtps_cpp' as default
[0.867s] -- Found example_interfaces: 0.9.3 (/opt/ros/humble/share/example_interfaces/cmake)
[1.079s] -- Found ament_lint_auto: 0.12.10 (/opt/ros/humble/share/ament_lint_auto/cmake)
[1.198s] -- Added test 'cppcheck' to perform static code analysis on C / C++ code
[1.199s] -- Configured cppcheck include dirs: 
[1.199s] -- Configured cppcheck exclude dirs and/or files: 
[1.199s] -- Added test 'lint_cmake' to check CMake code style
[1.200s] -- Added test 'uncrustify' to check C / C++ code style
[1.201s] -- Configured uncrustify additional arguments: 
[1.201s] -- Added test 'xmllint' to check XML markup files
[1.203s] -- Configuring done
[1.221s] -- Generating done
[1.224s] -- Build files have been written to: /home/rikverhoeven/Documents/coding/ROS_auto_robot/ros2_01_ws/build/cpp_srvcli
[1.258s] [35m[1mConsolidate compiler generated dependencies of target client[0m
[1.258s] [35m[1mConsolidate compiler generated dependencies of target server[0m
[1.288s] [ 50%] Built target client
[1.289s] [100%] Built target server
[1.310s] Invoked command in '/home/rikverhoeven/Documents/coding/ROS_auto_robot/ros2_01_ws/build/cpp_srvcli' returned '0': CMAKE_PREFIX_PATH=${CMAKE_PREFIX_PATH}:/home/rikverhoeven/Documents/coding/ROS_auto_robot/ros2_01_ws/install/py_pubsub:/home/rikverhoeven/Documents/coding/ROS_auto_robot/ros2_01_ws/install/kimbo_control_dc_motor:/opt/ros/humble /usr/bin/cmake --build /home/rikverhoeven/Documents/coding/ROS_auto_robot/ros2_01_ws/build/cpp_srvcli -- -j8 -l8
[1.359s] Invoking command in '/home/rikverhoeven/Documents/coding/ROS_auto_robot/ros2_01_ws/build/cpp_srvcli': CMAKE_PREFIX_PATH=${CMAKE_PREFIX_PATH}:/home/rikverhoeven/Documents/coding/ROS_auto_robot/ros2_01_ws/install/py_pubsub:/home/rikverhoeven/Documents/coding/ROS_auto_robot/ros2_01_ws/install/kimbo_control_dc_motor:/opt/ros/humble /usr/bin/cmake --install /home/rikverhoeven/Documents/coding/ROS_auto_robot/ros2_01_ws/build/cpp_srvcli
[1.370s] -- Install configuration: ""
[1.371s] -- Execute custom install script
[1.371s] -- Up-to-date symlink: /home/rikverhoeven/Documents/coding/ROS_auto_robot/ros2_01_ws/install/cpp_srvcli/lib/cpp_srvcli/server
[1.372s] -- Symlinking: /home/rikverhoeven/Documents/coding/ROS_auto_robot/ros2_01_ws/install/cpp_srvcli/lib/cpp_srvcli/client
[1.385s] -- Up-to-date symlink: /home/rikverhoeven/Documents/coding/ROS_auto_robot/ros2_01_ws/install/cpp_srvcli/share/ament_index/resource_index/package_run_dependencies/cpp_srvcli
[1.385s] -- Up-to-date symlink: /home/rikverhoeven/Documents/coding/ROS_auto_robot/ros2_01_ws/install/cpp_srvcli/share/ament_index/resource_index/parent_prefix_path/cpp_srvcli
[1.386s] -- Up-to-date symlink: /home/rikverhoeven/Documents/coding/ROS_auto_robot/ros2_01_ws/install/cpp_srvcli/share/cpp_srvcli/environment/ament_prefix_path.sh
[1.386s] -- Up-to-date symlink: /home/rikverhoeven/Documents/coding/ROS_auto_robot/ros2_01_ws/install/cpp_srvcli/share/cpp_srvcli/environment/ament_prefix_path.dsv
[1.386s] -- Up-to-date symlink: /home/rikverhoeven/Documents/coding/ROS_auto_robot/ros2_01_ws/install/cpp_srvcli/share/cpp_srvcli/environment/path.sh
[1.386s] -- Up-to-date symlink: /home/rikverhoeven/Documents/coding/ROS_auto_robot/ros2_01_ws/install/cpp_srvcli/share/cpp_srvcli/environment/path.dsv
[1.387s] -- Up-to-date symlink: /home/rikverhoeven/Documents/coding/ROS_auto_robot/ros2_01_ws/install/cpp_srvcli/share/cpp_srvcli/local_setup.bash
[1.387s] -- Up-to-date symlink: /home/rikverhoeven/Documents/coding/ROS_auto_robot/ros2_01_ws/install/cpp_srvcli/share/cpp_srvcli/local_setup.sh
[1.387s] -- Up-to-date symlink: /home/rikverhoeven/Documents/coding/ROS_auto_robot/ros2_01_ws/install/cpp_srvcli/share/cpp_srvcli/local_setup.zsh
[1.388s] -- Up-to-date symlink: /home/rikverhoeven/Documents/coding/ROS_auto_robot/ros2_01_ws/install/cpp_srvcli/share/cpp_srvcli/local_setup.dsv
[1.388s] -- Symlinking: /home/rikverhoeven/Documents/coding/ROS_auto_robot/ros2_01_ws/install/cpp_srvcli/share/cpp_srvcli/package.dsv
[1.399s] -- Up-to-date symlink: /home/rikverhoeven/Documents/coding/ROS_auto_robot/ros2_01_ws/install/cpp_srvcli/share/ament_index/resource_index/packages/cpp_srvcli
[1.400s] -- Up-to-date symlink: /home/rikverhoeven/Documents/coding/ROS_auto_robot/ros2_01_ws/install/cpp_srvcli/share/cpp_srvcli/cmake/cpp_srvcliConfig.cmake
[1.400s] -- Up-to-date symlink: /home/rikverhoeven/Documents/coding/ROS_auto_robot/ros2_01_ws/install/cpp_srvcli/share/cpp_srvcli/cmake/cpp_srvcliConfig-version.cmake
[1.400s] -- Up-to-date symlink: /home/rikverhoeven/Documents/coding/ROS_auto_robot/ros2_01_ws/install/cpp_srvcli/share/cpp_srvcli/package.xml
[1.403s] Invoked command in '/home/rikverhoeven/Documents/coding/ROS_auto_robot/ros2_01_ws/build/cpp_srvcli' returned '0': CMAKE_PREFIX_PATH=${CMAKE_PREFIX_PATH}:/home/rikverhoeven/Documents/coding/ROS_auto_robot/ros2_01_ws/install/py_pubsub:/home/rikverhoeven/Documents/coding/ROS_auto_robot/ros2_01_ws/install/kimbo_control_dc_motor:/opt/ros/humble /usr/bin/cmake --install /home/rikverhoeven/Documents/coding/ROS_auto_robot/ros2_01_ws/build/cpp_srvcli
