running egg_info
creating ../../build/kimbo_control_dc_motor/kimbo_control_dc_motor.egg-info
writing ../../build/kimbo_control_dc_motor/kimbo_control_dc_motor.egg-info/PKG-INFO
writing dependency_links to ../../build/kimbo_control_dc_motor/kimbo_control_dc_motor.egg-info/dependency_links.txt
writing entry points to ../../build/kimbo_control_dc_motor/kimbo_control_dc_motor.egg-info/entry_points.txt
writing requirements to ../../build/kimbo_control_dc_motor/kimbo_control_dc_motor.egg-info/requires.txt
writing top-level names to ../../build/kimbo_control_dc_motor/kimbo_control_dc_motor.egg-info/top_level.txt
writing manifest file '../../build/kimbo_control_dc_motor/kimbo_control_dc_motor.egg-info/SOURCES.txt'
reading manifest file '../../build/kimbo_control_dc_motor/kimbo_control_dc_motor.egg-info/SOURCES.txt'
writing manifest file '../../build/kimbo_control_dc_motor/kimbo_control_dc_motor.egg-info/SOURCES.txt'
running build
running build_py
creating /home/rikverhoeven/Documents/coding/ROS_auto_robot/ros2_01_ws/build/kimbo_control_dc_motor/build
creating /home/rikverhoeven/Documents/coding/ROS_auto_robot/ros2_01_ws/build/kimbo_control_dc_motor/build/lib
creating /home/rikverhoeven/Documents/coding/ROS_auto_robot/ros2_01_ws/build/kimbo_control_dc_motor/build/lib/kimbo_control_dc_motor
copying kimbo_control_dc_motor/__init__.py -> /home/rikverhoeven/Documents/coding/ROS_auto_robot/ros2_01_ws/build/kimbo_control_dc_motor/build/lib/kimbo_control_dc_motor
copying kimbo_control_dc_motor/my_first_node.py -> /home/rikverhoeven/Documents/coding/ROS_auto_robot/ros2_01_ws/build/kimbo_control_dc_motor/build/lib/kimbo_control_dc_motor
copying kimbo_control_dc_motor/draw_circle.py -> /home/rikverhoeven/Documents/coding/ROS_auto_robot/ros2_01_ws/build/kimbo_control_dc_motor/build/lib/kimbo_control_dc_motor
running install
running install_lib
creating /home/rikverhoeven/Documents/coding/ROS_auto_robot/ros2_01_ws/install/kimbo_control_dc_motor/lib/python3.10/site-packages/kimbo_control_dc_motor
copying /home/rikverhoeven/Documents/coding/ROS_auto_robot/ros2_01_ws/build/kimbo_control_dc_motor/build/lib/kimbo_control_dc_motor/__init__.py -> /home/rikverhoeven/Documents/coding/ROS_auto_robot/ros2_01_ws/install/kimbo_control_dc_motor/lib/python3.10/site-packages/kimbo_control_dc_motor
copying /home/rikverhoeven/Documents/coding/ROS_auto_robot/ros2_01_ws/build/kimbo_control_dc_motor/build/lib/kimbo_control_dc_motor/my_first_node.py -> /home/rikverhoeven/Documents/coding/ROS_auto_robot/ros2_01_ws/install/kimbo_control_dc_motor/lib/python3.10/site-packages/kimbo_control_dc_motor
copying /home/rikverhoeven/Documents/coding/ROS_auto_robot/ros2_01_ws/build/kimbo_control_dc_motor/build/lib/kimbo_control_dc_motor/draw_circle.py -> /home/rikverhoeven/Documents/coding/ROS_auto_robot/ros2_01_ws/install/kimbo_control_dc_motor/lib/python3.10/site-packages/kimbo_control_dc_motor
byte-compiling /home/rikverhoeven/Documents/coding/ROS_auto_robot/ros2_01_ws/install/kimbo_control_dc_motor/lib/python3.10/site-packages/kimbo_control_dc_motor/__init__.py to __init__.cpython-310.pyc
byte-compiling /home/rikverhoeven/Documents/coding/ROS_auto_robot/ros2_01_ws/install/kimbo_control_dc_motor/lib/python3.10/site-packages/kimbo_control_dc_motor/my_first_node.py to my_first_node.cpython-310.pyc
byte-compiling /home/rikverhoeven/Documents/coding/ROS_auto_robot/ros2_01_ws/install/kimbo_control_dc_motor/lib/python3.10/site-packages/kimbo_control_dc_motor/draw_circle.py to draw_circle.cpython-310.pyc
running install_data
creating /home/rikverhoeven/Documents/coding/ROS_auto_robot/ros2_01_ws/install/kimbo_control_dc_motor/share/ament_index
creating /home/rikverhoeven/Documents/coding/ROS_auto_robot/ros2_01_ws/install/kimbo_control_dc_motor/share/ament_index/resource_index
creating /home/rikverhoeven/Documents/coding/ROS_auto_robot/ros2_01_ws/install/kimbo_control_dc_motor/share/ament_index/resource_index/packages
copying resource/kimbo_control_dc_motor -> /home/rikverhoeven/Documents/coding/ROS_auto_robot/ros2_01_ws/install/kimbo_control_dc_motor/share/ament_index/resource_index/packages
copying package.xml -> /home/rikverhoeven/Documents/coding/ROS_auto_robot/ros2_01_ws/install/kimbo_control_dc_motor/share/kimbo_control_dc_motor
running install_egg_info
Copying ../../build/kimbo_control_dc_motor/kimbo_control_dc_motor.egg-info to /home/rikverhoeven/Documents/coding/ROS_auto_robot/ros2_01_ws/install/kimbo_control_dc_motor/lib/python3.10/site-packages/kimbo_control_dc_motor-0.0.0-py3.10.egg-info
running install_scripts
Installing make_turtle_circle script to /home/rikverhoeven/Documents/coding/ROS_auto_robot/ros2_01_ws/install/kimbo_control_dc_motor/lib/kimbo_control_dc_motor
Installing test_node_exec script to /home/rikverhoeven/Documents/coding/ROS_auto_robot/ros2_01_ws/install/kimbo_control_dc_motor/lib/kimbo_control_dc_motor
writing list of installed files to '/home/rikverhoeven/Documents/coding/ROS_auto_robot/ros2_01_ws/build/kimbo_control_dc_motor/install.log'
