[0.975s] Invoking command in '/home/rikverhoeven/Documents/coding/ROS_auto_robot/ros2_01_ws/src/kimbo_control_dc_motor': PYTHONPATH=/home/rikverhoeven/Documents/coding/ROS_auto_robot/ros2_01_ws/build/kimbo_control_dc_motor/prefix_override:/home/rikverhoeven/Documents/coding/ROS_auto_robot/ros2_01_ws/install/kimbo_control_dc_motor/lib/python3.10/site-packages:${PYTHONPATH} /usr/bin/python3 -W ignore:setup.py install is deprecated setup.py egg_info --egg-base ../../build/kimbo_control_dc_motor build --build-base /home/rikverhoeven/Documents/coding/ROS_auto_robot/ros2_01_ws/build/kimbo_control_dc_motor/build install --record /home/rikverhoeven/Documents/coding/ROS_auto_robot/ros2_01_ws/build/kimbo_control_dc_motor/install.log --single-version-externally-managed install_data
[1.344s] running egg_info
[1.345s] creating ../../build/kimbo_control_dc_motor/kimbo_control_dc_motor.egg-info
[1.345s] writing ../../build/kimbo_control_dc_motor/kimbo_control_dc_motor.egg-info/PKG-INFO
[1.346s] writing dependency_links to ../../build/kimbo_control_dc_motor/kimbo_control_dc_motor.egg-info/dependency_links.txt
[1.346s] writing entry points to ../../build/kimbo_control_dc_motor/kimbo_control_dc_motor.egg-info/entry_points.txt
[1.346s] writing requirements to ../../build/kimbo_control_dc_motor/kimbo_control_dc_motor.egg-info/requires.txt
[1.347s] writing top-level names to ../../build/kimbo_control_dc_motor/kimbo_control_dc_motor.egg-info/top_level.txt
[1.347s] writing manifest file '../../build/kimbo_control_dc_motor/kimbo_control_dc_motor.egg-info/SOURCES.txt'
[1.348s] reading manifest file '../../build/kimbo_control_dc_motor/kimbo_control_dc_motor.egg-info/SOURCES.txt'
[1.350s] writing manifest file '../../build/kimbo_control_dc_motor/kimbo_control_dc_motor.egg-info/SOURCES.txt'
[1.350s] running build
[1.350s] running build_py
[1.350s] creating /home/rikverhoeven/Documents/coding/ROS_auto_robot/ros2_01_ws/build/kimbo_control_dc_motor/build
[1.350s] creating /home/rikverhoeven/Documents/coding/ROS_auto_robot/ros2_01_ws/build/kimbo_control_dc_motor/build/lib
[1.351s] creating /home/rikverhoeven/Documents/coding/ROS_auto_robot/ros2_01_ws/build/kimbo_control_dc_motor/build/lib/kimbo_control_dc_motor
[1.351s] copying kimbo_control_dc_motor/__init__.py -> /home/rikverhoeven/Documents/coding/ROS_auto_robot/ros2_01_ws/build/kimbo_control_dc_motor/build/lib/kimbo_control_dc_motor
[1.351s] copying kimbo_control_dc_motor/my_first_node.py -> /home/rikverhoeven/Documents/coding/ROS_auto_robot/ros2_01_ws/build/kimbo_control_dc_motor/build/lib/kimbo_control_dc_motor
[1.351s] copying kimbo_control_dc_motor/draw_circle.py -> /home/rikverhoeven/Documents/coding/ROS_auto_robot/ros2_01_ws/build/kimbo_control_dc_motor/build/lib/kimbo_control_dc_motor
[1.351s] running install
[1.351s] running install_lib
[1.352s] creating /home/rikverhoeven/Documents/coding/ROS_auto_robot/ros2_01_ws/install/kimbo_control_dc_motor/lib/python3.10/site-packages/kimbo_control_dc_motor
[1.352s] copying /home/rikverhoeven/Documents/coding/ROS_auto_robot/ros2_01_ws/build/kimbo_control_dc_motor/build/lib/kimbo_control_dc_motor/__init__.py -> /home/rikverhoeven/Documents/coding/ROS_auto_robot/ros2_01_ws/install/kimbo_control_dc_motor/lib/python3.10/site-packages/kimbo_control_dc_motor
[1.352s] copying /home/rikverhoeven/Documents/coding/ROS_auto_robot/ros2_01_ws/build/kimbo_control_dc_motor/build/lib/kimbo_control_dc_motor/my_first_node.py -> /home/rikverhoeven/Documents/coding/ROS_auto_robot/ros2_01_ws/install/kimbo_control_dc_motor/lib/python3.10/site-packages/kimbo_control_dc_motor
[1.352s] copying /home/rikverhoeven/Documents/coding/ROS_auto_robot/ros2_01_ws/build/kimbo_control_dc_motor/build/lib/kimbo_control_dc_motor/draw_circle.py -> /home/rikverhoeven/Documents/coding/ROS_auto_robot/ros2_01_ws/install/kimbo_control_dc_motor/lib/python3.10/site-packages/kimbo_control_dc_motor
[1.353s] byte-compiling /home/rikverhoeven/Documents/coding/ROS_auto_robot/ros2_01_ws/install/kimbo_control_dc_motor/lib/python3.10/site-packages/kimbo_control_dc_motor/__init__.py to __init__.cpython-310.pyc
[1.353s] byte-compiling /home/rikverhoeven/Documents/coding/ROS_auto_robot/ros2_01_ws/install/kimbo_control_dc_motor/lib/python3.10/site-packages/kimbo_control_dc_motor/my_first_node.py to my_first_node.cpython-310.pyc
[1.354s] byte-compiling /home/rikverhoeven/Documents/coding/ROS_auto_robot/ros2_01_ws/install/kimbo_control_dc_motor/lib/python3.10/site-packages/kimbo_control_dc_motor/draw_circle.py to draw_circle.cpython-310.pyc
[1.354s] running install_data
[1.354s] creating /home/rikverhoeven/Documents/coding/ROS_auto_robot/ros2_01_ws/install/kimbo_control_dc_motor/share/ament_index
[1.354s] creating /home/rikverhoeven/Documents/coding/ROS_auto_robot/ros2_01_ws/install/kimbo_control_dc_motor/share/ament_index/resource_index
[1.355s] creating /home/rikverhoeven/Documents/coding/ROS_auto_robot/ros2_01_ws/install/kimbo_control_dc_motor/share/ament_index/resource_index/packages
[1.355s] copying resource/kimbo_control_dc_motor -> /home/rikverhoeven/Documents/coding/ROS_auto_robot/ros2_01_ws/install/kimbo_control_dc_motor/share/ament_index/resource_index/packages
[1.355s] copying package.xml -> /home/rikverhoeven/Documents/coding/ROS_auto_robot/ros2_01_ws/install/kimbo_control_dc_motor/share/kimbo_control_dc_motor
[1.355s] running install_egg_info
[1.356s] Copying ../../build/kimbo_control_dc_motor/kimbo_control_dc_motor.egg-info to /home/rikverhoeven/Documents/coding/ROS_auto_robot/ros2_01_ws/install/kimbo_control_dc_motor/lib/python3.10/site-packages/kimbo_control_dc_motor-0.0.0-py3.10.egg-info
[1.358s] running install_scripts
[1.381s] Installing make_turtle_circle script to /home/rikverhoeven/Documents/coding/ROS_auto_robot/ros2_01_ws/install/kimbo_control_dc_motor/lib/kimbo_control_dc_motor
[1.381s] Installing test_node_exec script to /home/rikverhoeven/Documents/coding/ROS_auto_robot/ros2_01_ws/install/kimbo_control_dc_motor/lib/kimbo_control_dc_motor
[1.382s] writing list of installed files to '/home/rikverhoeven/Documents/coding/ROS_auto_robot/ros2_01_ws/build/kimbo_control_dc_motor/install.log'
[1.412s] Invoked command in '/home/rikverhoeven/Documents/coding/ROS_auto_robot/ros2_01_ws/src/kimbo_control_dc_motor' returned '0': PYTHONPATH=/home/rikverhoeven/Documents/coding/ROS_auto_robot/ros2_01_ws/build/kimbo_control_dc_motor/prefix_override:/home/rikverhoeven/Documents/coding/ROS_auto_robot/ros2_01_ws/install/kimbo_control_dc_motor/lib/python3.10/site-packages:${PYTHONPATH} /usr/bin/python3 -W ignore:setup.py install is deprecated setup.py egg_info --egg-base ../../build/kimbo_control_dc_motor build --build-base /home/rikverhoeven/Documents/coding/ROS_auto_robot/ros2_01_ws/build/kimbo_control_dc_motor/build install --record /home/rikverhoeven/Documents/coding/ROS_auto_robot/ros2_01_ws/build/kimbo_control_dc_motor/install.log --single-version-externally-managed install_data
