[1.503s] Invoking command in '/home/rikverhoeven/Documents/coding/ROS_auto_robot/ros2_01_ws/src/kimbo_control_dc_motor': PYTHONPATH=/home/rikverhoeven/Documents/coding/ROS_auto_robot/ros2_01_ws/build/kimbo_control_dc_motor/prefix_override:/home/rikverhoeven/Documents/coding/ROS_auto_robot/ros2_01_ws/install/kimbo_control_dc_motor/lib/python3.10/site-packages:${PYTHONPATH} /usr/bin/python3 -W ignore:setup.py install is deprecated setup.py egg_info --egg-base ../../build/kimbo_control_dc_motor build --build-base /home/rikverhoeven/Documents/coding/ROS_auto_robot/ros2_01_ws/build/kimbo_control_dc_motor/build install --record /home/rikverhoeven/Documents/coding/ROS_auto_robot/ros2_01_ws/build/kimbo_control_dc_motor/install.log --single-version-externally-managed install_data
[1.903s] running egg_info
[1.904s] writing ../../build/kimbo_control_dc_motor/kimbo_control_dc_motor.egg-info/PKG-INFO
[1.904s] writing dependency_links to ../../build/kimbo_control_dc_motor/kimbo_control_dc_motor.egg-info/dependency_links.txt
[1.905s] writing entry points to ../../build/kimbo_control_dc_motor/kimbo_control_dc_motor.egg-info/entry_points.txt
[1.905s] writing requirements to ../../build/kimbo_control_dc_motor/kimbo_control_dc_motor.egg-info/requires.txt
[1.905s] writing top-level names to ../../build/kimbo_control_dc_motor/kimbo_control_dc_motor.egg-info/top_level.txt
[1.907s] reading manifest file '../../build/kimbo_control_dc_motor/kimbo_control_dc_motor.egg-info/SOURCES.txt'
[1.909s] writing manifest file '../../build/kimbo_control_dc_motor/kimbo_control_dc_motor.egg-info/SOURCES.txt'
[1.909s] running build
[1.909s] running build_py
[1.910s] copying kimbo_control_dc_motor/draw_circle.py -> /home/rikverhoeven/Documents/coding/ROS_auto_robot/ros2_01_ws/build/kimbo_control_dc_motor/build/lib/kimbo_control_dc_motor
[1.910s] running install
[1.910s] running install_lib
[1.911s] copying /home/rikverhoeven/Documents/coding/ROS_auto_robot/ros2_01_ws/build/kimbo_control_dc_motor/build/lib/kimbo_control_dc_motor/draw_circle.py -> /home/rikverhoeven/Documents/coding/ROS_auto_robot/ros2_01_ws/install/kimbo_control_dc_motor/lib/python3.10/site-packages/kimbo_control_dc_motor
[1.912s] byte-compiling /home/rikverhoeven/Documents/coding/ROS_auto_robot/ros2_01_ws/install/kimbo_control_dc_motor/lib/python3.10/site-packages/kimbo_control_dc_motor/draw_circle.py to draw_circle.cpython-310.pyc
[1.913s] running install_data
[1.913s] running install_egg_info
[1.915s] removing '/home/rikverhoeven/Documents/coding/ROS_auto_robot/ros2_01_ws/install/kimbo_control_dc_motor/lib/python3.10/site-packages/kimbo_control_dc_motor-0.0.0-py3.10.egg-info' (and everything under it)
[1.916s] Copying ../../build/kimbo_control_dc_motor/kimbo_control_dc_motor.egg-info to /home/rikverhoeven/Documents/coding/ROS_auto_robot/ros2_01_ws/install/kimbo_control_dc_motor/lib/python3.10/site-packages/kimbo_control_dc_motor-0.0.0-py3.10.egg-info
[1.917s] running install_scripts
[1.946s] Installing make_turtle_circle script to /home/rikverhoeven/Documents/coding/ROS_auto_robot/ros2_01_ws/install/kimbo_control_dc_motor/lib/kimbo_control_dc_motor
[1.946s] Installing test_node_exec script to /home/rikverhoeven/Documents/coding/ROS_auto_robot/ros2_01_ws/install/kimbo_control_dc_motor/lib/kimbo_control_dc_motor
[1.947s] writing list of installed files to '/home/rikverhoeven/Documents/coding/ROS_auto_robot/ros2_01_ws/build/kimbo_control_dc_motor/install.log'
[1.984s] Invoked command in '/home/rikverhoeven/Documents/coding/ROS_auto_robot/ros2_01_ws/src/kimbo_control_dc_motor' returned '0': PYTHONPATH=/home/rikverhoeven/Documents/coding/ROS_auto_robot/ros2_01_ws/build/kimbo_control_dc_motor/prefix_override:/home/rikverhoeven/Documents/coding/ROS_auto_robot/ros2_01_ws/install/kimbo_control_dc_motor/lib/python3.10/site-packages:${PYTHONPATH} /usr/bin/python3 -W ignore:setup.py install is deprecated setup.py egg_info --egg-base ../../build/kimbo_control_dc_motor build --build-base /home/rikverhoeven/Documents/coding/ROS_auto_robot/ros2_01_ws/build/kimbo_control_dc_motor/build install --record /home/rikverhoeven/Documents/coding/ROS_auto_robot/ros2_01_ws/build/kimbo_control_dc_motor/install.log --single-version-externally-managed install_data
