[0.042s] Invoking command in '/home/rikverhoeven/Documents/coding/ROS_auto_robot/control_robot_test/serial_motor_demo_ws/build/serial_motor_msgs': CMAKE_PREFIX_PATH=${CMAKE_PREFIX_PATH}:/home/rikverhoeven/Documents/coding/ROS_auto_robot/control_robot_test/serial_motor_demo_ws/install/serial_motor_demo:/home/rikverhoeven/Documents/coding/ROS_auto_robot/ros2_01_ws/install/py_pubsub:/home/rikverhoeven/Documents/coding/ROS_auto_robot/ros2_01_ws/install/kimbo_control_dc_motor:/opt/ros/humble /usr/bin/cmake /home/rikverhoeven/Documents/coding/ROS_auto_robot/control_robot_test/serial_motor_demo_ws/src/serial_motor_msgs -DCMAKE_INSTALL_PREFIX=/home/rikverhoeven/Documents/coding/ROS_auto_robot/control_robot_test/serial_motor_demo_ws/install/serial_motor_msgs
[0.515s] -- Found ament_cmake: 1.3.8 (/opt/ros/humble/share/ament_cmake/cmake)
[1.066s] -- Override CMake install command with custom implementation using symlinks instead of copying resources
[1.194s] -- Found ament_lint_auto: 0.12.10 (/opt/ros/humble/share/ament_lint_auto/cmake)
[1.361s] -- Found rosidl_default_generators: 1.2.0 (/opt/ros/humble/share/rosidl_default_generators/cmake)
[1.368s] -- Using all available rosidl_typesupport_c: rosidl_typesupport_fastrtps_c;rosidl_typesupport_introspection_c
[1.406s] -- Found rosidl_adapter: 3.1.5 (/opt/ros/humble/share/rosidl_adapter/cmake)
[1.569s] -- Using all available rosidl_typesupport_cpp: rosidl_typesupport_fastrtps_cpp;rosidl_typesupport_introspection_cpp
[2.075s] -- Found ament_cmake_ros: 0.10.0 (/opt/ros/humble/share/ament_cmake_ros/cmake)
[2.404s] -- Using all available rosidl_typesupport_c: rosidl_typesupport_fastrtps_c;rosidl_typesupport_introspection_c
[2.835s] -- Using all available rosidl_typesupport_cpp: rosidl_typesupport_fastrtps_cpp;rosidl_typesupport_introspection_cpp
[2.949s] -- Found python_cmake_module: 0.10.0 (/opt/ros/humble/share/python_cmake_module/cmake)
[3.029s] -- Using PYTHON_EXECUTABLE: /usr/bin/python3
[3.030s] -- Using PYTHON_INCLUDE_DIRS: /usr/include/python3.10
[3.030s] -- Using PYTHON_LIBRARIES: /usr/lib/x86_64-linux-gnu/libpython3.10.so
[3.080s] -- Added test 'lint_cmake' to check CMake code style
[3.083s] -- Added test 'xmllint' to check XML markup files
[3.147s] -- Configuring done
[3.535s] -- Generating done
[3.542s] -- Build files have been written to: /home/rikverhoeven/Documents/coding/ROS_auto_robot/control_robot_test/serial_motor_demo_ws/build/serial_motor_msgs
[3.555s] Invoked command in '/home/rikverhoeven/Documents/coding/ROS_auto_robot/control_robot_test/serial_motor_demo_ws/build/serial_motor_msgs' returned '0': CMAKE_PREFIX_PATH=${CMAKE_PREFIX_PATH}:/home/rikverhoeven/Documents/coding/ROS_auto_robot/control_robot_test/serial_motor_demo_ws/install/serial_motor_demo:/home/rikverhoeven/Documents/coding/ROS_auto_robot/ros2_01_ws/install/py_pubsub:/home/rikverhoeven/Documents/coding/ROS_auto_robot/ros2_01_ws/install/kimbo_control_dc_motor:/opt/ros/humble /usr/bin/cmake /home/rikverhoeven/Documents/coding/ROS_auto_robot/control_robot_test/serial_motor_demo_ws/src/serial_motor_msgs -DCMAKE_INSTALL_PREFIX=/home/rikverhoeven/Documents/coding/ROS_auto_robot/control_robot_test/serial_motor_demo_ws/install/serial_motor_msgs
[3.558s] Invoking command in '/home/rikverhoeven/Documents/coding/ROS_auto_robot/control_robot_test/serial_motor_demo_ws/build/serial_motor_msgs': CMAKE_PREFIX_PATH=${CMAKE_PREFIX_PATH}:/home/rikverhoeven/Documents/coding/ROS_auto_robot/control_robot_test/serial_motor_demo_ws/install/serial_motor_demo:/home/rikverhoeven/Documents/coding/ROS_auto_robot/ros2_01_ws/install/py_pubsub:/home/rikverhoeven/Documents/coding/ROS_auto_robot/ros2_01_ws/install/kimbo_control_dc_motor:/opt/ros/humble /usr/bin/cmake --build /home/rikverhoeven/Documents/coding/ROS_auto_robot/control_robot_test/serial_motor_demo_ws/build/serial_motor_msgs -- -j8 -l8
[3.637s] [35m[1mConsolidate compiler generated dependencies of target serial_motor_msgs__rosidl_generator_c[0m
[3.656s] [  2%] Built target serial_motor_msgs__cpp
[3.663s] [ 12%] Built target serial_motor_msgs__rosidl_generator_c
[3.673s] [ 12%] Built target ament_cmake_python_symlink_serial_motor_msgs
[3.675s] [35m[1mConsolidate compiler generated dependencies of target serial_motor_msgs__rosidl_typesupport_introspection_cpp[0m
[3.687s] [35m[1mConsolidate compiler generated dependencies of target serial_motor_msgs__rosidl_typesupport_fastrtps_c[0m
[3.695s] [35m[1mConsolidate compiler generated dependencies of target serial_motor_msgs__rosidl_typesupport_fastrtps_cpp[0m
[3.699s] [35m[1mConsolidate compiler generated dependencies of target serial_motor_msgs__rosidl_typesupport_cpp[0m
[3.710s] [35m[1mConsolidate compiler generated dependencies of target serial_motor_msgs__rosidl_typesupport_introspection_c[0m
[3.711s] [35m[1mConsolidate compiler generated dependencies of target serial_motor_msgs__rosidl_typesupport_c[0m
[3.731s] [ 44%] Built target serial_motor_msgs__rosidl_typesupport_fastrtps_cpp
[3.731s] [ 44%] Built target serial_motor_msgs__rosidl_typesupport_c
[3.731s] [ 44%] Built target serial_motor_msgs__rosidl_typesupport_introspection_cpp
[3.733s] [ 55%] Built target serial_motor_msgs__rosidl_typesupport_fastrtps_c
[3.739s] [ 65%] Built target serial_motor_msgs__rosidl_typesupport_cpp
[3.745s] [ 76%] Built target serial_motor_msgs__rosidl_typesupport_introspection_c
[3.772s] [ 76%] Built target serial_motor_msgs
[3.798s] [ 78%] Built target serial_motor_msgs__py
[3.860s] [35m[1mConsolidate compiler generated dependencies of target serial_motor_msgs__rosidl_generator_py[0m
[3.884s] [ 87%] Built target serial_motor_msgs__rosidl_generator_py
[3.937s] [35m[1mConsolidate compiler generated dependencies of target serial_motor_msgs__rosidl_typesupport_c__pyext[0m
[3.937s] [35m[1mConsolidate compiler generated dependencies of target serial_motor_msgs__rosidl_typesupport_introspection_c__pyext[0m
[3.938s] [35m[1mConsolidate compiler generated dependencies of target serial_motor_msgs__rosidl_typesupport_fastrtps_c__pyext[0m
[3.961s] [ 91%] Built target serial_motor_msgs__rosidl_typesupport_fastrtps_c__pyext
[3.963s] [ 95%] Built target serial_motor_msgs__rosidl_typesupport_c__pyext
[3.965s] [100%] Built target serial_motor_msgs__rosidl_typesupport_introspection_c__pyext
[4.272s] running egg_info
[4.273s] writing serial_motor_msgs.egg-info/PKG-INFO
[4.273s] writing dependency_links to serial_motor_msgs.egg-info/dependency_links.txt
[4.273s] writing top-level names to serial_motor_msgs.egg-info/top_level.txt
[4.277s] reading manifest file 'serial_motor_msgs.egg-info/SOURCES.txt'
[4.278s] writing manifest file 'serial_motor_msgs.egg-info/SOURCES.txt'
[4.312s] [100%] Built target ament_cmake_python_build_serial_motor_msgs_egg
[4.333s] Invoked command in '/home/rikverhoeven/Documents/coding/ROS_auto_robot/control_robot_test/serial_motor_demo_ws/build/serial_motor_msgs' returned '0': CMAKE_PREFIX_PATH=${CMAKE_PREFIX_PATH}:/home/rikverhoeven/Documents/coding/ROS_auto_robot/control_robot_test/serial_motor_demo_ws/install/serial_motor_demo:/home/rikverhoeven/Documents/coding/ROS_auto_robot/ros2_01_ws/install/py_pubsub:/home/rikverhoeven/Documents/coding/ROS_auto_robot/ros2_01_ws/install/kimbo_control_dc_motor:/opt/ros/humble /usr/bin/cmake --build /home/rikverhoeven/Documents/coding/ROS_auto_robot/control_robot_test/serial_motor_demo_ws/build/serial_motor_msgs -- -j8 -l8
[4.475s] Invoking command in '/home/rikverhoeven/Documents/coding/ROS_auto_robot/control_robot_test/serial_motor_demo_ws/build/serial_motor_msgs': CMAKE_PREFIX_PATH=${CMAKE_PREFIX_PATH}:/home/rikverhoeven/Documents/coding/ROS_auto_robot/control_robot_test/serial_motor_demo_ws/install/serial_motor_demo:/home/rikverhoeven/Documents/coding/ROS_auto_robot/ros2_01_ws/install/py_pubsub:/home/rikverhoeven/Documents/coding/ROS_auto_robot/ros2_01_ws/install/kimbo_control_dc_motor:/opt/ros/humble /usr/bin/cmake --install /home/rikverhoeven/Documents/coding/ROS_auto_robot/control_robot_test/serial_motor_demo_ws/build/serial_motor_msgs
[4.486s] -- Install configuration: ""
[4.487s] -- Execute custom install script
[4.488s] -- Up-to-date symlink: /home/rikverhoeven/Documents/coding/ROS_auto_robot/control_robot_test/serial_motor_demo_ws/install/serial_motor_msgs/share/ament_index/resource_index/rosidl_interfaces/serial_motor_msgs
[4.489s] -- Up-to-date symlink: /home/rikverhoeven/Documents/coding/ROS_auto_robot/control_robot_test/serial_motor_demo_ws/install/serial_motor_msgs/include/serial_motor_msgs/serial_motor_msgs/msg/detail/encoder_vals__functions.h
[4.489s] -- Up-to-date symlink: /home/rikverhoeven/Documents/coding/ROS_auto_robot/control_robot_test/serial_motor_demo_ws/install/serial_motor_msgs/include/serial_motor_msgs/serial_motor_msgs/msg/detail/encoder_vals__struct.h
[4.489s] -- Up-to-date symlink: /home/rikverhoeven/Documents/coding/ROS_auto_robot/control_robot_test/serial_motor_demo_ws/install/serial_motor_msgs/include/serial_motor_msgs/serial_motor_msgs/msg/detail/encoder_vals__type_support.h
[4.489s] -- Up-to-date symlink: /home/rikverhoeven/Documents/coding/ROS_auto_robot/control_robot_test/serial_motor_demo_ws/install/serial_motor_msgs/include/serial_motor_msgs/serial_motor_msgs/msg/detail/motor_command__functions.h
[4.490s] -- Up-to-date symlink: /home/rikverhoeven/Documents/coding/ROS_auto_robot/control_robot_test/serial_motor_demo_ws/install/serial_motor_msgs/include/serial_motor_msgs/serial_motor_msgs/msg/detail/motor_command__struct.h
[4.490s] -- Up-to-date symlink: /home/rikverhoeven/Documents/coding/ROS_auto_robot/control_robot_test/serial_motor_demo_ws/install/serial_motor_msgs/include/serial_motor_msgs/serial_motor_msgs/msg/detail/motor_command__type_support.h
[4.490s] -- Up-to-date symlink: /home/rikverhoeven/Documents/coding/ROS_auto_robot/control_robot_test/serial_motor_demo_ws/install/serial_motor_msgs/include/serial_motor_msgs/serial_motor_msgs/msg/detail/motor_vels__functions.h
[4.490s] -- Up-to-date symlink: /home/rikverhoeven/Documents/coding/ROS_auto_robot/control_robot_test/serial_motor_demo_ws/install/serial_motor_msgs/include/serial_motor_msgs/serial_motor_msgs/msg/detail/motor_vels__struct.h
[4.490s] -- Up-to-date symlink: /home/rikverhoeven/Documents/coding/ROS_auto_robot/control_robot_test/serial_motor_demo_ws/install/serial_motor_msgs/include/serial_motor_msgs/serial_motor_msgs/msg/detail/motor_vels__type_support.h
[4.491s] -- Up-to-date symlink: /home/rikverhoeven/Documents/coding/ROS_auto_robot/control_robot_test/serial_motor_demo_ws/install/serial_motor_msgs/include/serial_motor_msgs/serial_motor_msgs/msg/encoder_vals.h
[4.491s] -- Up-to-date symlink: /home/rikverhoeven/Documents/coding/ROS_auto_robot/control_robot_test/serial_motor_demo_ws/install/serial_motor_msgs/include/serial_motor_msgs/serial_motor_msgs/msg/motor_command.h
[4.491s] -- Up-to-date symlink: /home/rikverhoeven/Documents/coding/ROS_auto_robot/control_robot_test/serial_motor_demo_ws/install/serial_motor_msgs/include/serial_motor_msgs/serial_motor_msgs/msg/motor_vels.h
[4.491s] -- Up-to-date symlink: /home/rikverhoeven/Documents/coding/ROS_auto_robot/control_robot_test/serial_motor_demo_ws/install/serial_motor_msgs/include/serial_motor_msgs/serial_motor_msgs/msg/rosidl_generator_c__visibility_control.h
[4.492s] -- Up-to-date symlink: /home/rikverhoeven/Documents/coding/ROS_auto_robot/control_robot_test/serial_motor_demo_ws/install/serial_motor_msgs/share/serial_motor_msgs/environment/library_path.sh
[4.492s] -- Up-to-date symlink: /home/rikverhoeven/Documents/coding/ROS_auto_robot/control_robot_test/serial_motor_demo_ws/install/serial_motor_msgs/share/serial_motor_msgs/environment/library_path.dsv
[4.493s] -- Up-to-date symlink: /home/rikverhoeven/Documents/coding/ROS_auto_robot/control_robot_test/serial_motor_demo_ws/install/serial_motor_msgs/include/serial_motor_msgs/serial_motor_msgs/msg/detail/encoder_vals__rosidl_typesupport_fastrtps_c.h
[4.493s] -- Up-to-date symlink: /home/rikverhoeven/Documents/coding/ROS_auto_robot/control_robot_test/serial_motor_demo_ws/install/serial_motor_msgs/include/serial_motor_msgs/serial_motor_msgs/msg/detail/motor_command__rosidl_typesupport_fastrtps_c.h
[4.493s] -- Up-to-date symlink: /home/rikverhoeven/Documents/coding/ROS_auto_robot/control_robot_test/serial_motor_demo_ws/install/serial_motor_msgs/include/serial_motor_msgs/serial_motor_msgs/msg/detail/motor_vels__rosidl_typesupport_fastrtps_c.h
[4.493s] -- Up-to-date symlink: /home/rikverhoeven/Documents/coding/ROS_auto_robot/control_robot_test/serial_motor_demo_ws/install/serial_motor_msgs/include/serial_motor_msgs/serial_motor_msgs/msg/rosidl_typesupport_fastrtps_c__visibility_control.h
[4.494s] -- Up-to-date symlink: /home/rikverhoeven/Documents/coding/ROS_auto_robot/control_robot_test/serial_motor_demo_ws/install/serial_motor_msgs/include/serial_motor_msgs/serial_motor_msgs/msg/detail/encoder_vals__rosidl_typesupport_introspection_c.h
[4.494s] -- Up-to-date symlink: /home/rikverhoeven/Documents/coding/ROS_auto_robot/control_robot_test/serial_motor_demo_ws/install/serial_motor_msgs/include/serial_motor_msgs/serial_motor_msgs/msg/detail/motor_command__rosidl_typesupport_introspection_c.h
[4.494s] -- Up-to-date symlink: /home/rikverhoeven/Documents/coding/ROS_auto_robot/control_robot_test/serial_motor_demo_ws/install/serial_motor_msgs/include/serial_motor_msgs/serial_motor_msgs/msg/detail/motor_vels__rosidl_typesupport_introspection_c.h
[4.495s] -- Up-to-date symlink: /home/rikverhoeven/Documents/coding/ROS_auto_robot/control_robot_test/serial_motor_demo_ws/install/serial_motor_msgs/include/serial_motor_msgs/serial_motor_msgs/msg/rosidl_typesupport_introspection_c__visibility_control.h
[4.495s] -- Up-to-date symlink: /home/rikverhoeven/Documents/coding/ROS_auto_robot/control_robot_test/serial_motor_demo_ws/install/serial_motor_msgs/include/serial_motor_msgs/serial_motor_msgs/msg/detail/encoder_vals__builder.hpp
[4.496s] -- Up-to-date symlink: /home/rikverhoeven/Documents/coding/ROS_auto_robot/control_robot_test/serial_motor_demo_ws/install/serial_motor_msgs/include/serial_motor_msgs/serial_motor_msgs/msg/detail/encoder_vals__struct.hpp
[4.496s] -- Up-to-date symlink: /home/rikverhoeven/Documents/coding/ROS_auto_robot/control_robot_test/serial_motor_demo_ws/install/serial_motor_msgs/include/serial_motor_msgs/serial_motor_msgs/msg/detail/encoder_vals__traits.hpp
[4.496s] -- Up-to-date symlink: /home/rikverhoeven/Documents/coding/ROS_auto_robot/control_robot_test/serial_motor_demo_ws/install/serial_motor_msgs/include/serial_motor_msgs/serial_motor_msgs/msg/detail/motor_command__builder.hpp
[4.496s] -- Up-to-date symlink: /home/rikverhoeven/Documents/coding/ROS_auto_robot/control_robot_test/serial_motor_demo_ws/install/serial_motor_msgs/include/serial_motor_msgs/serial_motor_msgs/msg/detail/motor_command__struct.hpp
[4.497s] -- Up-to-date symlink: /home/rikverhoeven/Documents/coding/ROS_auto_robot/control_robot_test/serial_motor_demo_ws/install/serial_motor_msgs/include/serial_motor_msgs/serial_motor_msgs/msg/detail/motor_command__traits.hpp
[4.497s] -- Up-to-date symlink: /home/rikverhoeven/Documents/coding/ROS_auto_robot/control_robot_test/serial_motor_demo_ws/install/serial_motor_msgs/include/serial_motor_msgs/serial_motor_msgs/msg/detail/motor_vels__builder.hpp
[4.497s] -- Up-to-date symlink: /home/rikverhoeven/Documents/coding/ROS_auto_robot/control_robot_test/serial_motor_demo_ws/install/serial_motor_msgs/include/serial_motor_msgs/serial_motor_msgs/msg/detail/motor_vels__struct.hpp
[4.497s] -- Up-to-date symlink: /home/rikverhoeven/Documents/coding/ROS_auto_robot/control_robot_test/serial_motor_demo_ws/install/serial_motor_msgs/include/serial_motor_msgs/serial_motor_msgs/msg/detail/motor_vels__traits.hpp
[4.498s] -- Up-to-date symlink: /home/rikverhoeven/Documents/coding/ROS_auto_robot/control_robot_test/serial_motor_demo_ws/install/serial_motor_msgs/include/serial_motor_msgs/serial_motor_msgs/msg/encoder_vals.hpp
[4.498s] -- Up-to-date symlink: /home/rikverhoeven/Documents/coding/ROS_auto_robot/control_robot_test/serial_motor_demo_ws/install/serial_motor_msgs/include/serial_motor_msgs/serial_motor_msgs/msg/motor_command.hpp
[4.498s] -- Up-to-date symlink: /home/rikverhoeven/Documents/coding/ROS_auto_robot/control_robot_test/serial_motor_demo_ws/install/serial_motor_msgs/include/serial_motor_msgs/serial_motor_msgs/msg/motor_vels.hpp
[4.498s] -- Up-to-date symlink: /home/rikverhoeven/Documents/coding/ROS_auto_robot/control_robot_test/serial_motor_demo_ws/install/serial_motor_msgs/include/serial_motor_msgs/serial_motor_msgs/msg/detail/encoder_vals__rosidl_typesupport_fastrtps_cpp.hpp
[4.499s] -- Up-to-date symlink: /home/rikverhoeven/Documents/coding/ROS_auto_robot/control_robot_test/serial_motor_demo_ws/install/serial_motor_msgs/include/serial_motor_msgs/serial_motor_msgs/msg/detail/motor_command__rosidl_typesupport_fastrtps_cpp.hpp
[4.499s] -- Up-to-date symlink: /home/rikverhoeven/Documents/coding/ROS_auto_robot/control_robot_test/serial_motor_demo_ws/install/serial_motor_msgs/include/serial_motor_msgs/serial_motor_msgs/msg/detail/motor_vels__rosidl_typesupport_fastrtps_cpp.hpp
[4.499s] -- Up-to-date symlink: /home/rikverhoeven/Documents/coding/ROS_auto_robot/control_robot_test/serial_motor_demo_ws/install/serial_motor_msgs/include/serial_motor_msgs/serial_motor_msgs/msg/rosidl_typesupport_fastrtps_cpp__visibility_control.h
[4.499s] -- Up-to-date symlink: /home/rikverhoeven/Documents/coding/ROS_auto_robot/control_robot_test/serial_motor_demo_ws/install/serial_motor_msgs/include/serial_motor_msgs/serial_motor_msgs/msg/detail/encoder_vals__rosidl_typesupport_introspection_cpp.hpp
[4.500s] -- Up-to-date symlink: /home/rikverhoeven/Documents/coding/ROS_auto_robot/control_robot_test/serial_motor_demo_ws/install/serial_motor_msgs/include/serial_motor_msgs/serial_motor_msgs/msg/detail/motor_command__rosidl_typesupport_introspection_cpp.hpp
[4.500s] -- Up-to-date symlink: /home/rikverhoeven/Documents/coding/ROS_auto_robot/control_robot_test/serial_motor_demo_ws/install/serial_motor_msgs/include/serial_motor_msgs/serial_motor_msgs/msg/detail/motor_vels__rosidl_typesupport_introspection_cpp.hpp
[4.500s] -- Up-to-date symlink: /home/rikverhoeven/Documents/coding/ROS_auto_robot/control_robot_test/serial_motor_demo_ws/install/serial_motor_msgs/share/serial_motor_msgs/environment/pythonpath.sh
[4.501s] -- Up-to-date symlink: /home/rikverhoeven/Documents/coding/ROS_auto_robot/control_robot_test/serial_motor_demo_ws/install/serial_motor_msgs/share/serial_motor_msgs/environment/pythonpath.dsv
[4.502s] -- Up-to-date symlink: /home/rikverhoeven/Documents/coding/ROS_auto_robot/control_robot_test/serial_motor_demo_ws/install/serial_motor_msgs/local/lib/python3.10/dist-packages/serial_motor_msgs-0.0.0-py3.10.egg-info/PKG-INFO
[4.502s] -- Up-to-date symlink: /home/rikverhoeven/Documents/coding/ROS_auto_robot/control_robot_test/serial_motor_demo_ws/install/serial_motor_msgs/local/lib/python3.10/dist-packages/serial_motor_msgs-0.0.0-py3.10.egg-info/SOURCES.txt
[4.502s] -- Up-to-date symlink: /home/rikverhoeven/Documents/coding/ROS_auto_robot/control_robot_test/serial_motor_demo_ws/install/serial_motor_msgs/local/lib/python3.10/dist-packages/serial_motor_msgs-0.0.0-py3.10.egg-info/dependency_links.txt
[4.503s] -- Up-to-date symlink: /home/rikverhoeven/Documents/coding/ROS_auto_robot/control_robot_test/serial_motor_demo_ws/install/serial_motor_msgs/local/lib/python3.10/dist-packages/serial_motor_msgs-0.0.0-py3.10.egg-info/top_level.txt
[4.504s] -- Up-to-date symlink: /home/rikverhoeven/Documents/coding/ROS_auto_robot/control_robot_test/serial_motor_demo_ws/install/serial_motor_msgs/local/lib/python3.10/dist-packages/serial_motor_msgs/__init__.py
[4.504s] -- Up-to-date symlink: /home/rikverhoeven/Documents/coding/ROS_auto_robot/control_robot_test/serial_motor_demo_ws/install/serial_motor_msgs/local/lib/python3.10/dist-packages/serial_motor_msgs/_serial_motor_msgs_s.ep.rosidl_typesupport_c.c
[4.505s] -- Up-to-date symlink: /home/rikverhoeven/Documents/coding/ROS_auto_robot/control_robot_test/serial_motor_demo_ws/install/serial_motor_msgs/local/lib/python3.10/dist-packages/serial_motor_msgs/_serial_motor_msgs_s.ep.rosidl_typesupport_fastrtps_c.c
[4.505s] -- Up-to-date symlink: /home/rikverhoeven/Documents/coding/ROS_auto_robot/control_robot_test/serial_motor_demo_ws/install/serial_motor_msgs/local/lib/python3.10/dist-packages/serial_motor_msgs/_serial_motor_msgs_s.ep.rosidl_typesupport_introspection_c.c
[4.505s] -- Up-to-date symlink: /home/rikverhoeven/Documents/coding/ROS_auto_robot/control_robot_test/serial_motor_demo_ws/install/serial_motor_msgs/local/lib/python3.10/dist-packages/serial_motor_msgs/libserial_motor_msgs__rosidl_generator_py.so
[4.506s] -- Up-to-date symlink: /home/rikverhoeven/Documents/coding/ROS_auto_robot/control_robot_test/serial_motor_demo_ws/install/serial_motor_msgs/local/lib/python3.10/dist-packages/serial_motor_msgs/msg/__init__.py
[4.506s] -- Up-to-date symlink: /home/rikverhoeven/Documents/coding/ROS_auto_robot/control_robot_test/serial_motor_demo_ws/install/serial_motor_msgs/local/lib/python3.10/dist-packages/serial_motor_msgs/msg/_encoder_vals.py
[4.506s] -- Up-to-date symlink: /home/rikverhoeven/Documents/coding/ROS_auto_robot/control_robot_test/serial_motor_demo_ws/install/serial_motor_msgs/local/lib/python3.10/dist-packages/serial_motor_msgs/msg/_encoder_vals_s.c
[4.506s] -- Up-to-date symlink: /home/rikverhoeven/Documents/coding/ROS_auto_robot/control_robot_test/serial_motor_demo_ws/install/serial_motor_msgs/local/lib/python3.10/dist-packages/serial_motor_msgs/msg/_motor_command.py
[4.507s] -- Up-to-date symlink: /home/rikverhoeven/Documents/coding/ROS_auto_robot/control_robot_test/serial_motor_demo_ws/install/serial_motor_msgs/local/lib/python3.10/dist-packages/serial_motor_msgs/msg/_motor_command_s.c
[4.507s] -- Up-to-date symlink: /home/rikverhoeven/Documents/coding/ROS_auto_robot/control_robot_test/serial_motor_demo_ws/install/serial_motor_msgs/local/lib/python3.10/dist-packages/serial_motor_msgs/msg/_motor_vels.py
[4.507s] -- Up-to-date symlink: /home/rikverhoeven/Documents/coding/ROS_auto_robot/control_robot_test/serial_motor_demo_ws/install/serial_motor_msgs/local/lib/python3.10/dist-packages/serial_motor_msgs/msg/_motor_vels_s.c
[4.508s] -- Up-to-date symlink: /home/rikverhoeven/Documents/coding/ROS_auto_robot/control_robot_test/serial_motor_demo_ws/install/serial_motor_msgs/local/lib/python3.10/dist-packages/serial_motor_msgs/serial_motor_msgs_s__rosidl_typesupport_c.cpython-310-x86_64-linux-gnu.so
[4.508s] -- Up-to-date symlink: /home/rikverhoeven/Documents/coding/ROS_auto_robot/control_robot_test/serial_motor_demo_ws/install/serial_motor_msgs/local/lib/python3.10/dist-packages/serial_motor_msgs/serial_motor_msgs_s__rosidl_typesupport_fastrtps_c.cpython-310-x86_64-linux-gnu.so
[4.508s] -- Up-to-date symlink: /home/rikverhoeven/Documents/coding/ROS_auto_robot/control_robot_test/serial_motor_demo_ws/install/serial_motor_msgs/local/lib/python3.10/dist-packages/serial_motor_msgs/serial_motor_msgs_s__rosidl_typesupport_introspection_c.cpython-310-x86_64-linux-gnu.so
[4.508s] -- Up-to-date symlink: /home/rikverhoeven/Documents/coding/ROS_auto_robot/control_robot_test/serial_motor_demo_ws/install/serial_motor_msgs/local/lib/python3.10/dist-packages/serial_motor_msgs/serial_motor_msgs_s__rosidl_typesupport_fastrtps_c.cpython-310-x86_64-linux-gnu.so
[4.509s] -- Up-to-date symlink: /home/rikverhoeven/Documents/coding/ROS_auto_robot/control_robot_test/serial_motor_demo_ws/install/serial_motor_msgs/local/lib/python3.10/dist-packages/serial_motor_msgs/serial_motor_msgs_s__rosidl_typesupport_introspection_c.cpython-310-x86_64-linux-gnu.so
[4.509s] -- Up-to-date symlink: /home/rikverhoeven/Documents/coding/ROS_auto_robot/control_robot_test/serial_motor_demo_ws/install/serial_motor_msgs/local/lib/python3.10/dist-packages/serial_motor_msgs/serial_motor_msgs_s__rosidl_typesupport_c.cpython-310-x86_64-linux-gnu.so
[4.509s] -- Up-to-date symlink: /home/rikverhoeven/Documents/coding/ROS_auto_robot/control_robot_test/serial_motor_demo_ws/install/serial_motor_msgs/share/serial_motor_msgs/msg/MotorCommand.idl
[4.510s] -- Up-to-date symlink: /home/rikverhoeven/Documents/coding/ROS_auto_robot/control_robot_test/serial_motor_demo_ws/install/serial_motor_msgs/share/serial_motor_msgs/msg/MotorVels.idl
[4.510s] -- Up-to-date symlink: /home/rikverhoeven/Documents/coding/ROS_auto_robot/control_robot_test/serial_motor_demo_ws/install/serial_motor_msgs/share/serial_motor_msgs/msg/EncoderVals.idl
[4.510s] -- Up-to-date symlink: /home/rikverhoeven/Documents/coding/ROS_auto_robot/control_robot_test/serial_motor_demo_ws/install/serial_motor_msgs/share/serial_motor_msgs/msg/MotorCommand.msg
[4.510s] -- Up-to-date symlink: /home/rikverhoeven/Documents/coding/ROS_auto_robot/control_robot_test/serial_motor_demo_ws/install/serial_motor_msgs/share/serial_motor_msgs/msg/MotorVels.msg
[4.511s] -- Up-to-date symlink: /home/rikverhoeven/Documents/coding/ROS_auto_robot/control_robot_test/serial_motor_demo_ws/install/serial_motor_msgs/share/serial_motor_msgs/msg/EncoderVals.msg
[4.511s] -- Up-to-date symlink: /home/rikverhoeven/Documents/coding/ROS_auto_robot/control_robot_test/serial_motor_demo_ws/install/serial_motor_msgs/share/ament_index/resource_index/package_run_dependencies/serial_motor_msgs
[4.511s] -- Up-to-date symlink: /home/rikverhoeven/Documents/coding/ROS_auto_robot/control_robot_test/serial_motor_demo_ws/install/serial_motor_msgs/share/ament_index/resource_index/parent_prefix_path/serial_motor_msgs
[4.512s] -- Up-to-date symlink: /home/rikverhoeven/Documents/coding/ROS_auto_robot/control_robot_test/serial_motor_demo_ws/install/serial_motor_msgs/share/serial_motor_msgs/environment/ament_prefix_path.sh
[4.512s] -- Up-to-date symlink: /home/rikverhoeven/Documents/coding/ROS_auto_robot/control_robot_test/serial_motor_demo_ws/install/serial_motor_msgs/share/serial_motor_msgs/environment/ament_prefix_path.dsv
[4.512s] -- Up-to-date symlink: /home/rikverhoeven/Documents/coding/ROS_auto_robot/control_robot_test/serial_motor_demo_ws/install/serial_motor_msgs/share/serial_motor_msgs/environment/path.sh
[4.513s] -- Up-to-date symlink: /home/rikverhoeven/Documents/coding/ROS_auto_robot/control_robot_test/serial_motor_demo_ws/install/serial_motor_msgs/share/serial_motor_msgs/environment/path.dsv
[4.513s] -- Up-to-date symlink: /home/rikverhoeven/Documents/coding/ROS_auto_robot/control_robot_test/serial_motor_demo_ws/install/serial_motor_msgs/share/serial_motor_msgs/local_setup.bash
[4.514s] -- Up-to-date symlink: /home/rikverhoeven/Documents/coding/ROS_auto_robot/control_robot_test/serial_motor_demo_ws/install/serial_motor_msgs/share/serial_motor_msgs/local_setup.sh
[4.514s] -- Up-to-date symlink: /home/rikverhoeven/Documents/coding/ROS_auto_robot/control_robot_test/serial_motor_demo_ws/install/serial_motor_msgs/share/serial_motor_msgs/local_setup.zsh
[4.515s] -- Up-to-date symlink: /home/rikverhoeven/Documents/coding/ROS_auto_robot/control_robot_test/serial_motor_demo_ws/install/serial_motor_msgs/share/serial_motor_msgs/local_setup.dsv
[4.515s] -- Symlinking: /home/rikverhoeven/Documents/coding/ROS_auto_robot/control_robot_test/serial_motor_demo_ws/install/serial_motor_msgs/share/serial_motor_msgs/package.dsv
[4.546s] -- Up-to-date symlink: /home/rikverhoeven/Documents/coding/ROS_auto_robot/control_robot_test/serial_motor_demo_ws/install/serial_motor_msgs/share/ament_index/resource_index/packages/serial_motor_msgs
[4.547s] -- Up-to-date symlink: /home/rikverhoeven/Documents/coding/ROS_auto_robot/control_robot_test/serial_motor_demo_ws/install/serial_motor_msgs/share/serial_motor_msgs/cmake/rosidl_cmake-extras.cmake
[4.547s] -- Up-to-date symlink: /home/rikverhoeven/Documents/coding/ROS_auto_robot/control_robot_test/serial_motor_demo_ws/install/serial_motor_msgs/share/serial_motor_msgs/cmake/ament_cmake_export_include_directories-extras.cmake
[4.547s] -- Up-to-date symlink: /home/rikverhoeven/Documents/coding/ROS_auto_robot/control_robot_test/serial_motor_demo_ws/install/serial_motor_msgs/share/serial_motor_msgs/cmake/ament_cmake_export_libraries-extras.cmake
[4.548s] -- Up-to-date symlink: /home/rikverhoeven/Documents/coding/ROS_auto_robot/control_robot_test/serial_motor_demo_ws/install/serial_motor_msgs/share/serial_motor_msgs/cmake/ament_cmake_export_targets-extras.cmake
[4.548s] -- Up-to-date symlink: /home/rikverhoeven/Documents/coding/ROS_auto_robot/control_robot_test/serial_motor_demo_ws/install/serial_motor_msgs/share/serial_motor_msgs/cmake/rosidl_cmake_export_typesupport_targets-extras.cmake
[4.549s] -- Up-to-date symlink: /home/rikverhoeven/Documents/coding/ROS_auto_robot/control_robot_test/serial_motor_demo_ws/install/serial_motor_msgs/share/serial_motor_msgs/cmake/ament_cmake_export_dependencies-extras.cmake
[4.549s] -- Up-to-date symlink: /home/rikverhoeven/Documents/coding/ROS_auto_robot/control_robot_test/serial_motor_demo_ws/install/serial_motor_msgs/share/serial_motor_msgs/cmake/rosidl_cmake_export_typesupport_libraries-extras.cmake
[4.549s] -- Up-to-date symlink: /home/rikverhoeven/Documents/coding/ROS_auto_robot/control_robot_test/serial_motor_demo_ws/install/serial_motor_msgs/share/serial_motor_msgs/cmake/serial_motor_msgsConfig.cmake
[4.550s] -- Up-to-date symlink: /home/rikverhoeven/Documents/coding/ROS_auto_robot/control_robot_test/serial_motor_demo_ws/install/serial_motor_msgs/share/serial_motor_msgs/cmake/serial_motor_msgsConfig-version.cmake
[4.550s] -- Up-to-date symlink: /home/rikverhoeven/Documents/coding/ROS_auto_robot/control_robot_test/serial_motor_demo_ws/install/serial_motor_msgs/share/serial_motor_msgs/package.xml
[4.551s] -- Up-to-date: /home/rikverhoeven/Documents/coding/ROS_auto_robot/control_robot_test/serial_motor_demo_ws/install/serial_motor_msgs/lib/libserial_motor_msgs__rosidl_generator_c.so
[4.584s] -- Up-to-date: /home/rikverhoeven/Documents/coding/ROS_auto_robot/control_robot_test/serial_motor_demo_ws/install/serial_motor_msgs/lib/libserial_motor_msgs__rosidl_typesupport_fastrtps_c.so
[4.585s] -- Up-to-date: /home/rikverhoeven/Documents/coding/ROS_auto_robot/control_robot_test/serial_motor_demo_ws/install/serial_motor_msgs/lib/libserial_motor_msgs__rosidl_typesupport_introspection_c.so
[4.586s] -- Up-to-date: /home/rikverhoeven/Documents/coding/ROS_auto_robot/control_robot_test/serial_motor_demo_ws/install/serial_motor_msgs/lib/libserial_motor_msgs__rosidl_typesupport_c.so
[4.587s] -- Up-to-date: /home/rikverhoeven/Documents/coding/ROS_auto_robot/control_robot_test/serial_motor_demo_ws/install/serial_motor_msgs/lib/libserial_motor_msgs__rosidl_typesupport_fastrtps_cpp.so
[4.588s] -- Up-to-date: /home/rikverhoeven/Documents/coding/ROS_auto_robot/control_robot_test/serial_motor_demo_ws/install/serial_motor_msgs/lib/libserial_motor_msgs__rosidl_typesupport_introspection_cpp.so
[4.589s] -- Up-to-date: /home/rikverhoeven/Documents/coding/ROS_auto_robot/control_robot_test/serial_motor_demo_ws/install/serial_motor_msgs/lib/libserial_motor_msgs__rosidl_typesupport_cpp.so
[4.683s] Listing '/home/rikverhoeven/Documents/coding/ROS_auto_robot/control_robot_test/serial_motor_demo_ws/install/serial_motor_msgs/local/lib/python3.10/dist-packages/serial_motor_msgs'...
[4.684s] Compiling '/home/rikverhoeven/Documents/coding/ROS_auto_robot/control_robot_test/serial_motor_demo_ws/install/serial_motor_msgs/local/lib/python3.10/dist-packages/serial_motor_msgs/__init__.py'...
[4.684s] Listing '/home/rikverhoeven/Documents/coding/ROS_auto_robot/control_robot_test/serial_motor_demo_ws/install/serial_motor_msgs/local/lib/python3.10/dist-packages/serial_motor_msgs/msg'...
[4.691s] -- Up-to-date: /home/rikverhoeven/Documents/coding/ROS_auto_robot/control_robot_test/serial_motor_demo_ws/install/serial_motor_msgs/lib/libserial_motor_msgs__rosidl_generator_py.so
[4.691s] -- Up-to-date: /home/rikverhoeven/Documents/coding/ROS_auto_robot/control_robot_test/serial_motor_demo_ws/install/serial_motor_msgs/share/serial_motor_msgs/cmake/export_serial_motor_msgs__rosidl_generator_cExport.cmake
[4.691s] -- Up-to-date: /home/rikverhoeven/Documents/coding/ROS_auto_robot/control_robot_test/serial_motor_demo_ws/install/serial_motor_msgs/share/serial_motor_msgs/cmake/export_serial_motor_msgs__rosidl_generator_cExport-noconfig.cmake
[4.692s] -- Up-to-date: /home/rikverhoeven/Documents/coding/ROS_auto_robot/control_robot_test/serial_motor_demo_ws/install/serial_motor_msgs/share/serial_motor_msgs/cmake/export_serial_motor_msgs__rosidl_typesupport_fastrtps_cExport.cmake
[4.692s] -- Up-to-date: /home/rikverhoeven/Documents/coding/ROS_auto_robot/control_robot_test/serial_motor_demo_ws/install/serial_motor_msgs/share/serial_motor_msgs/cmake/export_serial_motor_msgs__rosidl_typesupport_fastrtps_cExport-noconfig.cmake
[4.692s] -- Up-to-date: /home/rikverhoeven/Documents/coding/ROS_auto_robot/control_robot_test/serial_motor_demo_ws/install/serial_motor_msgs/share/serial_motor_msgs/cmake/serial_motor_msgs__rosidl_typesupport_introspection_cExport.cmake
[4.692s] -- Up-to-date: /home/rikverhoeven/Documents/coding/ROS_auto_robot/control_robot_test/serial_motor_demo_ws/install/serial_motor_msgs/share/serial_motor_msgs/cmake/serial_motor_msgs__rosidl_typesupport_introspection_cExport-noconfig.cmake
[4.693s] -- Up-to-date: /home/rikverhoeven/Documents/coding/ROS_auto_robot/control_robot_test/serial_motor_demo_ws/install/serial_motor_msgs/share/serial_motor_msgs/cmake/serial_motor_msgs__rosidl_typesupport_cExport.cmake
[4.693s] -- Up-to-date: /home/rikverhoeven/Documents/coding/ROS_auto_robot/control_robot_test/serial_motor_demo_ws/install/serial_motor_msgs/share/serial_motor_msgs/cmake/serial_motor_msgs__rosidl_typesupport_cExport-noconfig.cmake
[4.693s] -- Up-to-date: /home/rikverhoeven/Documents/coding/ROS_auto_robot/control_robot_test/serial_motor_demo_ws/install/serial_motor_msgs/share/serial_motor_msgs/cmake/export_serial_motor_msgs__rosidl_generator_cppExport.cmake
[4.694s] -- Up-to-date: /home/rikverhoeven/Documents/coding/ROS_auto_robot/control_robot_test/serial_motor_demo_ws/install/serial_motor_msgs/share/serial_motor_msgs/cmake/export_serial_motor_msgs__rosidl_typesupport_fastrtps_cppExport.cmake
[4.694s] -- Up-to-date: /home/rikverhoeven/Documents/coding/ROS_auto_robot/control_robot_test/serial_motor_demo_ws/install/serial_motor_msgs/share/serial_motor_msgs/cmake/export_serial_motor_msgs__rosidl_typesupport_fastrtps_cppExport-noconfig.cmake
[4.694s] -- Up-to-date: /home/rikverhoeven/Documents/coding/ROS_auto_robot/control_robot_test/serial_motor_demo_ws/install/serial_motor_msgs/share/serial_motor_msgs/cmake/serial_motor_msgs__rosidl_typesupport_introspection_cppExport.cmake
[4.694s] -- Up-to-date: /home/rikverhoeven/Documents/coding/ROS_auto_robot/control_robot_test/serial_motor_demo_ws/install/serial_motor_msgs/share/serial_motor_msgs/cmake/serial_motor_msgs__rosidl_typesupport_introspection_cppExport-noconfig.cmake
[4.695s] -- Up-to-date: /home/rikverhoeven/Documents/coding/ROS_auto_robot/control_robot_test/serial_motor_demo_ws/install/serial_motor_msgs/share/serial_motor_msgs/cmake/serial_motor_msgs__rosidl_typesupport_cppExport.cmake
[4.695s] -- Up-to-date: /home/rikverhoeven/Documents/coding/ROS_auto_robot/control_robot_test/serial_motor_demo_ws/install/serial_motor_msgs/share/serial_motor_msgs/cmake/serial_motor_msgs__rosidl_typesupport_cppExport-noconfig.cmake
[4.695s] -- Up-to-date: /home/rikverhoeven/Documents/coding/ROS_auto_robot/control_robot_test/serial_motor_demo_ws/install/serial_motor_msgs/share/serial_motor_msgs/cmake/export_serial_motor_msgs__rosidl_generator_pyExport.cmake
[4.695s] -- Up-to-date: /home/rikverhoeven/Documents/coding/ROS_auto_robot/control_robot_test/serial_motor_demo_ws/install/serial_motor_msgs/share/serial_motor_msgs/cmake/export_serial_motor_msgs__rosidl_generator_pyExport-noconfig.cmake
[4.699s] Invoked command in '/home/rikverhoeven/Documents/coding/ROS_auto_robot/control_robot_test/serial_motor_demo_ws/build/serial_motor_msgs' returned '0': CMAKE_PREFIX_PATH=${CMAKE_PREFIX_PATH}:/home/rikverhoeven/Documents/coding/ROS_auto_robot/control_robot_test/serial_motor_demo_ws/install/serial_motor_demo:/home/rikverhoeven/Documents/coding/ROS_auto_robot/ros2_01_ws/install/py_pubsub:/home/rikverhoeven/Documents/coding/ROS_auto_robot/ros2_01_ws/install/kimbo_control_dc_motor:/opt/ros/humble /usr/bin/cmake --install /home/rikverhoeven/Documents/coding/ROS_auto_robot/control_robot_test/serial_motor_demo_ws/build/serial_motor_msgs
