[0.033s] Invoking command in '/home/rikverhoeven/Documents/coding/ROS_auto_robot/control_robot_test/serial_motor_demo_ws/build/serial_motor_msgs': CMAKE_PREFIX_PATH=${CMAKE_PREFIX_PATH}:/home/rikverhoeven/Documents/coding/ROS_auto_robot/ros2_01_ws/install/py_srvcli:/home/rikverhoeven/Documents/coding/ROS_auto_robot/control_robot_test/serial_motor_demo_ws/install/serial_motor_demo:/home/rikverhoeven/Documents/coding/ROS_auto_robot/ros2_01_ws/install/py_pubsub:/home/rikverhoeven/Documents/coding/ROS_auto_robot/ros2_01_ws/install/kimbo_control_dc_motor:/opt/ros/humble /usr/bin/cmake /home/rikverhoeven/Documents/coding/ROS_auto_robot/control_robot_test/serial_motor_demo_ws/src/serial_motor_msgs -DAMENT_CMAKE_SYMLINK_INSTALL=1 -DCMAKE_INSTALL_PREFIX=/home/rikverhoeven/Documents/coding/ROS_auto_robot/control_robot_test/serial_motor_demo_ws/install/serial_motor_msgs
[0.049s] -- Found ament_cmake: 1.3.8 (/opt/ros/humble/share/ament_cmake/cmake)
[0.246s] -- Override CMake install command with custom implementation using symlinks instead of copying resources
[0.263s] -- Found ament_lint_auto: 0.12.10 (/opt/ros/humble/share/ament_lint_auto/cmake)
[0.373s] -- Found rosidl_default_generators: 1.2.0 (/opt/ros/humble/share/rosidl_default_generators/cmake)
[0.376s] -- Using all available rosidl_typesupport_c: rosidl_typesupport_fastrtps_c;rosidl_typesupport_introspection_c
[0.383s] -- Found rosidl_adapter: 3.1.5 (/opt/ros/humble/share/rosidl_adapter/cmake)
[0.438s] -- Using all available rosidl_typesupport_cpp: rosidl_typesupport_fastrtps_cpp;rosidl_typesupport_introspection_cpp
[0.804s] -- Found ament_cmake_ros: 0.10.0 (/opt/ros/humble/share/ament_cmake_ros/cmake)
[1.126s] -- Using all available rosidl_typesupport_c: rosidl_typesupport_fastrtps_c;rosidl_typesupport_introspection_c
[1.529s] -- Using all available rosidl_typesupport_cpp: rosidl_typesupport_fastrtps_cpp;rosidl_typesupport_introspection_cpp
[1.576s] -- Found python_cmake_module: 0.10.0 (/opt/ros/humble/share/python_cmake_module/cmake)
[1.620s] -- Using PYTHON_EXECUTABLE: /usr/bin/python3
[1.620s] -- Using PYTHON_INCLUDE_DIRS: /usr/include/python3.10
[1.620s] -- Using PYTHON_LIBRARIES: /usr/lib/x86_64-linux-gnu/libpython3.10.so
[1.665s] -- Added test 'lint_cmake' to check CMake code style
[1.666s] -- Added test 'xmllint' to check XML markup files
[1.672s] -- Configuring done
[1.739s] -- Generating done
[1.746s] -- Build files have been written to: /home/rikverhoeven/Documents/coding/ROS_auto_robot/control_robot_test/serial_motor_demo_ws/build/serial_motor_msgs
[1.758s] Invoked command in '/home/rikverhoeven/Documents/coding/ROS_auto_robot/control_robot_test/serial_motor_demo_ws/build/serial_motor_msgs' returned '0': CMAKE_PREFIX_PATH=${CMAKE_PREFIX_PATH}:/home/rikverhoeven/Documents/coding/ROS_auto_robot/ros2_01_ws/install/py_srvcli:/home/rikverhoeven/Documents/coding/ROS_auto_robot/control_robot_test/serial_motor_demo_ws/install/serial_motor_demo:/home/rikverhoeven/Documents/coding/ROS_auto_robot/ros2_01_ws/install/py_pubsub:/home/rikverhoeven/Documents/coding/ROS_auto_robot/ros2_01_ws/install/kimbo_control_dc_motor:/opt/ros/humble /usr/bin/cmake /home/rikverhoeven/Documents/coding/ROS_auto_robot/control_robot_test/serial_motor_demo_ws/src/serial_motor_msgs -DAMENT_CMAKE_SYMLINK_INSTALL=1 -DCMAKE_INSTALL_PREFIX=/home/rikverhoeven/Documents/coding/ROS_auto_robot/control_robot_test/serial_motor_demo_ws/install/serial_motor_msgs
[1.761s] Invoking command in '/home/rikverhoeven/Documents/coding/ROS_auto_robot/control_robot_test/serial_motor_demo_ws/build/serial_motor_msgs': CMAKE_PREFIX_PATH=${CMAKE_PREFIX_PATH}:/home/rikverhoeven/Documents/coding/ROS_auto_robot/ros2_01_ws/install/py_srvcli:/home/rikverhoeven/Documents/coding/ROS_auto_robot/control_robot_test/serial_motor_demo_ws/install/serial_motor_demo:/home/rikverhoeven/Documents/coding/ROS_auto_robot/ros2_01_ws/install/py_pubsub:/home/rikverhoeven/Documents/coding/ROS_auto_robot/ros2_01_ws/install/kimbo_control_dc_motor:/opt/ros/humble /usr/bin/cmake --build /home/rikverhoeven/Documents/coding/ROS_auto_robot/control_robot_test/serial_motor_demo_ws/build/serial_motor_msgs -- -j8 -l8
[1.844s] [  2%] Built target serial_motor_msgs__cpp
[1.847s] [35m[1mConsolidate compiler generated dependencies of target serial_motor_msgs__rosidl_generator_c[0m
[1.861s] [  2%] Built target ament_cmake_python_symlink_serial_motor_msgs
[1.870s] [35m[1mConsolidate compiler generated dependencies of target serial_motor_msgs__rosidl_typesupport_introspection_cpp[0m
[1.870s] [35m[1mConsolidate compiler generated dependencies of target serial_motor_msgs__rosidl_typesupport_cpp[0m
[1.879s] [ 12%] Built target serial_motor_msgs__rosidl_generator_c
[1.883s] [35m[1mConsolidate compiler generated dependencies of target serial_motor_msgs__rosidl_typesupport_fastrtps_cpp[0m
[1.903s] [ 23%] Built target serial_motor_msgs__rosidl_typesupport_cpp
[1.904s] [35m[1mConsolidate compiler generated dependencies of target serial_motor_msgs__rosidl_typesupport_fastrtps_c[0m
[1.905s] [ 34%] Built target serial_motor_msgs__rosidl_typesupport_introspection_cpp
[1.906s] [35m[1mConsolidate compiler generated dependencies of target serial_motor_msgs__rosidl_typesupport_introspection_c[0m
[1.910s] [35m[1mConsolidate compiler generated dependencies of target serial_motor_msgs__rosidl_typesupport_c[0m
[1.928s] [ 44%] Built target serial_motor_msgs__rosidl_typesupport_fastrtps_cpp
[1.931s] [ 55%] Built target serial_motor_msgs__rosidl_typesupport_introspection_c
[1.932s] [ 65%] Built target serial_motor_msgs__rosidl_typesupport_c
[1.939s] [ 76%] Built target serial_motor_msgs__rosidl_typesupport_fastrtps_c
[1.975s] [ 76%] Built target serial_motor_msgs
[2.011s] [ 78%] Built target serial_motor_msgs__py
[2.031s] [35m[1mConsolidate compiler generated dependencies of target serial_motor_msgs__rosidl_generator_py[0m
[2.065s] [ 87%] Built target serial_motor_msgs__rosidl_generator_py
[2.091s] [35m[1mConsolidate compiler generated dependencies of target serial_motor_msgs__rosidl_typesupport_fastrtps_c__pyext[0m
[2.095s] [35m[1mConsolidate compiler generated dependencies of target serial_motor_msgs__rosidl_typesupport_c__pyext[0m
[2.108s] [35m[1mConsolidate compiler generated dependencies of target serial_motor_msgs__rosidl_typesupport_introspection_c__pyext[0m
[2.125s] [ 91%] Built target serial_motor_msgs__rosidl_typesupport_fastrtps_c__pyext
[2.129s] [ 95%] Built target serial_motor_msgs__rosidl_typesupport_c__pyext
[2.145s] [100%] Built target serial_motor_msgs__rosidl_typesupport_introspection_c__pyext
[2.463s] running egg_info
[2.464s] writing serial_motor_msgs.egg-info/PKG-INFO
[2.471s] writing dependency_links to serial_motor_msgs.egg-info/dependency_links.txt
[2.471s] writing top-level names to serial_motor_msgs.egg-info/top_level.txt
[2.477s] reading manifest file 'serial_motor_msgs.egg-info/SOURCES.txt'
[2.578s] writing manifest file 'serial_motor_msgs.egg-info/SOURCES.txt'
[2.629s] [100%] Built target ament_cmake_python_build_serial_motor_msgs_egg
[2.651s] Invoked command in '/home/rikverhoeven/Documents/coding/ROS_auto_robot/control_robot_test/serial_motor_demo_ws/build/serial_motor_msgs' returned '0': CMAKE_PREFIX_PATH=${CMAKE_PREFIX_PATH}:/home/rikverhoeven/Documents/coding/ROS_auto_robot/ros2_01_ws/install/py_srvcli:/home/rikverhoeven/Documents/coding/ROS_auto_robot/control_robot_test/serial_motor_demo_ws/install/serial_motor_demo:/home/rikverhoeven/Documents/coding/ROS_auto_robot/ros2_01_ws/install/py_pubsub:/home/rikverhoeven/Documents/coding/ROS_auto_robot/ros2_01_ws/install/kimbo_control_dc_motor:/opt/ros/humble /usr/bin/cmake --build /home/rikverhoeven/Documents/coding/ROS_auto_robot/control_robot_test/serial_motor_demo_ws/build/serial_motor_msgs -- -j8 -l8
[2.824s] Invoking command in '/home/rikverhoeven/Documents/coding/ROS_auto_robot/control_robot_test/serial_motor_demo_ws/build/serial_motor_msgs': CMAKE_PREFIX_PATH=${CMAKE_PREFIX_PATH}:/home/rikverhoeven/Documents/coding/ROS_auto_robot/ros2_01_ws/install/py_srvcli:/home/rikverhoeven/Documents/coding/ROS_auto_robot/control_robot_test/serial_motor_demo_ws/install/serial_motor_demo:/home/rikverhoeven/Documents/coding/ROS_auto_robot/ros2_01_ws/install/py_pubsub:/home/rikverhoeven/Documents/coding/ROS_auto_robot/ros2_01_ws/install/kimbo_control_dc_motor:/opt/ros/humble /usr/bin/cmake --install /home/rikverhoeven/Documents/coding/ROS_auto_robot/control_robot_test/serial_motor_demo_ws/build/serial_motor_msgs
[2.834s] -- Install configuration: ""
[2.835s] -- Execute custom install script
[2.836s] -- Up-to-date symlink: /home/rikverhoeven/Documents/coding/ROS_auto_robot/control_robot_test/serial_motor_demo_ws/install/serial_motor_msgs/share/ament_index/resource_index/rosidl_interfaces/serial_motor_msgs
[2.837s] -- Up-to-date symlink: /home/rikverhoeven/Documents/coding/ROS_auto_robot/control_robot_test/serial_motor_demo_ws/install/serial_motor_msgs/include/serial_motor_msgs/serial_motor_msgs/msg/detail/encoder_vals__functions.h
[2.837s] -- Up-to-date symlink: /home/rikverhoeven/Documents/coding/ROS_auto_robot/control_robot_test/serial_motor_demo_ws/install/serial_motor_msgs/include/serial_motor_msgs/serial_motor_msgs/msg/detail/encoder_vals__struct.h
[2.837s] -- Up-to-date symlink: /home/rikverhoeven/Documents/coding/ROS_auto_robot/control_robot_test/serial_motor_demo_ws/install/serial_motor_msgs/include/serial_motor_msgs/serial_motor_msgs/msg/detail/encoder_vals__type_support.h
[2.838s] -- Up-to-date symlink: /home/rikverhoeven/Documents/coding/ROS_auto_robot/control_robot_test/serial_motor_demo_ws/install/serial_motor_msgs/include/serial_motor_msgs/serial_motor_msgs/msg/detail/motor_command__functions.h
[2.838s] -- Up-to-date symlink: /home/rikverhoeven/Documents/coding/ROS_auto_robot/control_robot_test/serial_motor_demo_ws/install/serial_motor_msgs/include/serial_motor_msgs/serial_motor_msgs/msg/detail/motor_command__struct.h
[2.838s] -- Up-to-date symlink: /home/rikverhoeven/Documents/coding/ROS_auto_robot/control_robot_test/serial_motor_demo_ws/install/serial_motor_msgs/include/serial_motor_msgs/serial_motor_msgs/msg/detail/motor_command__type_support.h
[2.839s] -- Up-to-date symlink: /home/rikverhoeven/Documents/coding/ROS_auto_robot/control_robot_test/serial_motor_demo_ws/install/serial_motor_msgs/include/serial_motor_msgs/serial_motor_msgs/msg/detail/motor_vels__functions.h
[2.839s] -- Up-to-date symlink: /home/rikverhoeven/Documents/coding/ROS_auto_robot/control_robot_test/serial_motor_demo_ws/install/serial_motor_msgs/include/serial_motor_msgs/serial_motor_msgs/msg/detail/motor_vels__struct.h
[2.839s] -- Up-to-date symlink: /home/rikverhoeven/Documents/coding/ROS_auto_robot/control_robot_test/serial_motor_demo_ws/install/serial_motor_msgs/include/serial_motor_msgs/serial_motor_msgs/msg/detail/motor_vels__type_support.h
[2.840s] -- Up-to-date symlink: /home/rikverhoeven/Documents/coding/ROS_auto_robot/control_robot_test/serial_motor_demo_ws/install/serial_motor_msgs/include/serial_motor_msgs/serial_motor_msgs/msg/encoder_vals.h
[2.840s] -- Up-to-date symlink: /home/rikverhoeven/Documents/coding/ROS_auto_robot/control_robot_test/serial_motor_demo_ws/install/serial_motor_msgs/include/serial_motor_msgs/serial_motor_msgs/msg/motor_command.h
[2.840s] -- Up-to-date symlink: /home/rikverhoeven/Documents/coding/ROS_auto_robot/control_robot_test/serial_motor_demo_ws/install/serial_motor_msgs/include/serial_motor_msgs/serial_motor_msgs/msg/motor_vels.h
[2.841s] -- Up-to-date symlink: /home/rikverhoeven/Documents/coding/ROS_auto_robot/control_robot_test/serial_motor_demo_ws/install/serial_motor_msgs/include/serial_motor_msgs/serial_motor_msgs/msg/rosidl_generator_c__visibility_control.h
[2.841s] -- Up-to-date symlink: /home/rikverhoeven/Documents/coding/ROS_auto_robot/control_robot_test/serial_motor_demo_ws/install/serial_motor_msgs/share/serial_motor_msgs/environment/library_path.sh
[2.841s] -- Up-to-date symlink: /home/rikverhoeven/Documents/coding/ROS_auto_robot/control_robot_test/serial_motor_demo_ws/install/serial_motor_msgs/share/serial_motor_msgs/environment/library_path.dsv
[2.842s] -- Up-to-date symlink: /home/rikverhoeven/Documents/coding/ROS_auto_robot/control_robot_test/serial_motor_demo_ws/install/serial_motor_msgs/include/serial_motor_msgs/serial_motor_msgs/msg/detail/encoder_vals__rosidl_typesupport_fastrtps_c.h
[2.843s] -- Up-to-date symlink: /home/rikverhoeven/Documents/coding/ROS_auto_robot/control_robot_test/serial_motor_demo_ws/install/serial_motor_msgs/include/serial_motor_msgs/serial_motor_msgs/msg/detail/motor_command__rosidl_typesupport_fastrtps_c.h
[2.843s] -- Up-to-date symlink: /home/rikverhoeven/Documents/coding/ROS_auto_robot/control_robot_test/serial_motor_demo_ws/install/serial_motor_msgs/include/serial_motor_msgs/serial_motor_msgs/msg/detail/motor_vels__rosidl_typesupport_fastrtps_c.h
[2.843s] -- Up-to-date symlink: /home/rikverhoeven/Documents/coding/ROS_auto_robot/control_robot_test/serial_motor_demo_ws/install/serial_motor_msgs/include/serial_motor_msgs/serial_motor_msgs/msg/rosidl_typesupport_fastrtps_c__visibility_control.h
[2.844s] -- Up-to-date symlink: /home/rikverhoeven/Documents/coding/ROS_auto_robot/control_robot_test/serial_motor_demo_ws/install/serial_motor_msgs/include/serial_motor_msgs/serial_motor_msgs/msg/detail/encoder_vals__rosidl_typesupport_introspection_c.h
[2.844s] -- Up-to-date symlink: /home/rikverhoeven/Documents/coding/ROS_auto_robot/control_robot_test/serial_motor_demo_ws/install/serial_motor_msgs/include/serial_motor_msgs/serial_motor_msgs/msg/detail/motor_command__rosidl_typesupport_introspection_c.h
[2.845s] -- Up-to-date symlink: /home/rikverhoeven/Documents/coding/ROS_auto_robot/control_robot_test/serial_motor_demo_ws/install/serial_motor_msgs/include/serial_motor_msgs/serial_motor_msgs/msg/detail/motor_vels__rosidl_typesupport_introspection_c.h
[2.845s] -- Up-to-date symlink: /home/rikverhoeven/Documents/coding/ROS_auto_robot/control_robot_test/serial_motor_demo_ws/install/serial_motor_msgs/include/serial_motor_msgs/serial_motor_msgs/msg/rosidl_typesupport_introspection_c__visibility_control.h
[2.846s] -- Up-to-date symlink: /home/rikverhoeven/Documents/coding/ROS_auto_robot/control_robot_test/serial_motor_demo_ws/install/serial_motor_msgs/include/serial_motor_msgs/serial_motor_msgs/msg/detail/encoder_vals__builder.hpp
[2.846s] -- Up-to-date symlink: /home/rikverhoeven/Documents/coding/ROS_auto_robot/control_robot_test/serial_motor_demo_ws/install/serial_motor_msgs/include/serial_motor_msgs/serial_motor_msgs/msg/detail/encoder_vals__struct.hpp
[2.846s] -- Up-to-date symlink: /home/rikverhoeven/Documents/coding/ROS_auto_robot/control_robot_test/serial_motor_demo_ws/install/serial_motor_msgs/include/serial_motor_msgs/serial_motor_msgs/msg/detail/encoder_vals__traits.hpp
[2.847s] -- Up-to-date symlink: /home/rikverhoeven/Documents/coding/ROS_auto_robot/control_robot_test/serial_motor_demo_ws/install/serial_motor_msgs/include/serial_motor_msgs/serial_motor_msgs/msg/detail/motor_command__builder.hpp
[2.847s] -- Up-to-date symlink: /home/rikverhoeven/Documents/coding/ROS_auto_robot/control_robot_test/serial_motor_demo_ws/install/serial_motor_msgs/include/serial_motor_msgs/serial_motor_msgs/msg/detail/motor_command__struct.hpp
[2.847s] -- Up-to-date symlink: /home/rikverhoeven/Documents/coding/ROS_auto_robot/control_robot_test/serial_motor_demo_ws/install/serial_motor_msgs/include/serial_motor_msgs/serial_motor_msgs/msg/detail/motor_command__traits.hpp
[2.848s] -- Up-to-date symlink: /home/rikverhoeven/Documents/coding/ROS_auto_robot/control_robot_test/serial_motor_demo_ws/install/serial_motor_msgs/include/serial_motor_msgs/serial_motor_msgs/msg/detail/motor_vels__builder.hpp
[2.848s] -- Up-to-date symlink: /home/rikverhoeven/Documents/coding/ROS_auto_robot/control_robot_test/serial_motor_demo_ws/install/serial_motor_msgs/include/serial_motor_msgs/serial_motor_msgs/msg/detail/motor_vels__struct.hpp
[2.848s] -- Up-to-date symlink: /home/rikverhoeven/Documents/coding/ROS_auto_robot/control_robot_test/serial_motor_demo_ws/install/serial_motor_msgs/include/serial_motor_msgs/serial_motor_msgs/msg/detail/motor_vels__traits.hpp
[2.849s] -- Up-to-date symlink: /home/rikverhoeven/Documents/coding/ROS_auto_robot/control_robot_test/serial_motor_demo_ws/install/serial_motor_msgs/include/serial_motor_msgs/serial_motor_msgs/msg/encoder_vals.hpp
[2.849s] -- Up-to-date symlink: /home/rikverhoeven/Documents/coding/ROS_auto_robot/control_robot_test/serial_motor_demo_ws/install/serial_motor_msgs/include/serial_motor_msgs/serial_motor_msgs/msg/motor_command.hpp
[2.849s] -- Up-to-date symlink: /home/rikverhoeven/Documents/coding/ROS_auto_robot/control_robot_test/serial_motor_demo_ws/install/serial_motor_msgs/include/serial_motor_msgs/serial_motor_msgs/msg/motor_vels.hpp
[2.851s] -- Up-to-date symlink: /home/rikverhoeven/Documents/coding/ROS_auto_robot/control_robot_test/serial_motor_demo_ws/install/serial_motor_msgs/include/serial_motor_msgs/serial_motor_msgs/msg/detail/encoder_vals__rosidl_typesupport_fastrtps_cpp.hpp
[2.851s] -- Up-to-date symlink: /home/rikverhoeven/Documents/coding/ROS_auto_robot/control_robot_test/serial_motor_demo_ws/install/serial_motor_msgs/include/serial_motor_msgs/serial_motor_msgs/msg/detail/motor_command__rosidl_typesupport_fastrtps_cpp.hpp
[2.851s] -- Up-to-date symlink: /home/rikverhoeven/Documents/coding/ROS_auto_robot/control_robot_test/serial_motor_demo_ws/install/serial_motor_msgs/include/serial_motor_msgs/serial_motor_msgs/msg/detail/motor_vels__rosidl_typesupport_fastrtps_cpp.hpp
[2.851s] -- Up-to-date symlink: /home/rikverhoeven/Documents/coding/ROS_auto_robot/control_robot_test/serial_motor_demo_ws/install/serial_motor_msgs/include/serial_motor_msgs/serial_motor_msgs/msg/rosidl_typesupport_fastrtps_cpp__visibility_control.h
[2.852s] -- Up-to-date symlink: /home/rikverhoeven/Documents/coding/ROS_auto_robot/control_robot_test/serial_motor_demo_ws/install/serial_motor_msgs/include/serial_motor_msgs/serial_motor_msgs/msg/detail/encoder_vals__rosidl_typesupport_introspection_cpp.hpp
[2.853s] -- Up-to-date symlink: /home/rikverhoeven/Documents/coding/ROS_auto_robot/control_robot_test/serial_motor_demo_ws/install/serial_motor_msgs/include/serial_motor_msgs/serial_motor_msgs/msg/detail/motor_command__rosidl_typesupport_introspection_cpp.hpp
[2.853s] -- Up-to-date symlink: /home/rikverhoeven/Documents/coding/ROS_auto_robot/control_robot_test/serial_motor_demo_ws/install/serial_motor_msgs/include/serial_motor_msgs/serial_motor_msgs/msg/detail/motor_vels__rosidl_typesupport_introspection_cpp.hpp
[2.853s] -- Up-to-date symlink: /home/rikverhoeven/Documents/coding/ROS_auto_robot/control_robot_test/serial_motor_demo_ws/install/serial_motor_msgs/share/serial_motor_msgs/environment/pythonpath.sh
[2.854s] -- Up-to-date symlink: /home/rikverhoeven/Documents/coding/ROS_auto_robot/control_robot_test/serial_motor_demo_ws/install/serial_motor_msgs/share/serial_motor_msgs/environment/pythonpath.dsv
[2.855s] -- Up-to-date symlink: /home/rikverhoeven/Documents/coding/ROS_auto_robot/control_robot_test/serial_motor_demo_ws/install/serial_motor_msgs/local/lib/python3.10/dist-packages/serial_motor_msgs-0.0.0-py3.10.egg-info/PKG-INFO
[2.855s] -- Up-to-date symlink: /home/rikverhoeven/Documents/coding/ROS_auto_robot/control_robot_test/serial_motor_demo_ws/install/serial_motor_msgs/local/lib/python3.10/dist-packages/serial_motor_msgs-0.0.0-py3.10.egg-info/SOURCES.txt
[2.855s] -- Up-to-date symlink: /home/rikverhoeven/Documents/coding/ROS_auto_robot/control_robot_test/serial_motor_demo_ws/install/serial_motor_msgs/local/lib/python3.10/dist-packages/serial_motor_msgs-0.0.0-py3.10.egg-info/dependency_links.txt
[2.856s] -- Up-to-date symlink: /home/rikverhoeven/Documents/coding/ROS_auto_robot/control_robot_test/serial_motor_demo_ws/install/serial_motor_msgs/local/lib/python3.10/dist-packages/serial_motor_msgs-0.0.0-py3.10.egg-info/top_level.txt
[2.857s] -- Up-to-date symlink: /home/rikverhoeven/Documents/coding/ROS_auto_robot/control_robot_test/serial_motor_demo_ws/install/serial_motor_msgs/local/lib/python3.10/dist-packages/serial_motor_msgs/__init__.py
[2.857s] -- Up-to-date symlink: /home/rikverhoeven/Documents/coding/ROS_auto_robot/control_robot_test/serial_motor_demo_ws/install/serial_motor_msgs/local/lib/python3.10/dist-packages/serial_motor_msgs/_serial_motor_msgs_s.ep.rosidl_typesupport_c.c
[2.858s] -- Up-to-date symlink: /home/rikverhoeven/Documents/coding/ROS_auto_robot/control_robot_test/serial_motor_demo_ws/install/serial_motor_msgs/local/lib/python3.10/dist-packages/serial_motor_msgs/_serial_motor_msgs_s.ep.rosidl_typesupport_fastrtps_c.c
[2.858s] -- Up-to-date symlink: /home/rikverhoeven/Documents/coding/ROS_auto_robot/control_robot_test/serial_motor_demo_ws/install/serial_motor_msgs/local/lib/python3.10/dist-packages/serial_motor_msgs/_serial_motor_msgs_s.ep.rosidl_typesupport_introspection_c.c
[2.858s] -- Up-to-date symlink: /home/rikverhoeven/Documents/coding/ROS_auto_robot/control_robot_test/serial_motor_demo_ws/install/serial_motor_msgs/local/lib/python3.10/dist-packages/serial_motor_msgs/libserial_motor_msgs__rosidl_generator_py.so
[2.859s] -- Up-to-date symlink: /home/rikverhoeven/Documents/coding/ROS_auto_robot/control_robot_test/serial_motor_demo_ws/install/serial_motor_msgs/local/lib/python3.10/dist-packages/serial_motor_msgs/msg/__init__.py
[2.859s] -- Up-to-date symlink: /home/rikverhoeven/Documents/coding/ROS_auto_robot/control_robot_test/serial_motor_demo_ws/install/serial_motor_msgs/local/lib/python3.10/dist-packages/serial_motor_msgs/msg/_encoder_vals.py
[2.859s] -- Up-to-date symlink: /home/rikverhoeven/Documents/coding/ROS_auto_robot/control_robot_test/serial_motor_demo_ws/install/serial_motor_msgs/local/lib/python3.10/dist-packages/serial_motor_msgs/msg/_encoder_vals_s.c
[2.859s] -- Up-to-date symlink: /home/rikverhoeven/Documents/coding/ROS_auto_robot/control_robot_test/serial_motor_demo_ws/install/serial_motor_msgs/local/lib/python3.10/dist-packages/serial_motor_msgs/msg/_motor_command.py
[2.860s] -- Up-to-date symlink: /home/rikverhoeven/Documents/coding/ROS_auto_robot/control_robot_test/serial_motor_demo_ws/install/serial_motor_msgs/local/lib/python3.10/dist-packages/serial_motor_msgs/msg/_motor_command_s.c
[2.860s] -- Up-to-date symlink: /home/rikverhoeven/Documents/coding/ROS_auto_robot/control_robot_test/serial_motor_demo_ws/install/serial_motor_msgs/local/lib/python3.10/dist-packages/serial_motor_msgs/msg/_motor_vels.py
[2.860s] -- Up-to-date symlink: /home/rikverhoeven/Documents/coding/ROS_auto_robot/control_robot_test/serial_motor_demo_ws/install/serial_motor_msgs/local/lib/python3.10/dist-packages/serial_motor_msgs/msg/_motor_vels_s.c
[2.861s] -- Up-to-date symlink: /home/rikverhoeven/Documents/coding/ROS_auto_robot/control_robot_test/serial_motor_demo_ws/install/serial_motor_msgs/local/lib/python3.10/dist-packages/serial_motor_msgs/serial_motor_msgs_s__rosidl_typesupport_c.cpython-310-x86_64-linux-gnu.so
[2.861s] -- Up-to-date symlink: /home/rikverhoeven/Documents/coding/ROS_auto_robot/control_robot_test/serial_motor_demo_ws/install/serial_motor_msgs/local/lib/python3.10/dist-packages/serial_motor_msgs/serial_motor_msgs_s__rosidl_typesupport_fastrtps_c.cpython-310-x86_64-linux-gnu.so
[2.862s] -- Up-to-date symlink: /home/rikverhoeven/Documents/coding/ROS_auto_robot/control_robot_test/serial_motor_demo_ws/install/serial_motor_msgs/local/lib/python3.10/dist-packages/serial_motor_msgs/serial_motor_msgs_s__rosidl_typesupport_introspection_c.cpython-310-x86_64-linux-gnu.so
[2.863s] -- Up-to-date symlink: /home/rikverhoeven/Documents/coding/ROS_auto_robot/control_robot_test/serial_motor_demo_ws/install/serial_motor_msgs/local/lib/python3.10/dist-packages/serial_motor_msgs/serial_motor_msgs_s__rosidl_typesupport_fastrtps_c.cpython-310-x86_64-linux-gnu.so
[2.863s] -- Up-to-date symlink: /home/rikverhoeven/Documents/coding/ROS_auto_robot/control_robot_test/serial_motor_demo_ws/install/serial_motor_msgs/local/lib/python3.10/dist-packages/serial_motor_msgs/serial_motor_msgs_s__rosidl_typesupport_introspection_c.cpython-310-x86_64-linux-gnu.so
[2.864s] -- Up-to-date symlink: /home/rikverhoeven/Documents/coding/ROS_auto_robot/control_robot_test/serial_motor_demo_ws/install/serial_motor_msgs/local/lib/python3.10/dist-packages/serial_motor_msgs/serial_motor_msgs_s__rosidl_typesupport_c.cpython-310-x86_64-linux-gnu.so
[2.865s] -- Up-to-date symlink: /home/rikverhoeven/Documents/coding/ROS_auto_robot/control_robot_test/serial_motor_demo_ws/install/serial_motor_msgs/share/serial_motor_msgs/msg/MotorCommand.idl
[2.865s] -- Up-to-date symlink: /home/rikverhoeven/Documents/coding/ROS_auto_robot/control_robot_test/serial_motor_demo_ws/install/serial_motor_msgs/share/serial_motor_msgs/msg/MotorVels.idl
[2.866s] -- Up-to-date symlink: /home/rikverhoeven/Documents/coding/ROS_auto_robot/control_robot_test/serial_motor_demo_ws/install/serial_motor_msgs/share/serial_motor_msgs/msg/EncoderVals.idl
[2.866s] -- Up-to-date symlink: /home/rikverhoeven/Documents/coding/ROS_auto_robot/control_robot_test/serial_motor_demo_ws/install/serial_motor_msgs/share/serial_motor_msgs/msg/MotorCommand.msg
[2.867s] -- Up-to-date symlink: /home/rikverhoeven/Documents/coding/ROS_auto_robot/control_robot_test/serial_motor_demo_ws/install/serial_motor_msgs/share/serial_motor_msgs/msg/MotorVels.msg
[2.867s] -- Up-to-date symlink: /home/rikverhoeven/Documents/coding/ROS_auto_robot/control_robot_test/serial_motor_demo_ws/install/serial_motor_msgs/share/serial_motor_msgs/msg/EncoderVals.msg
[2.868s] -- Up-to-date symlink: /home/rikverhoeven/Documents/coding/ROS_auto_robot/control_robot_test/serial_motor_demo_ws/install/serial_motor_msgs/share/ament_index/resource_index/package_run_dependencies/serial_motor_msgs
[2.868s] -- Up-to-date symlink: /home/rikverhoeven/Documents/coding/ROS_auto_robot/control_robot_test/serial_motor_demo_ws/install/serial_motor_msgs/share/ament_index/resource_index/parent_prefix_path/serial_motor_msgs
[2.869s] -- Up-to-date symlink: /home/rikverhoeven/Documents/coding/ROS_auto_robot/control_robot_test/serial_motor_demo_ws/install/serial_motor_msgs/share/serial_motor_msgs/environment/ament_prefix_path.sh
[2.869s] -- Up-to-date symlink: /home/rikverhoeven/Documents/coding/ROS_auto_robot/control_robot_test/serial_motor_demo_ws/install/serial_motor_msgs/share/serial_motor_msgs/environment/ament_prefix_path.dsv
[2.870s] -- Up-to-date symlink: /home/rikverhoeven/Documents/coding/ROS_auto_robot/control_robot_test/serial_motor_demo_ws/install/serial_motor_msgs/share/serial_motor_msgs/environment/path.sh
[2.870s] -- Up-to-date symlink: /home/rikverhoeven/Documents/coding/ROS_auto_robot/control_robot_test/serial_motor_demo_ws/install/serial_motor_msgs/share/serial_motor_msgs/environment/path.dsv
[2.871s] -- Up-to-date symlink: /home/rikverhoeven/Documents/coding/ROS_auto_robot/control_robot_test/serial_motor_demo_ws/install/serial_motor_msgs/share/serial_motor_msgs/local_setup.bash
[2.871s] -- Up-to-date symlink: /home/rikverhoeven/Documents/coding/ROS_auto_robot/control_robot_test/serial_motor_demo_ws/install/serial_motor_msgs/share/serial_motor_msgs/local_setup.sh
[2.871s] -- Up-to-date symlink: /home/rikverhoeven/Documents/coding/ROS_auto_robot/control_robot_test/serial_motor_demo_ws/install/serial_motor_msgs/share/serial_motor_msgs/local_setup.zsh
[2.872s] -- Up-to-date symlink: /home/rikverhoeven/Documents/coding/ROS_auto_robot/control_robot_test/serial_motor_demo_ws/install/serial_motor_msgs/share/serial_motor_msgs/local_setup.dsv
[2.872s] -- Symlinking: /home/rikverhoeven/Documents/coding/ROS_auto_robot/control_robot_test/serial_motor_demo_ws/install/serial_motor_msgs/share/serial_motor_msgs/package.dsv
[2.888s] -- Up-to-date symlink: /home/rikverhoeven/Documents/coding/ROS_auto_robot/control_robot_test/serial_motor_demo_ws/install/serial_motor_msgs/share/ament_index/resource_index/packages/serial_motor_msgs
[2.888s] -- Up-to-date symlink: /home/rikverhoeven/Documents/coding/ROS_auto_robot/control_robot_test/serial_motor_demo_ws/install/serial_motor_msgs/share/serial_motor_msgs/cmake/rosidl_cmake-extras.cmake
[2.889s] -- Up-to-date symlink: /home/rikverhoeven/Documents/coding/ROS_auto_robot/control_robot_test/serial_motor_demo_ws/install/serial_motor_msgs/share/serial_motor_msgs/cmake/ament_cmake_export_include_directories-extras.cmake
[2.889s] -- Up-to-date symlink: /home/rikverhoeven/Documents/coding/ROS_auto_robot/control_robot_test/serial_motor_demo_ws/install/serial_motor_msgs/share/serial_motor_msgs/cmake/ament_cmake_export_libraries-extras.cmake
[2.890s] -- Up-to-date symlink: /home/rikverhoeven/Documents/coding/ROS_auto_robot/control_robot_test/serial_motor_demo_ws/install/serial_motor_msgs/share/serial_motor_msgs/cmake/ament_cmake_export_targets-extras.cmake
[2.890s] -- Up-to-date symlink: /home/rikverhoeven/Documents/coding/ROS_auto_robot/control_robot_test/serial_motor_demo_ws/install/serial_motor_msgs/share/serial_motor_msgs/cmake/rosidl_cmake_export_typesupport_targets-extras.cmake
[2.891s] -- Up-to-date symlink: /home/rikverhoeven/Documents/coding/ROS_auto_robot/control_robot_test/serial_motor_demo_ws/install/serial_motor_msgs/share/serial_motor_msgs/cmake/ament_cmake_export_dependencies-extras.cmake
[2.891s] -- Up-to-date symlink: /home/rikverhoeven/Documents/coding/ROS_auto_robot/control_robot_test/serial_motor_demo_ws/install/serial_motor_msgs/share/serial_motor_msgs/cmake/rosidl_cmake_export_typesupport_libraries-extras.cmake
[2.891s] -- Up-to-date symlink: /home/rikverhoeven/Documents/coding/ROS_auto_robot/control_robot_test/serial_motor_demo_ws/install/serial_motor_msgs/share/serial_motor_msgs/cmake/serial_motor_msgsConfig.cmake
[2.892s] -- Up-to-date symlink: /home/rikverhoeven/Documents/coding/ROS_auto_robot/control_robot_test/serial_motor_demo_ws/install/serial_motor_msgs/share/serial_motor_msgs/cmake/serial_motor_msgsConfig-version.cmake
[2.892s] -- Up-to-date symlink: /home/rikverhoeven/Documents/coding/ROS_auto_robot/control_robot_test/serial_motor_demo_ws/install/serial_motor_msgs/share/serial_motor_msgs/package.xml
[2.893s] -- Up-to-date: /home/rikverhoeven/Documents/coding/ROS_auto_robot/control_robot_test/serial_motor_demo_ws/install/serial_motor_msgs/lib/libserial_motor_msgs__rosidl_generator_c.so
[2.893s] -- Up-to-date: /home/rikverhoeven/Documents/coding/ROS_auto_robot/control_robot_test/serial_motor_demo_ws/install/serial_motor_msgs/lib/libserial_motor_msgs__rosidl_typesupport_fastrtps_c.so
[2.894s] -- Up-to-date: /home/rikverhoeven/Documents/coding/ROS_auto_robot/control_robot_test/serial_motor_demo_ws/install/serial_motor_msgs/lib/libserial_motor_msgs__rosidl_typesupport_introspection_c.so
[2.895s] -- Up-to-date: /home/rikverhoeven/Documents/coding/ROS_auto_robot/control_robot_test/serial_motor_demo_ws/install/serial_motor_msgs/lib/libserial_motor_msgs__rosidl_typesupport_c.so
[2.895s] -- Up-to-date: /home/rikverhoeven/Documents/coding/ROS_auto_robot/control_robot_test/serial_motor_demo_ws/install/serial_motor_msgs/lib/libserial_motor_msgs__rosidl_typesupport_fastrtps_cpp.so
[2.896s] -- Up-to-date: /home/rikverhoeven/Documents/coding/ROS_auto_robot/control_robot_test/serial_motor_demo_ws/install/serial_motor_msgs/lib/libserial_motor_msgs__rosidl_typesupport_introspection_cpp.so
[2.896s] -- Up-to-date: /home/rikverhoeven/Documents/coding/ROS_auto_robot/control_robot_test/serial_motor_demo_ws/install/serial_motor_msgs/lib/libserial_motor_msgs__rosidl_typesupport_cpp.so
[2.970s] Listing '/home/rikverhoeven/Documents/coding/ROS_auto_robot/control_robot_test/serial_motor_demo_ws/install/serial_motor_msgs/local/lib/python3.10/dist-packages/serial_motor_msgs'...
[2.970s] Compiling '/home/rikverhoeven/Documents/coding/ROS_auto_robot/control_robot_test/serial_motor_demo_ws/install/serial_motor_msgs/local/lib/python3.10/dist-packages/serial_motor_msgs/__init__.py'...
[2.970s] Listing '/home/rikverhoeven/Documents/coding/ROS_auto_robot/control_robot_test/serial_motor_demo_ws/install/serial_motor_msgs/local/lib/python3.10/dist-packages/serial_motor_msgs/msg'...
[2.975s] -- Up-to-date: /home/rikverhoeven/Documents/coding/ROS_auto_robot/control_robot_test/serial_motor_demo_ws/install/serial_motor_msgs/lib/libserial_motor_msgs__rosidl_generator_py.so
[2.976s] -- Up-to-date: /home/rikverhoeven/Documents/coding/ROS_auto_robot/control_robot_test/serial_motor_demo_ws/install/serial_motor_msgs/share/serial_motor_msgs/cmake/export_serial_motor_msgs__rosidl_generator_cExport.cmake
[2.976s] -- Up-to-date: /home/rikverhoeven/Documents/coding/ROS_auto_robot/control_robot_test/serial_motor_demo_ws/install/serial_motor_msgs/share/serial_motor_msgs/cmake/export_serial_motor_msgs__rosidl_generator_cExport-noconfig.cmake
[2.976s] -- Up-to-date: /home/rikverhoeven/Documents/coding/ROS_auto_robot/control_robot_test/serial_motor_demo_ws/install/serial_motor_msgs/share/serial_motor_msgs/cmake/export_serial_motor_msgs__rosidl_typesupport_fastrtps_cExport.cmake
[2.976s] -- Up-to-date: /home/rikverhoeven/Documents/coding/ROS_auto_robot/control_robot_test/serial_motor_demo_ws/install/serial_motor_msgs/share/serial_motor_msgs/cmake/export_serial_motor_msgs__rosidl_typesupport_fastrtps_cExport-noconfig.cmake
[2.977s] -- Up-to-date: /home/rikverhoeven/Documents/coding/ROS_auto_robot/control_robot_test/serial_motor_demo_ws/install/serial_motor_msgs/share/serial_motor_msgs/cmake/serial_motor_msgs__rosidl_typesupport_introspection_cExport.cmake
[2.977s] -- Up-to-date: /home/rikverhoeven/Documents/coding/ROS_auto_robot/control_robot_test/serial_motor_demo_ws/install/serial_motor_msgs/share/serial_motor_msgs/cmake/serial_motor_msgs__rosidl_typesupport_introspection_cExport-noconfig.cmake
[2.977s] -- Up-to-date: /home/rikverhoeven/Documents/coding/ROS_auto_robot/control_robot_test/serial_motor_demo_ws/install/serial_motor_msgs/share/serial_motor_msgs/cmake/serial_motor_msgs__rosidl_typesupport_cExport.cmake
[2.978s] -- Up-to-date: /home/rikverhoeven/Documents/coding/ROS_auto_robot/control_robot_test/serial_motor_demo_ws/install/serial_motor_msgs/share/serial_motor_msgs/cmake/serial_motor_msgs__rosidl_typesupport_cExport-noconfig.cmake
[2.978s] -- Up-to-date: /home/rikverhoeven/Documents/coding/ROS_auto_robot/control_robot_test/serial_motor_demo_ws/install/serial_motor_msgs/share/serial_motor_msgs/cmake/export_serial_motor_msgs__rosidl_generator_cppExport.cmake
[2.978s] -- Up-to-date: /home/rikverhoeven/Documents/coding/ROS_auto_robot/control_robot_test/serial_motor_demo_ws/install/serial_motor_msgs/share/serial_motor_msgs/cmake/export_serial_motor_msgs__rosidl_typesupport_fastrtps_cppExport.cmake
[2.978s] -- Up-to-date: /home/rikverhoeven/Documents/coding/ROS_auto_robot/control_robot_test/serial_motor_demo_ws/install/serial_motor_msgs/share/serial_motor_msgs/cmake/export_serial_motor_msgs__rosidl_typesupport_fastrtps_cppExport-noconfig.cmake
[2.978s] -- Up-to-date: /home/rikverhoeven/Documents/coding/ROS_auto_robot/control_robot_test/serial_motor_demo_ws/install/serial_motor_msgs/share/serial_motor_msgs/cmake/serial_motor_msgs__rosidl_typesupport_introspection_cppExport.cmake
[2.978s] -- Up-to-date: /home/rikverhoeven/Documents/coding/ROS_auto_robot/control_robot_test/serial_motor_demo_ws/install/serial_motor_msgs/share/serial_motor_msgs/cmake/serial_motor_msgs__rosidl_typesupport_introspection_cppExport-noconfig.cmake
[2.979s] -- Up-to-date: /home/rikverhoeven/Documents/coding/ROS_auto_robot/control_robot_test/serial_motor_demo_ws/install/serial_motor_msgs/share/serial_motor_msgs/cmake/serial_motor_msgs__rosidl_typesupport_cppExport.cmake
[2.979s] -- Up-to-date: /home/rikverhoeven/Documents/coding/ROS_auto_robot/control_robot_test/serial_motor_demo_ws/install/serial_motor_msgs/share/serial_motor_msgs/cmake/serial_motor_msgs__rosidl_typesupport_cppExport-noconfig.cmake
[2.979s] -- Up-to-date: /home/rikverhoeven/Documents/coding/ROS_auto_robot/control_robot_test/serial_motor_demo_ws/install/serial_motor_msgs/share/serial_motor_msgs/cmake/export_serial_motor_msgs__rosidl_generator_pyExport.cmake
[2.979s] -- Up-to-date: /home/rikverhoeven/Documents/coding/ROS_auto_robot/control_robot_test/serial_motor_demo_ws/install/serial_motor_msgs/share/serial_motor_msgs/cmake/export_serial_motor_msgs__rosidl_generator_pyExport-noconfig.cmake
[2.982s] Invoked command in '/home/rikverhoeven/Documents/coding/ROS_auto_robot/control_robot_test/serial_motor_demo_ws/build/serial_motor_msgs' returned '0': CMAKE_PREFIX_PATH=${CMAKE_PREFIX_PATH}:/home/rikverhoeven/Documents/coding/ROS_auto_robot/ros2_01_ws/install/py_srvcli:/home/rikverhoeven/Documents/coding/ROS_auto_robot/control_robot_test/serial_motor_demo_ws/install/serial_motor_demo:/home/rikverhoeven/Documents/coding/ROS_auto_robot/ros2_01_ws/install/py_pubsub:/home/rikverhoeven/Documents/coding/ROS_auto_robot/ros2_01_ws/install/kimbo_control_dc_motor:/opt/ros/humble /usr/bin/cmake --install /home/rikverhoeven/Documents/coding/ROS_auto_robot/control_robot_test/serial_motor_demo_ws/build/serial_motor_msgs
