[1.500s] Invoking command in '/home/rikverhoeven/Documents/coding/ROS_auto_robot/ros2_01_ws/src/py_pubsub': PYTHONPATH=/home/rikverhoeven/Documents/coding/ROS_auto_robot/ros2_01_ws/build/py_pubsub/prefix_override:/home/rikverhoeven/Documents/coding/ROS_auto_robot/ros2_01_ws/install/py_pubsub/lib/python3.10/site-packages:${PYTHONPATH} /usr/bin/python3 -W ignore:setup.py install is deprecated setup.py egg_info --egg-base ../../build/py_pubsub build --build-base /home/rikverhoeven/Documents/coding/ROS_auto_robot/ros2_01_ws/build/py_pubsub/build install --record /home/rikverhoeven/Documents/coding/ROS_auto_robot/ros2_01_ws/build/py_pubsub/install.log --single-version-externally-managed install_data
[1.944s] running egg_info
[1.945s] writing ../../build/py_pubsub/py_pubsub.egg-info/PKG-INFO
[1.945s] writing dependency_links to ../../build/py_pubsub/py_pubsub.egg-info/dependency_links.txt
[1.946s] writing entry points to ../../build/py_pubsub/py_pubsub.egg-info/entry_points.txt
[1.947s] writing requirements to ../../build/py_pubsub/py_pubsub.egg-info/requires.txt
[1.947s] writing top-level names to ../../build/py_pubsub/py_pubsub.egg-info/top_level.txt
[1.948s] reading manifest file '../../build/py_pubsub/py_pubsub.egg-info/SOURCES.txt'
[1.950s] adding license file 'LICENSE'
[1.951s] writing manifest file '../../build/py_pubsub/py_pubsub.egg-info/SOURCES.txt'
[1.951s] running build
[1.951s] running build_py
[1.951s] running install
[1.952s] running install_lib
[1.953s] running install_data
[1.953s] running install_egg_info
[1.955s] removing '/home/rikverhoeven/Documents/coding/ROS_auto_robot/ros2_01_ws/install/py_pubsub/lib/python3.10/site-packages/py_pubsub-0.0.0-py3.10.egg-info' (and everything under it)
[1.957s] Copying ../../build/py_pubsub/py_pubsub.egg-info to /home/rikverhoeven/Documents/coding/ROS_auto_robot/ros2_01_ws/install/py_pubsub/lib/python3.10/site-packages/py_pubsub-0.0.0-py3.10.egg-info
[1.958s] running install_scripts
[1.986s] Installing listener script to /home/rikverhoeven/Documents/coding/ROS_auto_robot/ros2_01_ws/install/py_pubsub/lib/py_pubsub
[1.986s] Installing talker script to /home/rikverhoeven/Documents/coding/ROS_auto_robot/ros2_01_ws/install/py_pubsub/lib/py_pubsub
[1.986s] writing list of installed files to '/home/rikverhoeven/Documents/coding/ROS_auto_robot/ros2_01_ws/build/py_pubsub/install.log'
[2.024s] Invoked command in '/home/rikverhoeven/Documents/coding/ROS_auto_robot/ros2_01_ws/src/py_pubsub' returned '0': PYTHONPATH=/home/rikverhoeven/Documents/coding/ROS_auto_robot/ros2_01_ws/build/py_pubsub/prefix_override:/home/rikverhoeven/Documents/coding/ROS_auto_robot/ros2_01_ws/install/py_pubsub/lib/python3.10/site-packages:${PYTHONPATH} /usr/bin/python3 -W ignore:setup.py install is deprecated setup.py egg_info --egg-base ../../build/py_pubsub build --build-base /home/rikverhoeven/Documents/coding/ROS_auto_robot/ros2_01_ws/build/py_pubsub/build install --record /home/rikverhoeven/Documents/coding/ROS_auto_robot/ros2_01_ws/build/py_pubsub/install.log --single-version-externally-managed install_data
