[0.017s] Invoking command in '/home/rikverhoeven/Documents/coding/ROS_auto_robot/control_robot_test/serial_motor_demo_ws/build/serial_motor_msgs': CMAKE_PREFIX_PATH=${CMAKE_PREFIX_PATH}:/home/rikverhoeven/Documents/coding/ROS_auto_robot/control_robot_test/serial_motor_demo_ws/install/serial_motor_demo:/home/rikverhoeven/Documents/coding/ROS_auto_robot/ros2_01_ws/install/py_srvcli:/home/rikverhoeven/Documents/coding/ROS_auto_robot/ros2_01_ws/install/py_pubsub:/home/rikverhoeven/Documents/coding/ROS_auto_robot/ros2_01_ws/install/kimbo_control_dc_motor:/opt/ros/humble /usr/bin/cmake --build /home/rikverhoeven/Documents/coding/ROS_auto_robot/control_robot_test/serial_motor_demo_ws/build/serial_motor_msgs -- -j8 -l8
[0.089s] [  1%] Built target serial_motor_msgs__cpp
[0.092s] [ 12%] Built target serial_motor_msgs__rosidl_generator_c
[0.100s] [ 12%] Built target ament_cmake_python_symlink_serial_motor_msgs
[0.157s] [ 23%] Built target serial_motor_msgs__rosidl_typesupport_c
[0.158s] [ 34%] Built target serial_motor_msgs__rosidl_typesupport_introspection_cpp
[0.159s] [ 46%] Built target serial_motor_msgs__rosidl_typesupport_cpp
[0.166s] [ 57%] Built target serial_motor_msgs__rosidl_typesupport_fastrtps_c
[0.167s] [ 68%] Built target serial_motor_msgs__rosidl_typesupport_fastrtps_cpp
[0.177s] [ 79%] Built target serial_motor_msgs__rosidl_typesupport_introspection_c
[0.208s] [ 79%] Built target serial_motor_msgs
[0.239s] [ 80%] Built target serial_motor_msgs__py
[0.273s] [ 90%] Built target serial_motor_msgs__rosidl_generator_py
[0.309s] [ 96%] Built target serial_motor_msgs__rosidl_typesupport_introspection_c__pyext
[0.310s] [ 96%] Built target serial_motor_msgs__rosidl_typesupport_c__pyext
[0.310s] [100%] Built target serial_motor_msgs__rosidl_typesupport_fastrtps_c__pyext
[0.581s] running egg_info
[0.582s] writing serial_motor_msgs.egg-info/PKG-INFO
[0.582s] writing dependency_links to serial_motor_msgs.egg-info/dependency_links.txt
[0.582s] writing top-level names to serial_motor_msgs.egg-info/top_level.txt
[0.587s] reading manifest file 'serial_motor_msgs.egg-info/SOURCES.txt'
[0.589s] writing manifest file 'serial_motor_msgs.egg-info/SOURCES.txt'
[0.626s] [100%] Built target ament_cmake_python_build_serial_motor_msgs_egg
[0.643s] Invoked command in '/home/rikverhoeven/Documents/coding/ROS_auto_robot/control_robot_test/serial_motor_demo_ws/build/serial_motor_msgs' returned '0': CMAKE_PREFIX_PATH=${CMAKE_PREFIX_PATH}:/home/rikverhoeven/Documents/coding/ROS_auto_robot/control_robot_test/serial_motor_demo_ws/install/serial_motor_demo:/home/rikverhoeven/Documents/coding/ROS_auto_robot/ros2_01_ws/install/py_srvcli:/home/rikverhoeven/Documents/coding/ROS_auto_robot/ros2_01_ws/install/py_pubsub:/home/rikverhoeven/Documents/coding/ROS_auto_robot/ros2_01_ws/install/kimbo_control_dc_motor:/opt/ros/humble /usr/bin/cmake --build /home/rikverhoeven/Documents/coding/ROS_auto_robot/control_robot_test/serial_motor_demo_ws/build/serial_motor_msgs -- -j8 -l8
[0.837s] Invoking command in '/home/rikverhoeven/Documents/coding/ROS_auto_robot/control_robot_test/serial_motor_demo_ws/build/serial_motor_msgs': CMAKE_PREFIX_PATH=${CMAKE_PREFIX_PATH}:/home/rikverhoeven/Documents/coding/ROS_auto_robot/control_robot_test/serial_motor_demo_ws/install/serial_motor_demo:/home/rikverhoeven/Documents/coding/ROS_auto_robot/ros2_01_ws/install/py_srvcli:/home/rikverhoeven/Documents/coding/ROS_auto_robot/ros2_01_ws/install/py_pubsub:/home/rikverhoeven/Documents/coding/ROS_auto_robot/ros2_01_ws/install/kimbo_control_dc_motor:/opt/ros/humble /usr/bin/cmake --install /home/rikverhoeven/Documents/coding/ROS_auto_robot/control_robot_test/serial_motor_demo_ws/build/serial_motor_msgs
[0.847s] -- Install configuration: ""
[0.848s] -- Execute custom install script
[0.848s] -- Up-to-date symlink: /home/rikverhoeven/Documents/coding/ROS_auto_robot/control_robot_test/serial_motor_demo_ws/install/serial_motor_msgs/share/ament_index/resource_index/rosidl_interfaces/serial_motor_msgs
[0.849s] -- Up-to-date symlink: /home/rikverhoeven/Documents/coding/ROS_auto_robot/control_robot_test/serial_motor_demo_ws/install/serial_motor_msgs/include/serial_motor_msgs/serial_motor_msgs/msg/custom_request.h
[0.849s] -- Up-to-date symlink: /home/rikverhoeven/Documents/coding/ROS_auto_robot/control_robot_test/serial_motor_demo_ws/install/serial_motor_msgs/include/serial_motor_msgs/serial_motor_msgs/msg/detail/custom_request__functions.h
[0.850s] -- Up-to-date symlink: /home/rikverhoeven/Documents/coding/ROS_auto_robot/control_robot_test/serial_motor_demo_ws/install/serial_motor_msgs/include/serial_motor_msgs/serial_motor_msgs/msg/detail/custom_request__struct.h
[0.850s] -- Up-to-date symlink: /home/rikverhoeven/Documents/coding/ROS_auto_robot/control_robot_test/serial_motor_demo_ws/install/serial_motor_msgs/include/serial_motor_msgs/serial_motor_msgs/msg/detail/custom_request__type_support.h
[0.850s] -- Up-to-date symlink: /home/rikverhoeven/Documents/coding/ROS_auto_robot/control_robot_test/serial_motor_demo_ws/install/serial_motor_msgs/include/serial_motor_msgs/serial_motor_msgs/msg/detail/encoder_vals__functions.h
[0.850s] -- Up-to-date symlink: /home/rikverhoeven/Documents/coding/ROS_auto_robot/control_robot_test/serial_motor_demo_ws/install/serial_motor_msgs/include/serial_motor_msgs/serial_motor_msgs/msg/detail/encoder_vals__struct.h
[0.850s] -- Up-to-date symlink: /home/rikverhoeven/Documents/coding/ROS_auto_robot/control_robot_test/serial_motor_demo_ws/install/serial_motor_msgs/include/serial_motor_msgs/serial_motor_msgs/msg/detail/encoder_vals__type_support.h
[0.851s] -- Up-to-date symlink: /home/rikverhoeven/Documents/coding/ROS_auto_robot/control_robot_test/serial_motor_demo_ws/install/serial_motor_msgs/include/serial_motor_msgs/serial_motor_msgs/msg/detail/motor_command__functions.h
[0.851s] -- Up-to-date symlink: /home/rikverhoeven/Documents/coding/ROS_auto_robot/control_robot_test/serial_motor_demo_ws/install/serial_motor_msgs/include/serial_motor_msgs/serial_motor_msgs/msg/detail/motor_command__struct.h
[0.851s] -- Up-to-date symlink: /home/rikverhoeven/Documents/coding/ROS_auto_robot/control_robot_test/serial_motor_demo_ws/install/serial_motor_msgs/include/serial_motor_msgs/serial_motor_msgs/msg/detail/motor_command__type_support.h
[0.851s] -- Up-to-date symlink: /home/rikverhoeven/Documents/coding/ROS_auto_robot/control_robot_test/serial_motor_demo_ws/install/serial_motor_msgs/include/serial_motor_msgs/serial_motor_msgs/msg/detail/motor_vels__functions.h
[0.852s] -- Up-to-date symlink: /home/rikverhoeven/Documents/coding/ROS_auto_robot/control_robot_test/serial_motor_demo_ws/install/serial_motor_msgs/include/serial_motor_msgs/serial_motor_msgs/msg/detail/motor_vels__struct.h
[0.852s] -- Up-to-date symlink: /home/rikverhoeven/Documents/coding/ROS_auto_robot/control_robot_test/serial_motor_demo_ws/install/serial_motor_msgs/include/serial_motor_msgs/serial_motor_msgs/msg/detail/motor_vels__type_support.h
[0.852s] -- Up-to-date symlink: /home/rikverhoeven/Documents/coding/ROS_auto_robot/control_robot_test/serial_motor_demo_ws/install/serial_motor_msgs/include/serial_motor_msgs/serial_motor_msgs/msg/detail/serial_log__functions.h
[0.852s] -- Up-to-date symlink: /home/rikverhoeven/Documents/coding/ROS_auto_robot/control_robot_test/serial_motor_demo_ws/install/serial_motor_msgs/include/serial_motor_msgs/serial_motor_msgs/msg/detail/serial_log__struct.h
[0.852s] -- Up-to-date symlink: /home/rikverhoeven/Documents/coding/ROS_auto_robot/control_robot_test/serial_motor_demo_ws/install/serial_motor_msgs/include/serial_motor_msgs/serial_motor_msgs/msg/detail/serial_log__type_support.h
[0.853s] -- Up-to-date symlink: /home/rikverhoeven/Documents/coding/ROS_auto_robot/control_robot_test/serial_motor_demo_ws/install/serial_motor_msgs/include/serial_motor_msgs/serial_motor_msgs/msg/encoder_vals.h
[0.853s] -- Up-to-date symlink: /home/rikverhoeven/Documents/coding/ROS_auto_robot/control_robot_test/serial_motor_demo_ws/install/serial_motor_msgs/include/serial_motor_msgs/serial_motor_msgs/msg/motor_command.h
[0.853s] -- Up-to-date symlink: /home/rikverhoeven/Documents/coding/ROS_auto_robot/control_robot_test/serial_motor_demo_ws/install/serial_motor_msgs/include/serial_motor_msgs/serial_motor_msgs/msg/motor_vels.h
[0.853s] -- Up-to-date symlink: /home/rikverhoeven/Documents/coding/ROS_auto_robot/control_robot_test/serial_motor_demo_ws/install/serial_motor_msgs/include/serial_motor_msgs/serial_motor_msgs/msg/rosidl_generator_c__visibility_control.h
[0.854s] -- Up-to-date symlink: /home/rikverhoeven/Documents/coding/ROS_auto_robot/control_robot_test/serial_motor_demo_ws/install/serial_motor_msgs/include/serial_motor_msgs/serial_motor_msgs/msg/serial_log.h
[0.854s] -- Up-to-date symlink: /home/rikverhoeven/Documents/coding/ROS_auto_robot/control_robot_test/serial_motor_demo_ws/install/serial_motor_msgs/share/serial_motor_msgs/environment/library_path.sh
[0.854s] -- Up-to-date symlink: /home/rikverhoeven/Documents/coding/ROS_auto_robot/control_robot_test/serial_motor_demo_ws/install/serial_motor_msgs/share/serial_motor_msgs/environment/library_path.dsv
[0.855s] -- Up-to-date symlink: /home/rikverhoeven/Documents/coding/ROS_auto_robot/control_robot_test/serial_motor_demo_ws/install/serial_motor_msgs/include/serial_motor_msgs/serial_motor_msgs/msg/detail/custom_request__rosidl_typesupport_fastrtps_c.h
[0.855s] -- Up-to-date symlink: /home/rikverhoeven/Documents/coding/ROS_auto_robot/control_robot_test/serial_motor_demo_ws/install/serial_motor_msgs/include/serial_motor_msgs/serial_motor_msgs/msg/detail/encoder_vals__rosidl_typesupport_fastrtps_c.h
[0.855s] -- Up-to-date symlink: /home/rikverhoeven/Documents/coding/ROS_auto_robot/control_robot_test/serial_motor_demo_ws/install/serial_motor_msgs/include/serial_motor_msgs/serial_motor_msgs/msg/detail/motor_command__rosidl_typesupport_fastrtps_c.h
[0.856s] -- Up-to-date symlink: /home/rikverhoeven/Documents/coding/ROS_auto_robot/control_robot_test/serial_motor_demo_ws/install/serial_motor_msgs/include/serial_motor_msgs/serial_motor_msgs/msg/detail/motor_vels__rosidl_typesupport_fastrtps_c.h
[0.856s] -- Up-to-date symlink: /home/rikverhoeven/Documents/coding/ROS_auto_robot/control_robot_test/serial_motor_demo_ws/install/serial_motor_msgs/include/serial_motor_msgs/serial_motor_msgs/msg/detail/serial_log__rosidl_typesupport_fastrtps_c.h
[0.856s] -- Up-to-date symlink: /home/rikverhoeven/Documents/coding/ROS_auto_robot/control_robot_test/serial_motor_demo_ws/install/serial_motor_msgs/include/serial_motor_msgs/serial_motor_msgs/msg/rosidl_typesupport_fastrtps_c__visibility_control.h
[0.857s] -- Up-to-date symlink: /home/rikverhoeven/Documents/coding/ROS_auto_robot/control_robot_test/serial_motor_demo_ws/install/serial_motor_msgs/include/serial_motor_msgs/serial_motor_msgs/msg/detail/custom_request__rosidl_typesupport_introspection_c.h
[0.857s] -- Up-to-date symlink: /home/rikverhoeven/Documents/coding/ROS_auto_robot/control_robot_test/serial_motor_demo_ws/install/serial_motor_msgs/include/serial_motor_msgs/serial_motor_msgs/msg/detail/encoder_vals__rosidl_typesupport_introspection_c.h
[0.857s] -- Up-to-date symlink: /home/rikverhoeven/Documents/coding/ROS_auto_robot/control_robot_test/serial_motor_demo_ws/install/serial_motor_msgs/include/serial_motor_msgs/serial_motor_msgs/msg/detail/motor_command__rosidl_typesupport_introspection_c.h
[0.857s] -- Up-to-date symlink: /home/rikverhoeven/Documents/coding/ROS_auto_robot/control_robot_test/serial_motor_demo_ws/install/serial_motor_msgs/include/serial_motor_msgs/serial_motor_msgs/msg/detail/motor_vels__rosidl_typesupport_introspection_c.h
[0.858s] -- Up-to-date symlink: /home/rikverhoeven/Documents/coding/ROS_auto_robot/control_robot_test/serial_motor_demo_ws/install/serial_motor_msgs/include/serial_motor_msgs/serial_motor_msgs/msg/detail/serial_log__rosidl_typesupport_introspection_c.h
[0.858s] -- Up-to-date symlink: /home/rikverhoeven/Documents/coding/ROS_auto_robot/control_robot_test/serial_motor_demo_ws/install/serial_motor_msgs/include/serial_motor_msgs/serial_motor_msgs/msg/rosidl_typesupport_introspection_c__visibility_control.h
[0.858s] -- Up-to-date symlink: /home/rikverhoeven/Documents/coding/ROS_auto_robot/control_robot_test/serial_motor_demo_ws/install/serial_motor_msgs/include/serial_motor_msgs/serial_motor_msgs/msg/custom_request.hpp
[0.859s] -- Up-to-date symlink: /home/rikverhoeven/Documents/coding/ROS_auto_robot/control_robot_test/serial_motor_demo_ws/install/serial_motor_msgs/include/serial_motor_msgs/serial_motor_msgs/msg/detail/custom_request__builder.hpp
[0.859s] -- Up-to-date symlink: /home/rikverhoeven/Documents/coding/ROS_auto_robot/control_robot_test/serial_motor_demo_ws/install/serial_motor_msgs/include/serial_motor_msgs/serial_motor_msgs/msg/detail/custom_request__struct.hpp
[0.859s] -- Up-to-date symlink: /home/rikverhoeven/Documents/coding/ROS_auto_robot/control_robot_test/serial_motor_demo_ws/install/serial_motor_msgs/include/serial_motor_msgs/serial_motor_msgs/msg/detail/custom_request__traits.hpp
[0.859s] -- Up-to-date symlink: /home/rikverhoeven/Documents/coding/ROS_auto_robot/control_robot_test/serial_motor_demo_ws/install/serial_motor_msgs/include/serial_motor_msgs/serial_motor_msgs/msg/detail/encoder_vals__builder.hpp
[0.859s] -- Up-to-date symlink: /home/rikverhoeven/Documents/coding/ROS_auto_robot/control_robot_test/serial_motor_demo_ws/install/serial_motor_msgs/include/serial_motor_msgs/serial_motor_msgs/msg/detail/encoder_vals__struct.hpp
[0.860s] -- Up-to-date symlink: /home/rikverhoeven/Documents/coding/ROS_auto_robot/control_robot_test/serial_motor_demo_ws/install/serial_motor_msgs/include/serial_motor_msgs/serial_motor_msgs/msg/detail/encoder_vals__traits.hpp
[0.860s] -- Up-to-date symlink: /home/rikverhoeven/Documents/coding/ROS_auto_robot/control_robot_test/serial_motor_demo_ws/install/serial_motor_msgs/include/serial_motor_msgs/serial_motor_msgs/msg/detail/motor_command__builder.hpp
[0.860s] -- Up-to-date symlink: /home/rikverhoeven/Documents/coding/ROS_auto_robot/control_robot_test/serial_motor_demo_ws/install/serial_motor_msgs/include/serial_motor_msgs/serial_motor_msgs/msg/detail/motor_command__struct.hpp
[0.860s] -- Up-to-date symlink: /home/rikverhoeven/Documents/coding/ROS_auto_robot/control_robot_test/serial_motor_demo_ws/install/serial_motor_msgs/include/serial_motor_msgs/serial_motor_msgs/msg/detail/motor_command__traits.hpp
[0.860s] -- Up-to-date symlink: /home/rikverhoeven/Documents/coding/ROS_auto_robot/control_robot_test/serial_motor_demo_ws/install/serial_motor_msgs/include/serial_motor_msgs/serial_motor_msgs/msg/detail/motor_vels__builder.hpp
[0.861s] -- Up-to-date symlink: /home/rikverhoeven/Documents/coding/ROS_auto_robot/control_robot_test/serial_motor_demo_ws/install/serial_motor_msgs/include/serial_motor_msgs/serial_motor_msgs/msg/detail/motor_vels__struct.hpp
[0.861s] -- Up-to-date symlink: /home/rikverhoeven/Documents/coding/ROS_auto_robot/control_robot_test/serial_motor_demo_ws/install/serial_motor_msgs/include/serial_motor_msgs/serial_motor_msgs/msg/detail/motor_vels__traits.hpp
[0.861s] -- Up-to-date symlink: /home/rikverhoeven/Documents/coding/ROS_auto_robot/control_robot_test/serial_motor_demo_ws/install/serial_motor_msgs/include/serial_motor_msgs/serial_motor_msgs/msg/detail/serial_log__builder.hpp
[0.861s] -- Up-to-date symlink: /home/rikverhoeven/Documents/coding/ROS_auto_robot/control_robot_test/serial_motor_demo_ws/install/serial_motor_msgs/include/serial_motor_msgs/serial_motor_msgs/msg/detail/serial_log__struct.hpp
[0.861s] -- Up-to-date symlink: /home/rikverhoeven/Documents/coding/ROS_auto_robot/control_robot_test/serial_motor_demo_ws/install/serial_motor_msgs/include/serial_motor_msgs/serial_motor_msgs/msg/detail/serial_log__traits.hpp
[0.861s] -- Up-to-date symlink: /home/rikverhoeven/Documents/coding/ROS_auto_robot/control_robot_test/serial_motor_demo_ws/install/serial_motor_msgs/include/serial_motor_msgs/serial_motor_msgs/msg/encoder_vals.hpp
[0.862s] -- Up-to-date symlink: /home/rikverhoeven/Documents/coding/ROS_auto_robot/control_robot_test/serial_motor_demo_ws/install/serial_motor_msgs/include/serial_motor_msgs/serial_motor_msgs/msg/motor_command.hpp
[0.862s] -- Up-to-date symlink: /home/rikverhoeven/Documents/coding/ROS_auto_robot/control_robot_test/serial_motor_demo_ws/install/serial_motor_msgs/include/serial_motor_msgs/serial_motor_msgs/msg/motor_vels.hpp
[0.862s] -- Up-to-date symlink: /home/rikverhoeven/Documents/coding/ROS_auto_robot/control_robot_test/serial_motor_demo_ws/install/serial_motor_msgs/include/serial_motor_msgs/serial_motor_msgs/msg/serial_log.hpp
[0.863s] -- Up-to-date symlink: /home/rikverhoeven/Documents/coding/ROS_auto_robot/control_robot_test/serial_motor_demo_ws/install/serial_motor_msgs/include/serial_motor_msgs/serial_motor_msgs/msg/detail/custom_request__rosidl_typesupport_fastrtps_cpp.hpp
[0.863s] -- Up-to-date symlink: /home/rikverhoeven/Documents/coding/ROS_auto_robot/control_robot_test/serial_motor_demo_ws/install/serial_motor_msgs/include/serial_motor_msgs/serial_motor_msgs/msg/detail/encoder_vals__rosidl_typesupport_fastrtps_cpp.hpp
[0.863s] -- Up-to-date symlink: /home/rikverhoeven/Documents/coding/ROS_auto_robot/control_robot_test/serial_motor_demo_ws/install/serial_motor_msgs/include/serial_motor_msgs/serial_motor_msgs/msg/detail/motor_command__rosidl_typesupport_fastrtps_cpp.hpp
[0.863s] -- Up-to-date symlink: /home/rikverhoeven/Documents/coding/ROS_auto_robot/control_robot_test/serial_motor_demo_ws/install/serial_motor_msgs/include/serial_motor_msgs/serial_motor_msgs/msg/detail/motor_vels__rosidl_typesupport_fastrtps_cpp.hpp
[0.864s] -- Up-to-date symlink: /home/rikverhoeven/Documents/coding/ROS_auto_robot/control_robot_test/serial_motor_demo_ws/install/serial_motor_msgs/include/serial_motor_msgs/serial_motor_msgs/msg/detail/serial_log__rosidl_typesupport_fastrtps_cpp.hpp
[0.864s] -- Up-to-date symlink: /home/rikverhoeven/Documents/coding/ROS_auto_robot/control_robot_test/serial_motor_demo_ws/install/serial_motor_msgs/include/serial_motor_msgs/serial_motor_msgs/msg/rosidl_typesupport_fastrtps_cpp__visibility_control.h
[0.864s] -- Up-to-date symlink: /home/rikverhoeven/Documents/coding/ROS_auto_robot/control_robot_test/serial_motor_demo_ws/install/serial_motor_msgs/include/serial_motor_msgs/serial_motor_msgs/msg/detail/custom_request__rosidl_typesupport_introspection_cpp.hpp
[0.865s] -- Up-to-date symlink: /home/rikverhoeven/Documents/coding/ROS_auto_robot/control_robot_test/serial_motor_demo_ws/install/serial_motor_msgs/include/serial_motor_msgs/serial_motor_msgs/msg/detail/encoder_vals__rosidl_typesupport_introspection_cpp.hpp
[0.865s] -- Up-to-date symlink: /home/rikverhoeven/Documents/coding/ROS_auto_robot/control_robot_test/serial_motor_demo_ws/install/serial_motor_msgs/include/serial_motor_msgs/serial_motor_msgs/msg/detail/motor_command__rosidl_typesupport_introspection_cpp.hpp
[0.865s] -- Up-to-date symlink: /home/rikverhoeven/Documents/coding/ROS_auto_robot/control_robot_test/serial_motor_demo_ws/install/serial_motor_msgs/include/serial_motor_msgs/serial_motor_msgs/msg/detail/motor_vels__rosidl_typesupport_introspection_cpp.hpp
[0.865s] -- Up-to-date symlink: /home/rikverhoeven/Documents/coding/ROS_auto_robot/control_robot_test/serial_motor_demo_ws/install/serial_motor_msgs/include/serial_motor_msgs/serial_motor_msgs/msg/detail/serial_log__rosidl_typesupport_introspection_cpp.hpp
[0.866s] -- Up-to-date symlink: /home/rikverhoeven/Documents/coding/ROS_auto_robot/control_robot_test/serial_motor_demo_ws/install/serial_motor_msgs/share/serial_motor_msgs/environment/pythonpath.sh
[0.866s] -- Up-to-date symlink: /home/rikverhoeven/Documents/coding/ROS_auto_robot/control_robot_test/serial_motor_demo_ws/install/serial_motor_msgs/share/serial_motor_msgs/environment/pythonpath.dsv
[0.866s] -- Up-to-date symlink: /home/rikverhoeven/Documents/coding/ROS_auto_robot/control_robot_test/serial_motor_demo_ws/install/serial_motor_msgs/local/lib/python3.10/dist-packages/serial_motor_msgs-0.0.0-py3.10.egg-info/PKG-INFO
[0.866s] -- Up-to-date symlink: /home/rikverhoeven/Documents/coding/ROS_auto_robot/control_robot_test/serial_motor_demo_ws/install/serial_motor_msgs/local/lib/python3.10/dist-packages/serial_motor_msgs-0.0.0-py3.10.egg-info/SOURCES.txt
[0.867s] -- Up-to-date symlink: /home/rikverhoeven/Documents/coding/ROS_auto_robot/control_robot_test/serial_motor_demo_ws/install/serial_motor_msgs/local/lib/python3.10/dist-packages/serial_motor_msgs-0.0.0-py3.10.egg-info/dependency_links.txt
[0.867s] -- Up-to-date symlink: /home/rikverhoeven/Documents/coding/ROS_auto_robot/control_robot_test/serial_motor_demo_ws/install/serial_motor_msgs/local/lib/python3.10/dist-packages/serial_motor_msgs-0.0.0-py3.10.egg-info/top_level.txt
[0.868s] -- Up-to-date symlink: /home/rikverhoeven/Documents/coding/ROS_auto_robot/control_robot_test/serial_motor_demo_ws/install/serial_motor_msgs/local/lib/python3.10/dist-packages/serial_motor_msgs/__init__.py
[0.868s] -- Up-to-date symlink: /home/rikverhoeven/Documents/coding/ROS_auto_robot/control_robot_test/serial_motor_demo_ws/install/serial_motor_msgs/local/lib/python3.10/dist-packages/serial_motor_msgs/_serial_motor_msgs_s.ep.rosidl_typesupport_c.c
[0.868s] -- Up-to-date symlink: /home/rikverhoeven/Documents/coding/ROS_auto_robot/control_robot_test/serial_motor_demo_ws/install/serial_motor_msgs/local/lib/python3.10/dist-packages/serial_motor_msgs/_serial_motor_msgs_s.ep.rosidl_typesupport_fastrtps_c.c
[0.868s] -- Up-to-date symlink: /home/rikverhoeven/Documents/coding/ROS_auto_robot/control_robot_test/serial_motor_demo_ws/install/serial_motor_msgs/local/lib/python3.10/dist-packages/serial_motor_msgs/_serial_motor_msgs_s.ep.rosidl_typesupport_introspection_c.c
[0.869s] -- Up-to-date symlink: /home/rikverhoeven/Documents/coding/ROS_auto_robot/control_robot_test/serial_motor_demo_ws/install/serial_motor_msgs/local/lib/python3.10/dist-packages/serial_motor_msgs/libserial_motor_msgs__rosidl_generator_py.so
[0.869s] -- Up-to-date symlink: /home/rikverhoeven/Documents/coding/ROS_auto_robot/control_robot_test/serial_motor_demo_ws/install/serial_motor_msgs/local/lib/python3.10/dist-packages/serial_motor_msgs/msg/__init__.py
[0.869s] -- Up-to-date symlink: /home/rikverhoeven/Documents/coding/ROS_auto_robot/control_robot_test/serial_motor_demo_ws/install/serial_motor_msgs/local/lib/python3.10/dist-packages/serial_motor_msgs/msg/_custom_request.py
[0.869s] -- Up-to-date symlink: /home/rikverhoeven/Documents/coding/ROS_auto_robot/control_robot_test/serial_motor_demo_ws/install/serial_motor_msgs/local/lib/python3.10/dist-packages/serial_motor_msgs/msg/_custom_request_s.c
[0.869s] -- Up-to-date symlink: /home/rikverhoeven/Documents/coding/ROS_auto_robot/control_robot_test/serial_motor_demo_ws/install/serial_motor_msgs/local/lib/python3.10/dist-packages/serial_motor_msgs/msg/_encoder_vals.py
[0.870s] -- Up-to-date symlink: /home/rikverhoeven/Documents/coding/ROS_auto_robot/control_robot_test/serial_motor_demo_ws/install/serial_motor_msgs/local/lib/python3.10/dist-packages/serial_motor_msgs/msg/_encoder_vals_s.c
[0.870s] -- Up-to-date symlink: /home/rikverhoeven/Documents/coding/ROS_auto_robot/control_robot_test/serial_motor_demo_ws/install/serial_motor_msgs/local/lib/python3.10/dist-packages/serial_motor_msgs/msg/_motor_command.py
[0.870s] -- Up-to-date symlink: /home/rikverhoeven/Documents/coding/ROS_auto_robot/control_robot_test/serial_motor_demo_ws/install/serial_motor_msgs/local/lib/python3.10/dist-packages/serial_motor_msgs/msg/_motor_command_s.c
[0.870s] -- Up-to-date symlink: /home/rikverhoeven/Documents/coding/ROS_auto_robot/control_robot_test/serial_motor_demo_ws/install/serial_motor_msgs/local/lib/python3.10/dist-packages/serial_motor_msgs/msg/_motor_vels.py
[0.870s] -- Up-to-date symlink: /home/rikverhoeven/Documents/coding/ROS_auto_robot/control_robot_test/serial_motor_demo_ws/install/serial_motor_msgs/local/lib/python3.10/dist-packages/serial_motor_msgs/msg/_motor_vels_s.c
[0.870s] -- Up-to-date symlink: /home/rikverhoeven/Documents/coding/ROS_auto_robot/control_robot_test/serial_motor_demo_ws/install/serial_motor_msgs/local/lib/python3.10/dist-packages/serial_motor_msgs/msg/_serial_log.py
[0.871s] -- Up-to-date symlink: /home/rikverhoeven/Documents/coding/ROS_auto_robot/control_robot_test/serial_motor_demo_ws/install/serial_motor_msgs/local/lib/python3.10/dist-packages/serial_motor_msgs/msg/_serial_log_s.c
[0.871s] -- Up-to-date symlink: /home/rikverhoeven/Documents/coding/ROS_auto_robot/control_robot_test/serial_motor_demo_ws/install/serial_motor_msgs/local/lib/python3.10/dist-packages/serial_motor_msgs/serial_motor_msgs_s__rosidl_typesupport_c.cpython-310-x86_64-linux-gnu.so
[0.871s] -- Up-to-date symlink: /home/rikverhoeven/Documents/coding/ROS_auto_robot/control_robot_test/serial_motor_demo_ws/install/serial_motor_msgs/local/lib/python3.10/dist-packages/serial_motor_msgs/serial_motor_msgs_s__rosidl_typesupport_fastrtps_c.cpython-310-x86_64-linux-gnu.so
[0.871s] -- Up-to-date symlink: /home/rikverhoeven/Documents/coding/ROS_auto_robot/control_robot_test/serial_motor_demo_ws/install/serial_motor_msgs/local/lib/python3.10/dist-packages/serial_motor_msgs/serial_motor_msgs_s__rosidl_typesupport_introspection_c.cpython-310-x86_64-linux-gnu.so
[0.872s] -- Up-to-date symlink: /home/rikverhoeven/Documents/coding/ROS_auto_robot/control_robot_test/serial_motor_demo_ws/install/serial_motor_msgs/local/lib/python3.10/dist-packages/serial_motor_msgs/serial_motor_msgs_s__rosidl_typesupport_fastrtps_c.cpython-310-x86_64-linux-gnu.so
[0.872s] -- Up-to-date symlink: /home/rikverhoeven/Documents/coding/ROS_auto_robot/control_robot_test/serial_motor_demo_ws/install/serial_motor_msgs/local/lib/python3.10/dist-packages/serial_motor_msgs/serial_motor_msgs_s__rosidl_typesupport_introspection_c.cpython-310-x86_64-linux-gnu.so
[0.872s] -- Up-to-date symlink: /home/rikverhoeven/Documents/coding/ROS_auto_robot/control_robot_test/serial_motor_demo_ws/install/serial_motor_msgs/local/lib/python3.10/dist-packages/serial_motor_msgs/serial_motor_msgs_s__rosidl_typesupport_c.cpython-310-x86_64-linux-gnu.so
[0.873s] -- Up-to-date symlink: /home/rikverhoeven/Documents/coding/ROS_auto_robot/control_robot_test/serial_motor_demo_ws/install/serial_motor_msgs/share/serial_motor_msgs/msg/MotorCommand.idl
[0.873s] -- Up-to-date symlink: /home/rikverhoeven/Documents/coding/ROS_auto_robot/control_robot_test/serial_motor_demo_ws/install/serial_motor_msgs/share/serial_motor_msgs/msg/CustomRequest.idl
[0.873s] -- Up-to-date symlink: /home/rikverhoeven/Documents/coding/ROS_auto_robot/control_robot_test/serial_motor_demo_ws/install/serial_motor_msgs/share/serial_motor_msgs/msg/MotorVels.idl
[0.873s] -- Up-to-date symlink: /home/rikverhoeven/Documents/coding/ROS_auto_robot/control_robot_test/serial_motor_demo_ws/install/serial_motor_msgs/share/serial_motor_msgs/msg/EncoderVals.idl
[0.874s] -- Up-to-date symlink: /home/rikverhoeven/Documents/coding/ROS_auto_robot/control_robot_test/serial_motor_demo_ws/install/serial_motor_msgs/share/serial_motor_msgs/msg/SerialLog.idl
[0.874s] -- Up-to-date symlink: /home/rikverhoeven/Documents/coding/ROS_auto_robot/control_robot_test/serial_motor_demo_ws/install/serial_motor_msgs/share/serial_motor_msgs/msg/MotorCommand.msg
[0.874s] -- Up-to-date symlink: /home/rikverhoeven/Documents/coding/ROS_auto_robot/control_robot_test/serial_motor_demo_ws/install/serial_motor_msgs/share/serial_motor_msgs/msg/CustomRequest.msg
[0.874s] -- Up-to-date symlink: /home/rikverhoeven/Documents/coding/ROS_auto_robot/control_robot_test/serial_motor_demo_ws/install/serial_motor_msgs/share/serial_motor_msgs/msg/MotorVels.msg
[0.875s] -- Up-to-date symlink: /home/rikverhoeven/Documents/coding/ROS_auto_robot/control_robot_test/serial_motor_demo_ws/install/serial_motor_msgs/share/serial_motor_msgs/msg/EncoderVals.msg
[0.875s] -- Up-to-date symlink: /home/rikverhoeven/Documents/coding/ROS_auto_robot/control_robot_test/serial_motor_demo_ws/install/serial_motor_msgs/share/serial_motor_msgs/msg/SerialLog.msg
[0.875s] -- Up-to-date symlink: /home/rikverhoeven/Documents/coding/ROS_auto_robot/control_robot_test/serial_motor_demo_ws/install/serial_motor_msgs/share/ament_index/resource_index/package_run_dependencies/serial_motor_msgs
[0.876s] -- Up-to-date symlink: /home/rikverhoeven/Documents/coding/ROS_auto_robot/control_robot_test/serial_motor_demo_ws/install/serial_motor_msgs/share/ament_index/resource_index/parent_prefix_path/serial_motor_msgs
[0.876s] -- Up-to-date symlink: /home/rikverhoeven/Documents/coding/ROS_auto_robot/control_robot_test/serial_motor_demo_ws/install/serial_motor_msgs/share/serial_motor_msgs/environment/ament_prefix_path.sh
[0.876s] -- Up-to-date symlink: /home/rikverhoeven/Documents/coding/ROS_auto_robot/control_robot_test/serial_motor_demo_ws/install/serial_motor_msgs/share/serial_motor_msgs/environment/ament_prefix_path.dsv
[0.876s] -- Up-to-date symlink: /home/rikverhoeven/Documents/coding/ROS_auto_robot/control_robot_test/serial_motor_demo_ws/install/serial_motor_msgs/share/serial_motor_msgs/environment/path.sh
[0.877s] -- Up-to-date symlink: /home/rikverhoeven/Documents/coding/ROS_auto_robot/control_robot_test/serial_motor_demo_ws/install/serial_motor_msgs/share/serial_motor_msgs/environment/path.dsv
[0.877s] -- Up-to-date symlink: /home/rikverhoeven/Documents/coding/ROS_auto_robot/control_robot_test/serial_motor_demo_ws/install/serial_motor_msgs/share/serial_motor_msgs/local_setup.bash
[0.877s] -- Up-to-date symlink: /home/rikverhoeven/Documents/coding/ROS_auto_robot/control_robot_test/serial_motor_demo_ws/install/serial_motor_msgs/share/serial_motor_msgs/local_setup.sh
[0.877s] -- Up-to-date symlink: /home/rikverhoeven/Documents/coding/ROS_auto_robot/control_robot_test/serial_motor_demo_ws/install/serial_motor_msgs/share/serial_motor_msgs/local_setup.zsh
[0.878s] -- Up-to-date symlink: /home/rikverhoeven/Documents/coding/ROS_auto_robot/control_robot_test/serial_motor_demo_ws/install/serial_motor_msgs/share/serial_motor_msgs/local_setup.dsv
[0.878s] -- Symlinking: /home/rikverhoeven/Documents/coding/ROS_auto_robot/control_robot_test/serial_motor_demo_ws/install/serial_motor_msgs/share/serial_motor_msgs/package.dsv
[0.889s] -- Up-to-date symlink: /home/rikverhoeven/Documents/coding/ROS_auto_robot/control_robot_test/serial_motor_demo_ws/install/serial_motor_msgs/share/ament_index/resource_index/packages/serial_motor_msgs
[0.890s] -- Up-to-date symlink: /home/rikverhoeven/Documents/coding/ROS_auto_robot/control_robot_test/serial_motor_demo_ws/install/serial_motor_msgs/share/serial_motor_msgs/cmake/rosidl_cmake-extras.cmake
[0.890s] -- Up-to-date symlink: /home/rikverhoeven/Documents/coding/ROS_auto_robot/control_robot_test/serial_motor_demo_ws/install/serial_motor_msgs/share/serial_motor_msgs/cmake/ament_cmake_export_include_directories-extras.cmake
[0.890s] -- Up-to-date symlink: /home/rikverhoeven/Documents/coding/ROS_auto_robot/control_robot_test/serial_motor_demo_ws/install/serial_motor_msgs/share/serial_motor_msgs/cmake/ament_cmake_export_libraries-extras.cmake
[0.890s] -- Up-to-date symlink: /home/rikverhoeven/Documents/coding/ROS_auto_robot/control_robot_test/serial_motor_demo_ws/install/serial_motor_msgs/share/serial_motor_msgs/cmake/ament_cmake_export_targets-extras.cmake
[0.890s] -- Up-to-date symlink: /home/rikverhoeven/Documents/coding/ROS_auto_robot/control_robot_test/serial_motor_demo_ws/install/serial_motor_msgs/share/serial_motor_msgs/cmake/rosidl_cmake_export_typesupport_targets-extras.cmake
[0.891s] -- Up-to-date symlink: /home/rikverhoeven/Documents/coding/ROS_auto_robot/control_robot_test/serial_motor_demo_ws/install/serial_motor_msgs/share/serial_motor_msgs/cmake/ament_cmake_export_dependencies-extras.cmake
[0.891s] -- Up-to-date symlink: /home/rikverhoeven/Documents/coding/ROS_auto_robot/control_robot_test/serial_motor_demo_ws/install/serial_motor_msgs/share/serial_motor_msgs/cmake/rosidl_cmake_export_typesupport_libraries-extras.cmake
[0.891s] -- Up-to-date symlink: /home/rikverhoeven/Documents/coding/ROS_auto_robot/control_robot_test/serial_motor_demo_ws/install/serial_motor_msgs/share/serial_motor_msgs/cmake/serial_motor_msgsConfig.cmake
[0.891s] -- Up-to-date symlink: /home/rikverhoeven/Documents/coding/ROS_auto_robot/control_robot_test/serial_motor_demo_ws/install/serial_motor_msgs/share/serial_motor_msgs/cmake/serial_motor_msgsConfig-version.cmake
[0.892s] -- Up-to-date symlink: /home/rikverhoeven/Documents/coding/ROS_auto_robot/control_robot_test/serial_motor_demo_ws/install/serial_motor_msgs/share/serial_motor_msgs/package.xml
[0.892s] -- Up-to-date: /home/rikverhoeven/Documents/coding/ROS_auto_robot/control_robot_test/serial_motor_demo_ws/install/serial_motor_msgs/lib/libserial_motor_msgs__rosidl_generator_c.so
[0.892s] -- Up-to-date: /home/rikverhoeven/Documents/coding/ROS_auto_robot/control_robot_test/serial_motor_demo_ws/install/serial_motor_msgs/lib/libserial_motor_msgs__rosidl_typesupport_fastrtps_c.so
[0.893s] -- Up-to-date: /home/rikverhoeven/Documents/coding/ROS_auto_robot/control_robot_test/serial_motor_demo_ws/install/serial_motor_msgs/lib/libserial_motor_msgs__rosidl_typesupport_introspection_c.so
[0.893s] -- Up-to-date: /home/rikverhoeven/Documents/coding/ROS_auto_robot/control_robot_test/serial_motor_demo_ws/install/serial_motor_msgs/lib/libserial_motor_msgs__rosidl_typesupport_c.so
[0.894s] -- Up-to-date: /home/rikverhoeven/Documents/coding/ROS_auto_robot/control_robot_test/serial_motor_demo_ws/install/serial_motor_msgs/lib/libserial_motor_msgs__rosidl_typesupport_fastrtps_cpp.so
[0.894s] -- Up-to-date: /home/rikverhoeven/Documents/coding/ROS_auto_robot/control_robot_test/serial_motor_demo_ws/install/serial_motor_msgs/lib/libserial_motor_msgs__rosidl_typesupport_introspection_cpp.so
[0.894s] -- Up-to-date: /home/rikverhoeven/Documents/coding/ROS_auto_robot/control_robot_test/serial_motor_demo_ws/install/serial_motor_msgs/lib/libserial_motor_msgs__rosidl_typesupport_cpp.so
[0.946s] Listing '/home/rikverhoeven/Documents/coding/ROS_auto_robot/control_robot_test/serial_motor_demo_ws/install/serial_motor_msgs/local/lib/python3.10/dist-packages/serial_motor_msgs'...
[0.946s] Listing '/home/rikverhoeven/Documents/coding/ROS_auto_robot/control_robot_test/serial_motor_demo_ws/install/serial_motor_msgs/local/lib/python3.10/dist-packages/serial_motor_msgs/msg'...
[0.952s] -- Up-to-date: /home/rikverhoeven/Documents/coding/ROS_auto_robot/control_robot_test/serial_motor_demo_ws/install/serial_motor_msgs/lib/libserial_motor_msgs__rosidl_generator_py.so
[0.952s] -- Up-to-date: /home/rikverhoeven/Documents/coding/ROS_auto_robot/control_robot_test/serial_motor_demo_ws/install/serial_motor_msgs/share/serial_motor_msgs/cmake/export_serial_motor_msgs__rosidl_generator_cExport.cmake
[0.952s] -- Up-to-date: /home/rikverhoeven/Documents/coding/ROS_auto_robot/control_robot_test/serial_motor_demo_ws/install/serial_motor_msgs/share/serial_motor_msgs/cmake/export_serial_motor_msgs__rosidl_generator_cExport-noconfig.cmake
[0.952s] -- Up-to-date: /home/rikverhoeven/Documents/coding/ROS_auto_robot/control_robot_test/serial_motor_demo_ws/install/serial_motor_msgs/share/serial_motor_msgs/cmake/export_serial_motor_msgs__rosidl_typesupport_fastrtps_cExport.cmake
[0.952s] -- Up-to-date: /home/rikverhoeven/Documents/coding/ROS_auto_robot/control_robot_test/serial_motor_demo_ws/install/serial_motor_msgs/share/serial_motor_msgs/cmake/export_serial_motor_msgs__rosidl_typesupport_fastrtps_cExport-noconfig.cmake
[0.952s] -- Up-to-date: /home/rikverhoeven/Documents/coding/ROS_auto_robot/control_robot_test/serial_motor_demo_ws/install/serial_motor_msgs/share/serial_motor_msgs/cmake/serial_motor_msgs__rosidl_typesupport_introspection_cExport.cmake
[0.953s] -- Up-to-date: /home/rikverhoeven/Documents/coding/ROS_auto_robot/control_robot_test/serial_motor_demo_ws/install/serial_motor_msgs/share/serial_motor_msgs/cmake/serial_motor_msgs__rosidl_typesupport_introspection_cExport-noconfig.cmake
[0.953s] -- Up-to-date: /home/rikverhoeven/Documents/coding/ROS_auto_robot/control_robot_test/serial_motor_demo_ws/install/serial_motor_msgs/share/serial_motor_msgs/cmake/serial_motor_msgs__rosidl_typesupport_cExport.cmake
[0.953s] -- Up-to-date: /home/rikverhoeven/Documents/coding/ROS_auto_robot/control_robot_test/serial_motor_demo_ws/install/serial_motor_msgs/share/serial_motor_msgs/cmake/serial_motor_msgs__rosidl_typesupport_cExport-noconfig.cmake
[0.953s] -- Up-to-date: /home/rikverhoeven/Documents/coding/ROS_auto_robot/control_robot_test/serial_motor_demo_ws/install/serial_motor_msgs/share/serial_motor_msgs/cmake/export_serial_motor_msgs__rosidl_generator_cppExport.cmake
[0.953s] -- Up-to-date: /home/rikverhoeven/Documents/coding/ROS_auto_robot/control_robot_test/serial_motor_demo_ws/install/serial_motor_msgs/share/serial_motor_msgs/cmake/export_serial_motor_msgs__rosidl_typesupport_fastrtps_cppExport.cmake
[0.954s] -- Up-to-date: /home/rikverhoeven/Documents/coding/ROS_auto_robot/control_robot_test/serial_motor_demo_ws/install/serial_motor_msgs/share/serial_motor_msgs/cmake/export_serial_motor_msgs__rosidl_typesupport_fastrtps_cppExport-noconfig.cmake
[0.954s] -- Up-to-date: /home/rikverhoeven/Documents/coding/ROS_auto_robot/control_robot_test/serial_motor_demo_ws/install/serial_motor_msgs/share/serial_motor_msgs/cmake/serial_motor_msgs__rosidl_typesupport_introspection_cppExport.cmake
[0.954s] -- Up-to-date: /home/rikverhoeven/Documents/coding/ROS_auto_robot/control_robot_test/serial_motor_demo_ws/install/serial_motor_msgs/share/serial_motor_msgs/cmake/serial_motor_msgs__rosidl_typesupport_introspection_cppExport-noconfig.cmake
[0.954s] -- Up-to-date: /home/rikverhoeven/Documents/coding/ROS_auto_robot/control_robot_test/serial_motor_demo_ws/install/serial_motor_msgs/share/serial_motor_msgs/cmake/serial_motor_msgs__rosidl_typesupport_cppExport.cmake
[0.954s] -- Up-to-date: /home/rikverhoeven/Documents/coding/ROS_auto_robot/control_robot_test/serial_motor_demo_ws/install/serial_motor_msgs/share/serial_motor_msgs/cmake/serial_motor_msgs__rosidl_typesupport_cppExport-noconfig.cmake
[0.954s] -- Up-to-date: /home/rikverhoeven/Documents/coding/ROS_auto_robot/control_robot_test/serial_motor_demo_ws/install/serial_motor_msgs/share/serial_motor_msgs/cmake/export_serial_motor_msgs__rosidl_generator_pyExport.cmake
[0.954s] -- Up-to-date: /home/rikverhoeven/Documents/coding/ROS_auto_robot/control_robot_test/serial_motor_demo_ws/install/serial_motor_msgs/share/serial_motor_msgs/cmake/export_serial_motor_msgs__rosidl_generator_pyExport-noconfig.cmake
[0.957s] Invoked command in '/home/rikverhoeven/Documents/coding/ROS_auto_robot/control_robot_test/serial_motor_demo_ws/build/serial_motor_msgs' returned '0': CMAKE_PREFIX_PATH=${CMAKE_PREFIX_PATH}:/home/rikverhoeven/Documents/coding/ROS_auto_robot/control_robot_test/serial_motor_demo_ws/install/serial_motor_demo:/home/rikverhoeven/Documents/coding/ROS_auto_robot/ros2_01_ws/install/py_srvcli:/home/rikverhoeven/Documents/coding/ROS_auto_robot/ros2_01_ws/install/py_pubsub:/home/rikverhoeven/Documents/coding/ROS_auto_robot/ros2_01_ws/install/kimbo_control_dc_motor:/opt/ros/humble /usr/bin/cmake --install /home/rikverhoeven/Documents/coding/ROS_auto_robot/control_robot_test/serial_motor_demo_ws/build/serial_motor_msgs
