[1.537s] Invoking command in '/home/rikverhoeven/Documents/coding/ROS_auto_robot/ros2_01_ws/src/kimbo_control_dc_motor': PYTHONPATH=/home/rikverhoeven/Documents/coding/ROS_auto_robot/ros2_01_ws/build/kimbo_control_dc_motor/prefix_override:/home/rikverhoeven/Documents/coding/ROS_auto_robot/ros2_01_ws/install/kimbo_control_dc_motor/lib/python3.10/site-packages:${PYTHONPATH} /usr/bin/python3 -W ignore:setup.py install is deprecated setup.py egg_info --egg-base ../../build/kimbo_control_dc_motor build --build-base /home/rikverhoeven/Documents/coding/ROS_auto_robot/ros2_01_ws/build/kimbo_control_dc_motor/build install --record /home/rikverhoeven/Documents/coding/ROS_auto_robot/ros2_01_ws/build/kimbo_control_dc_motor/install.log --single-version-externally-managed install_data
[1.930s] running egg_info
[1.931s] creating ../../build/kimbo_control_dc_motor/kimbo_control_dc_motor.egg-info
[1.932s] writing ../../build/kimbo_control_dc_motor/kimbo_control_dc_motor.egg-info/PKG-INFO
[1.933s] writing dependency_links to ../../build/kimbo_control_dc_motor/kimbo_control_dc_motor.egg-info/dependency_links.txt
[1.933s] writing entry points to ../../build/kimbo_control_dc_motor/kimbo_control_dc_motor.egg-info/entry_points.txt
[1.933s] writing requirements to ../../build/kimbo_control_dc_motor/kimbo_control_dc_motor.egg-info/requires.txt
[1.934s] writing top-level names to ../../build/kimbo_control_dc_motor/kimbo_control_dc_motor.egg-info/top_level.txt
[1.934s] writing manifest file '../../build/kimbo_control_dc_motor/kimbo_control_dc_motor.egg-info/SOURCES.txt'
[1.935s] reading manifest file '../../build/kimbo_control_dc_motor/kimbo_control_dc_motor.egg-info/SOURCES.txt'
[1.936s] writing manifest file '../../build/kimbo_control_dc_motor/kimbo_control_dc_motor.egg-info/SOURCES.txt'
[1.937s] running build
[1.937s] running build_py
[1.937s] creating /home/rikverhoeven/Documents/coding/ROS_auto_robot/ros2_01_ws/build/kimbo_control_dc_motor/build
[1.937s] creating /home/rikverhoeven/Documents/coding/ROS_auto_robot/ros2_01_ws/build/kimbo_control_dc_motor/build/lib
[1.937s] creating /home/rikverhoeven/Documents/coding/ROS_auto_robot/ros2_01_ws/build/kimbo_control_dc_motor/build/lib/kimbo_control_dc_motor
[1.938s] copying kimbo_control_dc_motor/__init__.py -> /home/rikverhoeven/Documents/coding/ROS_auto_robot/ros2_01_ws/build/kimbo_control_dc_motor/build/lib/kimbo_control_dc_motor
[1.938s] copying kimbo_control_dc_motor/my_first_node.py -> /home/rikverhoeven/Documents/coding/ROS_auto_robot/ros2_01_ws/build/kimbo_control_dc_motor/build/lib/kimbo_control_dc_motor
[1.938s] copying kimbo_control_dc_motor/draw_circle.py -> /home/rikverhoeven/Documents/coding/ROS_auto_robot/ros2_01_ws/build/kimbo_control_dc_motor/build/lib/kimbo_control_dc_motor
[1.938s] running install
[1.939s] running install_lib
[1.939s] creating /home/rikverhoeven/Documents/coding/ROS_auto_robot/ros2_01_ws/install/kimbo_control_dc_motor/lib/python3.10/site-packages/kimbo_control_dc_motor
[1.940s] copying /home/rikverhoeven/Documents/coding/ROS_auto_robot/ros2_01_ws/build/kimbo_control_dc_motor/build/lib/kimbo_control_dc_motor/__init__.py -> /home/rikverhoeven/Documents/coding/ROS_auto_robot/ros2_01_ws/install/kimbo_control_dc_motor/lib/python3.10/site-packages/kimbo_control_dc_motor
[1.940s] copying /home/rikverhoeven/Documents/coding/ROS_auto_robot/ros2_01_ws/build/kimbo_control_dc_motor/build/lib/kimbo_control_dc_motor/my_first_node.py -> /home/rikverhoeven/Documents/coding/ROS_auto_robot/ros2_01_ws/install/kimbo_control_dc_motor/lib/python3.10/site-packages/kimbo_control_dc_motor
[1.940s] copying /home/rikverhoeven/Documents/coding/ROS_auto_robot/ros2_01_ws/build/kimbo_control_dc_motor/build/lib/kimbo_control_dc_motor/draw_circle.py -> /home/rikverhoeven/Documents/coding/ROS_auto_robot/ros2_01_ws/install/kimbo_control_dc_motor/lib/python3.10/site-packages/kimbo_control_dc_motor
[1.941s] byte-compiling /home/rikverhoeven/Documents/coding/ROS_auto_robot/ros2_01_ws/install/kimbo_control_dc_motor/lib/python3.10/site-packages/kimbo_control_dc_motor/__init__.py to __init__.cpython-310.pyc
[1.941s] byte-compiling /home/rikverhoeven/Documents/coding/ROS_auto_robot/ros2_01_ws/install/kimbo_control_dc_motor/lib/python3.10/site-packages/kimbo_control_dc_motor/my_first_node.py to my_first_node.cpython-310.pyc
[1.942s] byte-compiling /home/rikverhoeven/Documents/coding/ROS_auto_robot/ros2_01_ws/install/kimbo_control_dc_motor/lib/python3.10/site-packages/kimbo_control_dc_motor/draw_circle.py to draw_circle.cpython-310.pyc
[1.942s] running install_data
[1.942s] creating /home/rikverhoeven/Documents/coding/ROS_auto_robot/ros2_01_ws/install/kimbo_control_dc_motor/share/ament_index
[1.943s] creating /home/rikverhoeven/Documents/coding/ROS_auto_robot/ros2_01_ws/install/kimbo_control_dc_motor/share/ament_index/resource_index
[1.943s] creating /home/rikverhoeven/Documents/coding/ROS_auto_robot/ros2_01_ws/install/kimbo_control_dc_motor/share/ament_index/resource_index/packages
[1.943s] copying resource/kimbo_control_dc_motor -> /home/rikverhoeven/Documents/coding/ROS_auto_robot/ros2_01_ws/install/kimbo_control_dc_motor/share/ament_index/resource_index/packages
[1.943s] copying package.xml -> /home/rikverhoeven/Documents/coding/ROS_auto_robot/ros2_01_ws/install/kimbo_control_dc_motor/share/kimbo_control_dc_motor
[1.943s] running install_egg_info
[1.945s] Copying ../../build/kimbo_control_dc_motor/kimbo_control_dc_motor.egg-info to /home/rikverhoeven/Documents/coding/ROS_auto_robot/ros2_01_ws/install/kimbo_control_dc_motor/lib/python3.10/site-packages/kimbo_control_dc_motor-0.0.0-py3.10.egg-info
[1.946s] running install_scripts
[1.973s] Installing make_turtle_circle script to /home/rikverhoeven/Documents/coding/ROS_auto_robot/ros2_01_ws/install/kimbo_control_dc_motor/lib/kimbo_control_dc_motor
[1.973s] Installing test_node_exec script to /home/rikverhoeven/Documents/coding/ROS_auto_robot/ros2_01_ws/install/kimbo_control_dc_motor/lib/kimbo_control_dc_motor
[1.973s] writing list of installed files to '/home/rikverhoeven/Documents/coding/ROS_auto_robot/ros2_01_ws/build/kimbo_control_dc_motor/install.log'
[2.027s] Invoked command in '/home/rikverhoeven/Documents/coding/ROS_auto_robot/ros2_01_ws/src/kimbo_control_dc_motor' returned '0': PYTHONPATH=/home/rikverhoeven/Documents/coding/ROS_auto_robot/ros2_01_ws/build/kimbo_control_dc_motor/prefix_override:/home/rikverhoeven/Documents/coding/ROS_auto_robot/ros2_01_ws/install/kimbo_control_dc_motor/lib/python3.10/site-packages:${PYTHONPATH} /usr/bin/python3 -W ignore:setup.py install is deprecated setup.py egg_info --egg-base ../../build/kimbo_control_dc_motor build --build-base /home/rikverhoeven/Documents/coding/ROS_auto_robot/ros2_01_ws/build/kimbo_control_dc_motor/build install --record /home/rikverhoeven/Documents/coding/ROS_auto_robot/ros2_01_ws/build/kimbo_control_dc_motor/install.log --single-version-externally-managed install_data
