[0.917s] Invoking command in '/home/rikverhoeven/Documents/coding/ROS_auto_robot/ros2_01_ws/build/cpp_srvcli': CMAKE_PREFIX_PATH=/home/rikverhoeven/Documents/coding/ROS_auto_robot/ros2_01_ws/install/kimbo_control_dc_motor:/opt/ros/humble /usr/bin/cmake /home/rikverhoeven/Documents/coding/ROS_auto_robot/ros2_01_ws/src/cpp_srvcli -DAMENT_CMAKE_SYMLINK_INSTALL=1 -DCMAKE_INSTALL_PREFIX=/home/rikverhoeven/Documents/coding/ROS_auto_robot/ros2_01_ws/install/cpp_srvcli
[2.376s] -- The C compiler identification is GNU 11.4.0
[3.146s] -- The CXX compiler identification is GNU 11.4.0
[3.219s] -- Detecting C compiler ABI info
[3.534s] -- Detecting C compiler ABI info - done
[3.550s] -- Check for working C compiler: /usr/bin/cc - skipped
[3.550s] -- Detecting C compile features
[3.578s] -- Detecting C compile features - done
[3.584s] -- Detecting CXX compiler ABI info
[3.770s] -- Detecting CXX compiler ABI info - done
[3.789s] -- Check for working CXX compiler: /usr/bin/c++ - skipped
[3.789s] -- Detecting CXX compile features
[3.790s] -- Detecting CXX compile features - done
[3.881s] -- Found ament_cmake: 1.3.8 (/opt/ros/humble/share/ament_cmake/cmake)
[4.262s] -- Found Python3: /usr/bin/python3 (found version "3.10.12") found components: Interpreter 
[4.484s] -- Override CMake install command with custom implementation using symlinks instead of copying resources
[4.772s] -- Found rclcpp: 16.0.8 (/opt/ros/humble/share/rclcpp/cmake)
[5.124s] -- Found rosidl_generator_c: 3.1.5 (/opt/ros/humble/share/rosidl_generator_c/cmake)
[5.171s] -- Found rosidl_adapter: 3.1.5 (/opt/ros/humble/share/rosidl_adapter/cmake)
[5.223s] -- Found rosidl_generator_cpp: 3.1.5 (/opt/ros/humble/share/rosidl_generator_cpp/cmake)
[5.388s] -- Using all available rosidl_typesupport_c: rosidl_typesupport_fastrtps_c;rosidl_typesupport_introspection_c
[5.492s] -- Using all available rosidl_typesupport_cpp: rosidl_typesupport_fastrtps_cpp;rosidl_typesupport_introspection_cpp
[5.749s] -- Found rmw_implementation_cmake: 6.1.1 (/opt/ros/humble/share/rmw_implementation_cmake/cmake)
[5.757s] -- Found rmw_fastrtps_cpp: 6.2.6 (/opt/ros/humble/share/rmw_fastrtps_cpp/cmake)
[6.315s] -- Found OpenSSL: /usr/lib/x86_64-linux-gnu/libcrypto.so (found version "3.0.2")  
[6.390s] -- Found FastRTPS: /opt/ros/humble/include  
[6.480s] -- Using RMW implementation 'rmw_fastrtps_cpp' as default
[6.585s] -- Looking for pthread.h
[6.751s] -- Looking for pthread.h - found
[6.752s] -- Performing Test CMAKE_HAVE_LIBC_PTHREAD
[6.896s] -- Performing Test CMAKE_HAVE_LIBC_PTHREAD - Success
[6.898s] -- Found Threads: TRUE  
[7.346s] -- Found example_interfaces: 0.9.3 (/opt/ros/humble/share/example_interfaces/cmake)
[7.617s] -- Found ament_lint_auto: 0.12.10 (/opt/ros/humble/share/ament_lint_auto/cmake)
[7.900s] -- Added test 'cppcheck' to perform static code analysis on C / C++ code
[7.900s] -- Configured cppcheck include dirs: 
[7.901s] -- Configured cppcheck exclude dirs and/or files: 
[7.901s] -- Added test 'lint_cmake' to check CMake code style
[7.904s] -- Added test 'uncrustify' to check C / C++ code style
[7.904s] -- Configured uncrustify additional arguments: 
[7.905s] -- Added test 'xmllint' to check XML markup files
[7.945s] -- Configuring done
[7.993s] -- Generating done
[7.996s] -- Build files have been written to: /home/rikverhoeven/Documents/coding/ROS_auto_robot/ros2_01_ws/build/cpp_srvcli
[8.014s] Invoked command in '/home/rikverhoeven/Documents/coding/ROS_auto_robot/ros2_01_ws/build/cpp_srvcli' returned '0': CMAKE_PREFIX_PATH=/home/rikverhoeven/Documents/coding/ROS_auto_robot/ros2_01_ws/install/kimbo_control_dc_motor:/opt/ros/humble /usr/bin/cmake /home/rikverhoeven/Documents/coding/ROS_auto_robot/ros2_01_ws/src/cpp_srvcli -DAMENT_CMAKE_SYMLINK_INSTALL=1 -DCMAKE_INSTALL_PREFIX=/home/rikverhoeven/Documents/coding/ROS_auto_robot/ros2_01_ws/install/cpp_srvcli
[8.021s] Invoking command in '/home/rikverhoeven/Documents/coding/ROS_auto_robot/ros2_01_ws/build/cpp_srvcli': CMAKE_PREFIX_PATH=/home/rikverhoeven/Documents/coding/ROS_auto_robot/ros2_01_ws/install/kimbo_control_dc_motor:/opt/ros/humble /usr/bin/cmake --build /home/rikverhoeven/Documents/coding/ROS_auto_robot/ros2_01_ws/build/cpp_srvcli -- -j8 -l8
[8.093s] [ 50%] [32mBuilding CXX object CMakeFiles/server.dir/src/add_two_ints_server.cpp.o[0m
[8.094s] [ 50%] [32mBuilding CXX object CMakeFiles/client.dir/src/add_two_ints_client.cpp.o[0m
[16.474s] [ 75%] [32m[1mLinking CXX executable server[0m
[16.632s] [100%] [32m[1mLinking CXX executable client[0m
[17.352s] [100%] Built target server
[17.365s] [100%] Built target client
[17.382s] Invoked command in '/home/rikverhoeven/Documents/coding/ROS_auto_robot/ros2_01_ws/build/cpp_srvcli' returned '0': CMAKE_PREFIX_PATH=/home/rikverhoeven/Documents/coding/ROS_auto_robot/ros2_01_ws/install/kimbo_control_dc_motor:/opt/ros/humble /usr/bin/cmake --build /home/rikverhoeven/Documents/coding/ROS_auto_robot/ros2_01_ws/build/cpp_srvcli -- -j8 -l8
[17.436s] Invoking command in '/home/rikverhoeven/Documents/coding/ROS_auto_robot/ros2_01_ws/build/cpp_srvcli': CMAKE_PREFIX_PATH=/home/rikverhoeven/Documents/coding/ROS_auto_robot/ros2_01_ws/install/kimbo_control_dc_motor:/opt/ros/humble /usr/bin/cmake --install /home/rikverhoeven/Documents/coding/ROS_auto_robot/ros2_01_ws/build/cpp_srvcli
[17.446s] -- Install configuration: ""
[17.447s] -- Execute custom install script
[17.448s] -- Symlinking: /home/rikverhoeven/Documents/coding/ROS_auto_robot/ros2_01_ws/install/cpp_srvcli/lib/cpp_srvcli/server
[17.460s] -- Symlinking: /home/rikverhoeven/Documents/coding/ROS_auto_robot/ros2_01_ws/install/cpp_srvcli/share/ament_index/resource_index/package_run_dependencies/cpp_srvcli
[17.471s] -- Symlinking: /home/rikverhoeven/Documents/coding/ROS_auto_robot/ros2_01_ws/install/cpp_srvcli/share/ament_index/resource_index/parent_prefix_path/cpp_srvcli
[17.482s] -- Symlinking: /home/rikverhoeven/Documents/coding/ROS_auto_robot/ros2_01_ws/install/cpp_srvcli/share/cpp_srvcli/environment/ament_prefix_path.sh
[17.495s] -- Symlinking: /home/rikverhoeven/Documents/coding/ROS_auto_robot/ros2_01_ws/install/cpp_srvcli/share/cpp_srvcli/environment/ament_prefix_path.dsv
[17.517s] -- Symlinking: /home/rikverhoeven/Documents/coding/ROS_auto_robot/ros2_01_ws/install/cpp_srvcli/share/cpp_srvcli/environment/path.sh
[17.531s] -- Symlinking: /home/rikverhoeven/Documents/coding/ROS_auto_robot/ros2_01_ws/install/cpp_srvcli/share/cpp_srvcli/environment/path.dsv
[17.543s] -- Symlinking: /home/rikverhoeven/Documents/coding/ROS_auto_robot/ros2_01_ws/install/cpp_srvcli/share/cpp_srvcli/local_setup.bash
[17.556s] -- Symlinking: /home/rikverhoeven/Documents/coding/ROS_auto_robot/ros2_01_ws/install/cpp_srvcli/share/cpp_srvcli/local_setup.sh
[17.569s] -- Symlinking: /home/rikverhoeven/Documents/coding/ROS_auto_robot/ros2_01_ws/install/cpp_srvcli/share/cpp_srvcli/local_setup.zsh
[17.581s] -- Symlinking: /home/rikverhoeven/Documents/coding/ROS_auto_robot/ros2_01_ws/install/cpp_srvcli/share/cpp_srvcli/local_setup.dsv
[17.593s] -- Symlinking: /home/rikverhoeven/Documents/coding/ROS_auto_robot/ros2_01_ws/install/cpp_srvcli/share/cpp_srvcli/package.dsv
[17.608s] -- Symlinking: /home/rikverhoeven/Documents/coding/ROS_auto_robot/ros2_01_ws/install/cpp_srvcli/share/ament_index/resource_index/packages/cpp_srvcli
[17.621s] -- Symlinking: /home/rikverhoeven/Documents/coding/ROS_auto_robot/ros2_01_ws/install/cpp_srvcli/share/cpp_srvcli/cmake/cpp_srvcliConfig.cmake
[17.633s] -- Symlinking: /home/rikverhoeven/Documents/coding/ROS_auto_robot/ros2_01_ws/install/cpp_srvcli/share/cpp_srvcli/cmake/cpp_srvcliConfig-version.cmake
[17.646s] -- Symlinking: /home/rikverhoeven/Documents/coding/ROS_auto_robot/ros2_01_ws/install/cpp_srvcli/share/cpp_srvcli/package.xml
[17.667s] Invoked command in '/home/rikverhoeven/Documents/coding/ROS_auto_robot/ros2_01_ws/build/cpp_srvcli' returned '0': CMAKE_PREFIX_PATH=/home/rikverhoeven/Documents/coding/ROS_auto_robot/ros2_01_ws/install/kimbo_control_dc_motor:/opt/ros/humble /usr/bin/cmake --install /home/rikverhoeven/Documents/coding/ROS_auto_robot/ros2_01_ws/build/cpp_srvcli
