[2.042s] Invoking command in '/home/rikverhoeven/Documents/coding/ROS_auto_robot/ros2_01_ws/build/py_srvcli': PYTHONPATH=/home/rikverhoeven/Documents/coding/ROS_auto_robot/ros2_01_ws/build/py_srvcli/prefix_override:/home/rikverhoeven/Documents/coding/ROS_auto_robot/ros2_01_ws/install/py_srvcli/lib/python3.10/site-packages:${PYTHONPATH} /usr/bin/python3 -W ignore:setup.py install is deprecated setup.py develop --editable --build-directory /home/rikverhoeven/Documents/coding/ROS_auto_robot/ros2_01_ws/build/py_srvcli/build --no-deps symlink_data
[2.504s] running develop
[2.804s] running egg_info
[2.804s] creating py_srvcli.egg-info
[2.805s] writing py_srvcli.egg-info/PKG-INFO
[2.805s] writing dependency_links to py_srvcli.egg-info/dependency_links.txt
[2.805s] writing entry points to py_srvcli.egg-info/entry_points.txt
[2.806s] writing requirements to py_srvcli.egg-info/requires.txt
[2.806s] writing top-level names to py_srvcli.egg-info/top_level.txt
[2.806s] writing manifest file 'py_srvcli.egg-info/SOURCES.txt'
[2.808s] reading manifest file 'py_srvcli.egg-info/SOURCES.txt'
[2.809s] writing manifest file 'py_srvcli.egg-info/SOURCES.txt'
[2.811s] running build_ext
[2.812s] Creating /home/rikverhoeven/Documents/coding/ROS_auto_robot/ros2_01_ws/install/py_srvcli/lib/python3.10/site-packages/py-srvcli.egg-link (link to .)
[2.813s] Installing client script to /home/rikverhoeven/Documents/coding/ROS_auto_robot/ros2_01_ws/install/py_srvcli/lib/py_srvcli
[2.813s] Installing service script to /home/rikverhoeven/Documents/coding/ROS_auto_robot/ros2_01_ws/install/py_srvcli/lib/py_srvcli
[2.814s] 
[2.814s] Installed /home/rikverhoeven/Documents/coding/ROS_auto_robot/ros2_01_ws/build/py_srvcli
[2.814s] running symlink_data
[2.815s] creating /home/rikverhoeven/Documents/coding/ROS_auto_robot/ros2_01_ws/install/py_srvcli/share/ament_index
[2.815s] creating /home/rikverhoeven/Documents/coding/ROS_auto_robot/ros2_01_ws/install/py_srvcli/share/ament_index/resource_index
[2.815s] creating /home/rikverhoeven/Documents/coding/ROS_auto_robot/ros2_01_ws/install/py_srvcli/share/ament_index/resource_index/packages
[2.815s] symbolically linking /home/rikverhoeven/Documents/coding/ROS_auto_robot/ros2_01_ws/build/py_srvcli/resource/py_srvcli -> /home/rikverhoeven/Documents/coding/ROS_auto_robot/ros2_01_ws/install/py_srvcli/share/ament_index/resource_index/packages
[2.815s] symbolically linking /home/rikverhoeven/Documents/coding/ROS_auto_robot/ros2_01_ws/build/py_srvcli/package.xml -> /home/rikverhoeven/Documents/coding/ROS_auto_robot/ros2_01_ws/install/py_srvcli/share/py_srvcli
[2.864s] Invoked command in '/home/rikverhoeven/Documents/coding/ROS_auto_robot/ros2_01_ws/build/py_srvcli' returned '0': PYTHONPATH=/home/rikverhoeven/Documents/coding/ROS_auto_robot/ros2_01_ws/build/py_srvcli/prefix_override:/home/rikverhoeven/Documents/coding/ROS_auto_robot/ros2_01_ws/install/py_srvcli/lib/python3.10/site-packages:${PYTHONPATH} /usr/bin/python3 -W ignore:setup.py install is deprecated setup.py develop --editable --build-directory /home/rikverhoeven/Documents/coding/ROS_auto_robot/ros2_01_ws/build/py_srvcli/build --no-deps symlink_data
