[1.543s] Invoking command in '/home/rikverhoeven/Documents/coding/ROS_auto_robot/ros2_01_ws/build/kimbo_control_dc_motor': PYTHONPATH=/home/rikverhoeven/Documents/coding/ROS_auto_robot/ros2_01_ws/build/kimbo_control_dc_motor/prefix_override:/home/rikverhoeven/Documents/coding/ROS_auto_robot/ros2_01_ws/install/kimbo_control_dc_motor/lib/python3.10/site-packages:${PYTHONPATH} /usr/bin/python3 -W ignore:setup.py install is deprecated setup.py develop --editable --build-directory /home/rikverhoeven/Documents/coding/ROS_auto_robot/ros2_01_ws/build/kimbo_control_dc_motor/build --no-deps symlink_data --force
[1.991s] running develop
[2.285s] running egg_info
[2.285s] writing kimbo_control_dc_motor.egg-info/PKG-INFO
[2.285s] writing dependency_links to kimbo_control_dc_motor.egg-info/dependency_links.txt
[2.286s] writing entry points to kimbo_control_dc_motor.egg-info/entry_points.txt
[2.286s] writing requirements to kimbo_control_dc_motor.egg-info/requires.txt
[2.286s] writing top-level names to kimbo_control_dc_motor.egg-info/top_level.txt
[2.289s] reading manifest file 'kimbo_control_dc_motor.egg-info/SOURCES.txt'
[2.290s] writing manifest file 'kimbo_control_dc_motor.egg-info/SOURCES.txt'
[2.292s] running build_ext
[2.293s] Creating /home/rikverhoeven/Documents/coding/ROS_auto_robot/ros2_01_ws/install/kimbo_control_dc_motor/lib/python3.10/site-packages/kimbo-control-dc-motor.egg-link (link to .)
[2.294s] Installing make_turtle_circle script to /home/rikverhoeven/Documents/coding/ROS_auto_robot/ros2_01_ws/install/kimbo_control_dc_motor/lib/kimbo_control_dc_motor
[2.294s] Installing test_node_exec script to /home/rikverhoeven/Documents/coding/ROS_auto_robot/ros2_01_ws/install/kimbo_control_dc_motor/lib/kimbo_control_dc_motor
[2.295s] 
[2.295s] Installed /home/rikverhoeven/Documents/coding/ROS_auto_robot/ros2_01_ws/build/kimbo_control_dc_motor
[2.295s] running symlink_data
[2.295s] symbolically linking /home/rikverhoeven/Documents/coding/ROS_auto_robot/ros2_01_ws/build/kimbo_control_dc_motor/resource/kimbo_control_dc_motor -> /home/rikverhoeven/Documents/coding/ROS_auto_robot/ros2_01_ws/install/kimbo_control_dc_motor/share/ament_index/resource_index/packages
[2.295s] symbolically linking /home/rikverhoeven/Documents/coding/ROS_auto_robot/ros2_01_ws/build/kimbo_control_dc_motor/package.xml -> /home/rikverhoeven/Documents/coding/ROS_auto_robot/ros2_01_ws/install/kimbo_control_dc_motor/share/kimbo_control_dc_motor
[2.350s] Invoked command in '/home/rikverhoeven/Documents/coding/ROS_auto_robot/ros2_01_ws/build/kimbo_control_dc_motor' returned '0': PYTHONPATH=/home/rikverhoeven/Documents/coding/ROS_auto_robot/ros2_01_ws/build/kimbo_control_dc_motor/prefix_override:/home/rikverhoeven/Documents/coding/ROS_auto_robot/ros2_01_ws/install/kimbo_control_dc_motor/lib/python3.10/site-packages:${PYTHONPATH} /usr/bin/python3 -W ignore:setup.py install is deprecated setup.py develop --editable --build-directory /home/rikverhoeven/Documents/coding/ROS_auto_robot/ros2_01_ws/build/kimbo_control_dc_motor/build --no-deps symlink_data --force
