[1.465s] Invoking command in '/home/rikverhoeven/Documents/coding/ROS_auto_robot/ros2_01_ws/src/py_pubsub': PYTHONPATH=/home/rikverhoeven/Documents/coding/ROS_auto_robot/ros2_01_ws/build/py_pubsub/prefix_override:/home/rikverhoeven/Documents/coding/ROS_auto_robot/ros2_01_ws/install/py_pubsub/lib/python3.10/site-packages:${PYTHONPATH} /usr/bin/python3 -W ignore:setup.py install is deprecated setup.py egg_info --egg-base ../../build/py_pubsub build --build-base /home/rikverhoeven/Documents/coding/ROS_auto_robot/ros2_01_ws/build/py_pubsub/build install --record /home/rikverhoeven/Documents/coding/ROS_auto_robot/ros2_01_ws/build/py_pubsub/install.log --single-version-externally-managed install_data
[1.912s] running egg_info
[1.913s] creating ../../build/py_pubsub/py_pubsub.egg-info
[1.913s] writing ../../build/py_pubsub/py_pubsub.egg-info/PKG-INFO
[1.913s] writing dependency_links to ../../build/py_pubsub/py_pubsub.egg-info/dependency_links.txt
[1.914s] writing entry points to ../../build/py_pubsub/py_pubsub.egg-info/entry_points.txt
[1.914s] writing requirements to ../../build/py_pubsub/py_pubsub.egg-info/requires.txt
[1.914s] writing top-level names to ../../build/py_pubsub/py_pubsub.egg-info/top_level.txt
[1.914s] writing manifest file '../../build/py_pubsub/py_pubsub.egg-info/SOURCES.txt'
[1.916s] reading manifest file '../../build/py_pubsub/py_pubsub.egg-info/SOURCES.txt'
[1.916s] adding license file 'LICENSE'
[1.917s] writing manifest file '../../build/py_pubsub/py_pubsub.egg-info/SOURCES.txt'
[1.917s] running build
[1.917s] running build_py
[1.918s] creating /home/rikverhoeven/Documents/coding/ROS_auto_robot/ros2_01_ws/build/py_pubsub/build
[1.918s] creating /home/rikverhoeven/Documents/coding/ROS_auto_robot/ros2_01_ws/build/py_pubsub/build/lib
[1.918s] creating /home/rikverhoeven/Documents/coding/ROS_auto_robot/ros2_01_ws/build/py_pubsub/build/lib/py_pubsub
[1.918s] copying py_pubsub/subscriber_member_function.py -> /home/rikverhoeven/Documents/coding/ROS_auto_robot/ros2_01_ws/build/py_pubsub/build/lib/py_pubsub
[1.918s] copying py_pubsub/__init__.py -> /home/rikverhoeven/Documents/coding/ROS_auto_robot/ros2_01_ws/build/py_pubsub/build/lib/py_pubsub
[1.918s] copying py_pubsub/publisher_member_function.py -> /home/rikverhoeven/Documents/coding/ROS_auto_robot/ros2_01_ws/build/py_pubsub/build/lib/py_pubsub
[1.918s] running install
[1.919s] running install_lib
[1.920s] creating /home/rikverhoeven/Documents/coding/ROS_auto_robot/ros2_01_ws/install/py_pubsub/lib/python3.10/site-packages/py_pubsub
[1.920s] copying /home/rikverhoeven/Documents/coding/ROS_auto_robot/ros2_01_ws/build/py_pubsub/build/lib/py_pubsub/subscriber_member_function.py -> /home/rikverhoeven/Documents/coding/ROS_auto_robot/ros2_01_ws/install/py_pubsub/lib/python3.10/site-packages/py_pubsub
[1.920s] copying /home/rikverhoeven/Documents/coding/ROS_auto_robot/ros2_01_ws/build/py_pubsub/build/lib/py_pubsub/__init__.py -> /home/rikverhoeven/Documents/coding/ROS_auto_robot/ros2_01_ws/install/py_pubsub/lib/python3.10/site-packages/py_pubsub
[1.920s] copying /home/rikverhoeven/Documents/coding/ROS_auto_robot/ros2_01_ws/build/py_pubsub/build/lib/py_pubsub/publisher_member_function.py -> /home/rikverhoeven/Documents/coding/ROS_auto_robot/ros2_01_ws/install/py_pubsub/lib/python3.10/site-packages/py_pubsub
[1.921s] byte-compiling /home/rikverhoeven/Documents/coding/ROS_auto_robot/ros2_01_ws/install/py_pubsub/lib/python3.10/site-packages/py_pubsub/subscriber_member_function.py to subscriber_member_function.cpython-310.pyc
[1.922s] byte-compiling /home/rikverhoeven/Documents/coding/ROS_auto_robot/ros2_01_ws/install/py_pubsub/lib/python3.10/site-packages/py_pubsub/__init__.py to __init__.cpython-310.pyc
[1.922s] byte-compiling /home/rikverhoeven/Documents/coding/ROS_auto_robot/ros2_01_ws/install/py_pubsub/lib/python3.10/site-packages/py_pubsub/publisher_member_function.py to publisher_member_function.cpython-310.pyc
[1.923s] running install_data
[1.924s] creating /home/rikverhoeven/Documents/coding/ROS_auto_robot/ros2_01_ws/install/py_pubsub/share/ament_index
[1.924s] creating /home/rikverhoeven/Documents/coding/ROS_auto_robot/ros2_01_ws/install/py_pubsub/share/ament_index/resource_index
[1.924s] creating /home/rikverhoeven/Documents/coding/ROS_auto_robot/ros2_01_ws/install/py_pubsub/share/ament_index/resource_index/packages
[1.924s] copying resource/py_pubsub -> /home/rikverhoeven/Documents/coding/ROS_auto_robot/ros2_01_ws/install/py_pubsub/share/ament_index/resource_index/packages
[1.925s] copying package.xml -> /home/rikverhoeven/Documents/coding/ROS_auto_robot/ros2_01_ws/install/py_pubsub/share/py_pubsub
[1.925s] running install_egg_info
[1.926s] Copying ../../build/py_pubsub/py_pubsub.egg-info to /home/rikverhoeven/Documents/coding/ROS_auto_robot/ros2_01_ws/install/py_pubsub/lib/python3.10/site-packages/py_pubsub-0.0.0-py3.10.egg-info
[1.928s] running install_scripts
[1.955s] Installing listener script to /home/rikverhoeven/Documents/coding/ROS_auto_robot/ros2_01_ws/install/py_pubsub/lib/py_pubsub
[1.955s] Installing talker script to /home/rikverhoeven/Documents/coding/ROS_auto_robot/ros2_01_ws/install/py_pubsub/lib/py_pubsub
[1.956s] writing list of installed files to '/home/rikverhoeven/Documents/coding/ROS_auto_robot/ros2_01_ws/build/py_pubsub/install.log'
[1.994s] Invoked command in '/home/rikverhoeven/Documents/coding/ROS_auto_robot/ros2_01_ws/src/py_pubsub' returned '0': PYTHONPATH=/home/rikverhoeven/Documents/coding/ROS_auto_robot/ros2_01_ws/build/py_pubsub/prefix_override:/home/rikverhoeven/Documents/coding/ROS_auto_robot/ros2_01_ws/install/py_pubsub/lib/python3.10/site-packages:${PYTHONPATH} /usr/bin/python3 -W ignore:setup.py install is deprecated setup.py egg_info --egg-base ../../build/py_pubsub build --build-base /home/rikverhoeven/Documents/coding/ROS_auto_robot/ros2_01_ws/build/py_pubsub/build install --record /home/rikverhoeven/Documents/coding/ROS_auto_robot/ros2_01_ws/build/py_pubsub/install.log --single-version-externally-managed install_data
