[0.164s] DEBUG:colcon:Command line arguments: ['/usr/bin/colcon', 'build', '--symlink-install']
[0.164s] DEBUG:colcon:Parsed command line arguments: Namespace(log_base=None, log_level=None, verb_name='build', build_base='build', install_base='install', merge_install=False, symlink_install=True, test_result_base=None, continue_on_error=False, executor='parallel', parallel_workers=8, event_handlers=None, ignore_user_meta=False, metas=['./colcon.meta'], base_paths=['.'], packages_ignore=None, packages_ignore_regex=None, paths=None, packages_up_to=None, packages_up_to_regex=None, packages_above=None, packages_above_and_dependencies=None, packages_above_depth=None, packages_select_by_dep=None, packages_skip_by_dep=None, packages_skip_up_to=None, packages_select_build_failed=False, packages_skip_build_finished=False, packages_select_test_failures=False, packages_skip_test_passed=False, packages_select=None, packages_skip=None, packages_select_regex=None, packages_skip_regex=None, packages_start=None, packages_end=None, allow_overriding=[], cmake_args=None, cmake_target=None, cmake_target_skip_unavailable=False, cmake_clean_cache=False, cmake_clean_first=False, cmake_force_configure=False, ament_cmake_args=None, catkin_cmake_args=None, catkin_skip_building_tests=False, verb_parser=<colcon_defaults.argument_parser.defaults.DefaultArgumentsDecorator object at 0x7a45450311e0>, verb_extension=<colcon_core.verb.build.BuildVerb object at 0x7a4545030640>, main=<bound method BuildVerb.main of <colcon_core.verb.build.BuildVerb object at 0x7a4545030640>>)
[0.568s] Level 1:colcon.colcon_core.package_discovery:discover_packages(colcon_meta) check parameters
[0.568s] Level 1:colcon.colcon_core.package_discovery:discover_packages(recursive) check parameters
[0.568s] Level 1:colcon.colcon_core.package_discovery:discover_packages(ignore) check parameters
[0.568s] Level 1:colcon.colcon_core.package_discovery:discover_packages(path) check parameters
[0.569s] Level 1:colcon.colcon_core.package_discovery:discover_packages(colcon_meta) discover
[0.569s] Level 1:colcon.colcon_core.package_discovery:discover_packages(recursive) discover
[0.569s] INFO:colcon.colcon_core.package_discovery:Crawling recursively for packages in '/home/rikverhoeven/Documents/coding/ROS_auto_robot/ros2_01_ws'
[0.569s] Level 1:colcon.colcon_core.package_identification:_identify(.) by extensions ['ignore', 'ignore_ament_install']
[0.569s] Level 1:colcon.colcon_core.package_identification:_identify(.) by extension 'ignore'
[0.569s] Level 1:colcon.colcon_core.package_identification:_identify(.) by extension 'ignore_ament_install'
[0.569s] Level 1:colcon.colcon_core.package_identification:_identify(.) by extensions ['colcon_pkg']
[0.569s] Level 1:colcon.colcon_core.package_identification:_identify(.) by extension 'colcon_pkg'
[0.569s] Level 1:colcon.colcon_core.package_identification:_identify(.) by extensions ['colcon_meta']
[0.569s] Level 1:colcon.colcon_core.package_identification:_identify(.) by extension 'colcon_meta'
[0.569s] Level 1:colcon.colcon_core.package_identification:_identify(.) by extensions ['ros']
[0.569s] Level 1:colcon.colcon_core.package_identification:_identify(.) by extension 'ros'
[0.594s] Level 1:colcon.colcon_core.package_identification:_identify(.) by extensions ['cmake', 'python']
[0.594s] Level 1:colcon.colcon_core.package_identification:_identify(.) by extension 'cmake'
[0.595s] Level 1:colcon.colcon_core.package_identification:_identify(.) by extension 'python'
[0.595s] Level 1:colcon.colcon_core.package_identification:_identify(.) by extensions ['python_setup_py']
[0.595s] Level 1:colcon.colcon_core.package_identification:_identify(.) by extension 'python_setup_py'
[0.595s] Level 1:colcon.colcon_core.package_identification:_identify(build) by extensions ['ignore', 'ignore_ament_install']
[0.596s] Level 1:colcon.colcon_core.package_identification:_identify(build) by extension 'ignore'
[0.596s] Level 1:colcon.colcon_core.package_identification:_identify(build) ignored
[0.597s] Level 1:colcon.colcon_core.package_identification:_identify(install) by extensions ['ignore', 'ignore_ament_install']
[0.597s] Level 1:colcon.colcon_core.package_identification:_identify(install) by extension 'ignore'
[0.597s] Level 1:colcon.colcon_core.package_identification:_identify(install) ignored
[0.597s] Level 1:colcon.colcon_core.package_identification:_identify(log) by extensions ['ignore', 'ignore_ament_install']
[0.598s] Level 1:colcon.colcon_core.package_identification:_identify(log) by extension 'ignore'
[0.598s] Level 1:colcon.colcon_core.package_identification:_identify(log) ignored
[0.598s] Level 1:colcon.colcon_core.package_identification:_identify(src) by extensions ['ignore', 'ignore_ament_install']
[0.598s] Level 1:colcon.colcon_core.package_identification:_identify(src) by extension 'ignore'
[0.598s] Level 1:colcon.colcon_core.package_identification:_identify(src) by extension 'ignore_ament_install'
[0.598s] Level 1:colcon.colcon_core.package_identification:_identify(src) by extensions ['colcon_pkg']
[0.598s] Level 1:colcon.colcon_core.package_identification:_identify(src) by extension 'colcon_pkg'
[0.599s] Level 1:colcon.colcon_core.package_identification:_identify(src) by extensions ['colcon_meta']
[0.599s] Level 1:colcon.colcon_core.package_identification:_identify(src) by extension 'colcon_meta'
[0.599s] Level 1:colcon.colcon_core.package_identification:_identify(src) by extensions ['ros']
[0.599s] Level 1:colcon.colcon_core.package_identification:_identify(src) by extension 'ros'
[0.599s] Level 1:colcon.colcon_core.package_identification:_identify(src) by extensions ['cmake', 'python']
[0.599s] Level 1:colcon.colcon_core.package_identification:_identify(src) by extension 'cmake'
[0.599s] Level 1:colcon.colcon_core.package_identification:_identify(src) by extension 'python'
[0.599s] Level 1:colcon.colcon_core.package_identification:_identify(src) by extensions ['python_setup_py']
[0.599s] Level 1:colcon.colcon_core.package_identification:_identify(src) by extension 'python_setup_py'
[0.600s] Level 1:colcon.colcon_core.package_identification:_identify(src/cpp_srvcli) by extensions ['ignore', 'ignore_ament_install']
[0.601s] Level 1:colcon.colcon_core.package_identification:_identify(src/cpp_srvcli) by extension 'ignore'
[0.601s] Level 1:colcon.colcon_core.package_identification:_identify(src/cpp_srvcli) by extension 'ignore_ament_install'
[0.602s] Level 1:colcon.colcon_core.package_identification:_identify(src/cpp_srvcli) by extensions ['colcon_pkg']
[0.602s] Level 1:colcon.colcon_core.package_identification:_identify(src/cpp_srvcli) by extension 'colcon_pkg'
[0.602s] Level 1:colcon.colcon_core.package_identification:_identify(src/cpp_srvcli) by extensions ['colcon_meta']
[0.603s] Level 1:colcon.colcon_core.package_identification:_identify(src/cpp_srvcli) by extension 'colcon_meta'
[0.603s] Level 1:colcon.colcon_core.package_identification:_identify(src/cpp_srvcli) by extensions ['ros']
[0.603s] Level 1:colcon.colcon_core.package_identification:_identify(src/cpp_srvcli) by extension 'ros'
[0.609s] DEBUG:colcon.colcon_core.package_identification:Package 'src/cpp_srvcli' with type 'ros.ament_cmake' and name 'cpp_srvcli'
[0.610s] Level 1:colcon.colcon_core.package_identification:_identify(src/kimbo_control_dc_motor) by extensions ['ignore', 'ignore_ament_install']
[0.611s] Level 1:colcon.colcon_core.package_identification:_identify(src/kimbo_control_dc_motor) by extension 'ignore'
[0.611s] Level 1:colcon.colcon_core.package_identification:_identify(src/kimbo_control_dc_motor) by extension 'ignore_ament_install'
[0.612s] Level 1:colcon.colcon_core.package_identification:_identify(src/kimbo_control_dc_motor) by extensions ['colcon_pkg']
[0.612s] Level 1:colcon.colcon_core.package_identification:_identify(src/kimbo_control_dc_motor) by extension 'colcon_pkg'
[0.612s] Level 1:colcon.colcon_core.package_identification:_identify(src/kimbo_control_dc_motor) by extensions ['colcon_meta']
[0.612s] Level 1:colcon.colcon_core.package_identification:_identify(src/kimbo_control_dc_motor) by extension 'colcon_meta'
[0.613s] Level 1:colcon.colcon_core.package_identification:_identify(src/kimbo_control_dc_motor) by extensions ['ros']
[0.613s] Level 1:colcon.colcon_core.package_identification:_identify(src/kimbo_control_dc_motor) by extension 'ros'
[0.615s] DEBUG:colcon.colcon_core.package_identification:Package 'src/kimbo_control_dc_motor' with type 'ros.ament_python' and name 'kimbo_control_dc_motor'
[0.615s] Level 1:colcon.colcon_core.package_identification:_identify(src/py_pubsub) by extensions ['ignore', 'ignore_ament_install']
[0.616s] Level 1:colcon.colcon_core.package_identification:_identify(src/py_pubsub) by extension 'ignore'
[0.616s] Level 1:colcon.colcon_core.package_identification:_identify(src/py_pubsub) by extension 'ignore_ament_install'
[0.616s] Level 1:colcon.colcon_core.package_identification:_identify(src/py_pubsub) by extensions ['colcon_pkg']
[0.617s] Level 1:colcon.colcon_core.package_identification:_identify(src/py_pubsub) by extension 'colcon_pkg'
[0.617s] Level 1:colcon.colcon_core.package_identification:_identify(src/py_pubsub) by extensions ['colcon_meta']
[0.617s] Level 1:colcon.colcon_core.package_identification:_identify(src/py_pubsub) by extension 'colcon_meta'
[0.617s] Level 1:colcon.colcon_core.package_identification:_identify(src/py_pubsub) by extensions ['ros']
[0.618s] Level 1:colcon.colcon_core.package_identification:_identify(src/py_pubsub) by extension 'ros'
[0.619s] DEBUG:colcon.colcon_core.package_identification:Package 'src/py_pubsub' with type 'ros.ament_python' and name 'py_pubsub'
[0.619s] Level 1:colcon.colcon_core.package_discovery:discover_packages(recursive) using defaults
[0.620s] Level 1:colcon.colcon_core.package_discovery:discover_packages(ignore) discover
[0.620s] Level 1:colcon.colcon_core.package_discovery:discover_packages(ignore) using defaults
[0.621s] Level 1:colcon.colcon_core.package_discovery:discover_packages(path) discover
[0.621s] Level 1:colcon.colcon_core.package_discovery:discover_packages(path) using defaults
[0.682s] Level 1:colcon.colcon_core.package_discovery:discover_packages(prefix_path) check parameters
[0.682s] Level 1:colcon.colcon_core.package_discovery:discover_packages(prefix_path) discover
[0.685s] DEBUG:colcon.colcon_installed_package_information.package_discovery:Found 3 installed packages in /home/rikverhoeven/Documents/coding/ROS_auto_robot/ros2_01_ws/install
[0.687s] DEBUG:colcon.colcon_installed_package_information.package_discovery:Found 316 installed packages in /opt/ros/humble
[0.690s] Level 1:colcon.colcon_core.package_discovery:discover_packages(prefix_path) using defaults
[0.765s] Level 5:colcon.colcon_core.verb:set package 'cpp_srvcli' build argument 'cmake_args' from command line to 'None'
[0.765s] Level 5:colcon.colcon_core.verb:set package 'cpp_srvcli' build argument 'cmake_target' from command line to 'None'
[0.765s] Level 5:colcon.colcon_core.verb:set package 'cpp_srvcli' build argument 'cmake_target_skip_unavailable' from command line to 'False'
[0.765s] Level 5:colcon.colcon_core.verb:set package 'cpp_srvcli' build argument 'cmake_clean_cache' from command line to 'False'
[0.765s] Level 5:colcon.colcon_core.verb:set package 'cpp_srvcli' build argument 'cmake_clean_first' from command line to 'False'
[0.765s] Level 5:colcon.colcon_core.verb:set package 'cpp_srvcli' build argument 'cmake_force_configure' from command line to 'False'
[0.765s] Level 5:colcon.colcon_core.verb:set package 'cpp_srvcli' build argument 'ament_cmake_args' from command line to 'None'
[0.765s] Level 5:colcon.colcon_core.verb:set package 'cpp_srvcli' build argument 'catkin_cmake_args' from command line to 'None'
[0.765s] Level 5:colcon.colcon_core.verb:set package 'cpp_srvcli' build argument 'catkin_skip_building_tests' from command line to 'False'
[0.765s] DEBUG:colcon.colcon_core.verb:Building package 'cpp_srvcli' with the following arguments: {'ament_cmake_args': None, 'build_base': '/home/rikverhoeven/Documents/coding/ROS_auto_robot/ros2_01_ws/build/cpp_srvcli', 'catkin_cmake_args': None, 'catkin_skip_building_tests': False, 'cmake_args': None, 'cmake_clean_cache': False, 'cmake_clean_first': False, 'cmake_force_configure': False, 'cmake_target': None, 'cmake_target_skip_unavailable': False, 'install_base': '/home/rikverhoeven/Documents/coding/ROS_auto_robot/ros2_01_ws/install/cpp_srvcli', 'merge_install': False, 'path': '/home/rikverhoeven/Documents/coding/ROS_auto_robot/ros2_01_ws/src/cpp_srvcli', 'symlink_install': True, 'test_result_base': None}
[0.766s] Level 5:colcon.colcon_core.verb:set package 'kimbo_control_dc_motor' build argument 'cmake_args' from command line to 'None'
[0.766s] Level 5:colcon.colcon_core.verb:set package 'kimbo_control_dc_motor' build argument 'cmake_target' from command line to 'None'
[0.766s] Level 5:colcon.colcon_core.verb:set package 'kimbo_control_dc_motor' build argument 'cmake_target_skip_unavailable' from command line to 'False'
[0.766s] Level 5:colcon.colcon_core.verb:set package 'kimbo_control_dc_motor' build argument 'cmake_clean_cache' from command line to 'False'
[0.766s] Level 5:colcon.colcon_core.verb:set package 'kimbo_control_dc_motor' build argument 'cmake_clean_first' from command line to 'False'
[0.766s] Level 5:colcon.colcon_core.verb:set package 'kimbo_control_dc_motor' build argument 'cmake_force_configure' from command line to 'False'
[0.766s] Level 5:colcon.colcon_core.verb:set package 'kimbo_control_dc_motor' build argument 'ament_cmake_args' from command line to 'None'
[0.766s] Level 5:colcon.colcon_core.verb:set package 'kimbo_control_dc_motor' build argument 'catkin_cmake_args' from command line to 'None'
[0.766s] Level 5:colcon.colcon_core.verb:set package 'kimbo_control_dc_motor' build argument 'catkin_skip_building_tests' from command line to 'False'
[0.766s] DEBUG:colcon.colcon_core.verb:Building package 'kimbo_control_dc_motor' with the following arguments: {'ament_cmake_args': None, 'build_base': '/home/rikverhoeven/Documents/coding/ROS_auto_robot/ros2_01_ws/build/kimbo_control_dc_motor', 'catkin_cmake_args': None, 'catkin_skip_building_tests': False, 'cmake_args': None, 'cmake_clean_cache': False, 'cmake_clean_first': False, 'cmake_force_configure': False, 'cmake_target': None, 'cmake_target_skip_unavailable': False, 'install_base': '/home/rikverhoeven/Documents/coding/ROS_auto_robot/ros2_01_ws/install/kimbo_control_dc_motor', 'merge_install': False, 'path': '/home/rikverhoeven/Documents/coding/ROS_auto_robot/ros2_01_ws/src/kimbo_control_dc_motor', 'symlink_install': True, 'test_result_base': None}
[0.767s] Level 5:colcon.colcon_core.verb:set package 'py_pubsub' build argument 'cmake_args' from command line to 'None'
[0.767s] Level 5:colcon.colcon_core.verb:set package 'py_pubsub' build argument 'cmake_target' from command line to 'None'
[0.767s] Level 5:colcon.colcon_core.verb:set package 'py_pubsub' build argument 'cmake_target_skip_unavailable' from command line to 'False'
[0.767s] Level 5:colcon.colcon_core.verb:set package 'py_pubsub' build argument 'cmake_clean_cache' from command line to 'False'
[0.767s] Level 5:colcon.colcon_core.verb:set package 'py_pubsub' build argument 'cmake_clean_first' from command line to 'False'
[0.767s] Level 5:colcon.colcon_core.verb:set package 'py_pubsub' build argument 'cmake_force_configure' from command line to 'False'
[0.767s] Level 5:colcon.colcon_core.verb:set package 'py_pubsub' build argument 'ament_cmake_args' from command line to 'None'
[0.767s] Level 5:colcon.colcon_core.verb:set package 'py_pubsub' build argument 'catkin_cmake_args' from command line to 'None'
[0.767s] Level 5:colcon.colcon_core.verb:set package 'py_pubsub' build argument 'catkin_skip_building_tests' from command line to 'False'
[0.767s] DEBUG:colcon.colcon_core.verb:Building package 'py_pubsub' with the following arguments: {'ament_cmake_args': None, 'build_base': '/home/rikverhoeven/Documents/coding/ROS_auto_robot/ros2_01_ws/build/py_pubsub', 'catkin_cmake_args': None, 'catkin_skip_building_tests': False, 'cmake_args': None, 'cmake_clean_cache': False, 'cmake_clean_first': False, 'cmake_force_configure': False, 'cmake_target': None, 'cmake_target_skip_unavailable': False, 'install_base': '/home/rikverhoeven/Documents/coding/ROS_auto_robot/ros2_01_ws/install/py_pubsub', 'merge_install': False, 'path': '/home/rikverhoeven/Documents/coding/ROS_auto_robot/ros2_01_ws/src/py_pubsub', 'symlink_install': True, 'test_result_base': None}
[0.767s] INFO:colcon.colcon_core.executor:Executing jobs using 'parallel' executor
[0.769s] DEBUG:colcon.colcon_parallel_executor.executor.parallel:run_until_complete
[0.770s] INFO:colcon.colcon_ros.task.ament_cmake.build:Building ROS package in '/home/rikverhoeven/Documents/coding/ROS_auto_robot/ros2_01_ws/src/cpp_srvcli' with build type 'ament_cmake'
[0.770s] INFO:colcon.colcon_cmake.task.cmake.build:Building CMake package in '/home/rikverhoeven/Documents/coding/ROS_auto_robot/ros2_01_ws/src/cpp_srvcli'
[0.773s] INFO:colcon.colcon_core.plugin_system:Skipping extension 'colcon_core.shell.bat': Not used on non-Windows systems
[0.773s] INFO:colcon.colcon_core.shell:Skip shell extension 'powershell' for command environment: Not usable outside of PowerShell
[0.773s] DEBUG:colcon.colcon_core.shell:Skip shell extension 'dsv' for command environment
[0.778s] INFO:colcon.colcon_ros.task.ament_python.build:Building ROS package in '/home/rikverhoeven/Documents/coding/ROS_auto_robot/ros2_01_ws/src/kimbo_control_dc_motor' with build type 'ament_python'
[0.779s] Level 1:colcon.colcon_core.shell:create_environment_hook('kimbo_control_dc_motor', 'ament_prefix_path')
[0.779s] INFO:colcon.colcon_core.shell:Creating environment hook '/home/rikverhoeven/Documents/coding/ROS_auto_robot/ros2_01_ws/install/kimbo_control_dc_motor/share/kimbo_control_dc_motor/hook/ament_prefix_path.ps1'
[0.780s] INFO:colcon.colcon_core.shell:Creating environment descriptor '/home/rikverhoeven/Documents/coding/ROS_auto_robot/ros2_01_ws/install/kimbo_control_dc_motor/share/kimbo_control_dc_motor/hook/ament_prefix_path.dsv'
[0.781s] INFO:colcon.colcon_core.shell:Creating environment hook '/home/rikverhoeven/Documents/coding/ROS_auto_robot/ros2_01_ws/install/kimbo_control_dc_motor/share/kimbo_control_dc_motor/hook/ament_prefix_path.sh'
[0.782s] INFO:colcon.colcon_core.shell:Skip shell extension 'powershell' for command environment: Not usable outside of PowerShell
[0.782s] DEBUG:colcon.colcon_core.shell:Skip shell extension 'dsv' for command environment
[0.789s] INFO:colcon.colcon_ros.task.ament_python.build:Building ROS package in '/home/rikverhoeven/Documents/coding/ROS_auto_robot/ros2_01_ws/src/py_pubsub' with build type 'ament_python'
[0.790s] Level 1:colcon.colcon_core.shell:create_environment_hook('py_pubsub', 'ament_prefix_path')
[0.790s] INFO:colcon.colcon_core.shell:Creating environment hook '/home/rikverhoeven/Documents/coding/ROS_auto_robot/ros2_01_ws/install/py_pubsub/share/py_pubsub/hook/ament_prefix_path.ps1'
[0.791s] INFO:colcon.colcon_core.shell:Creating environment descriptor '/home/rikverhoeven/Documents/coding/ROS_auto_robot/ros2_01_ws/install/py_pubsub/share/py_pubsub/hook/ament_prefix_path.dsv'
[0.791s] INFO:colcon.colcon_core.shell:Creating environment hook '/home/rikverhoeven/Documents/coding/ROS_auto_robot/ros2_01_ws/install/py_pubsub/share/py_pubsub/hook/ament_prefix_path.sh'
[0.792s] INFO:colcon.colcon_core.shell:Skip shell extension 'powershell' for command environment: Not usable outside of PowerShell
[0.792s] DEBUG:colcon.colcon_core.shell:Skip shell extension 'dsv' for command environment
[0.805s] DEBUG:colcon.colcon_core.event_handler.log_command:Invoking command in '/home/rikverhoeven/Documents/coding/ROS_auto_robot/ros2_01_ws/build/cpp_srvcli': CMAKE_PREFIX_PATH=${CMAKE_PREFIX_PATH}:/home/rikverhoeven/Documents/coding/ROS_auto_robot/ros2_01_ws/install/py_pubsub:/home/rikverhoeven/Documents/coding/ROS_auto_robot/ros2_01_ws/install/kimbo_control_dc_motor:/opt/ros/humble /usr/bin/cmake --build /home/rikverhoeven/Documents/coding/ROS_auto_robot/ros2_01_ws/build/cpp_srvcli -- -j8 -l8
[1.310s] INFO:colcon.colcon_core.task.python.build:Building Python package in '/home/rikverhoeven/Documents/coding/ROS_auto_robot/ros2_01_ws/src/kimbo_control_dc_motor'
[1.310s] INFO:colcon.colcon_core.shell:Skip shell extension 'powershell' for command environment: Not usable outside of PowerShell
[1.310s] DEBUG:colcon.colcon_core.shell:Skip shell extension 'dsv' for command environment
[1.761s] INFO:colcon.colcon_core.task.python.build:Building Python package in '/home/rikverhoeven/Documents/coding/ROS_auto_robot/ros2_01_ws/src/py_pubsub'
[1.762s] INFO:colcon.colcon_core.shell:Skip shell extension 'powershell' for command environment: Not usable outside of PowerShell
[1.762s] DEBUG:colcon.colcon_core.shell:Skip shell extension 'dsv' for command environment
[1.776s] DEBUG:colcon.colcon_core.event_handler.log_command:Invoked command in '/home/rikverhoeven/Documents/coding/ROS_auto_robot/ros2_01_ws/build/cpp_srvcli' returned '0': CMAKE_PREFIX_PATH=${CMAKE_PREFIX_PATH}:/home/rikverhoeven/Documents/coding/ROS_auto_robot/ros2_01_ws/install/py_pubsub:/home/rikverhoeven/Documents/coding/ROS_auto_robot/ros2_01_ws/install/kimbo_control_dc_motor:/opt/ros/humble /usr/bin/cmake --build /home/rikverhoeven/Documents/coding/ROS_auto_robot/ros2_01_ws/build/cpp_srvcli -- -j8 -l8
[1.827s] DEBUG:colcon.colcon_core.event_handler.log_command:Invoking command in '/home/rikverhoeven/Documents/coding/ROS_auto_robot/ros2_01_ws/build/cpp_srvcli': CMAKE_PREFIX_PATH=${CMAKE_PREFIX_PATH}:/home/rikverhoeven/Documents/coding/ROS_auto_robot/ros2_01_ws/install/py_pubsub:/home/rikverhoeven/Documents/coding/ROS_auto_robot/ros2_01_ws/install/kimbo_control_dc_motor:/opt/ros/humble /usr/bin/cmake --install /home/rikverhoeven/Documents/coding/ROS_auto_robot/ros2_01_ws/build/cpp_srvcli
[1.887s] Level 1:colcon.colcon_core.environment:create_environment_scripts_only(cpp_srvcli)
[1.888s] DEBUG:colcon.colcon_core.event_handler.log_command:Invoked command in '/home/rikverhoeven/Documents/coding/ROS_auto_robot/ros2_01_ws/build/cpp_srvcli' returned '0': CMAKE_PREFIX_PATH=${CMAKE_PREFIX_PATH}:/home/rikverhoeven/Documents/coding/ROS_auto_robot/ros2_01_ws/install/py_pubsub:/home/rikverhoeven/Documents/coding/ROS_auto_robot/ros2_01_ws/install/kimbo_control_dc_motor:/opt/ros/humble /usr/bin/cmake --install /home/rikverhoeven/Documents/coding/ROS_auto_robot/ros2_01_ws/build/cpp_srvcli
[1.893s] Level 1:colcon.colcon_core.environment:checking '/home/rikverhoeven/Documents/coding/ROS_auto_robot/ros2_01_ws/install/cpp_srvcli' for CMake module files
[1.895s] Level 1:colcon.colcon_core.environment:checking '/home/rikverhoeven/Documents/coding/ROS_auto_robot/ros2_01_ws/install/cpp_srvcli' for CMake config files
[1.895s] Level 1:colcon.colcon_core.shell:create_environment_hook('cpp_srvcli', 'cmake_prefix_path')
[1.896s] INFO:colcon.colcon_core.shell:Creating environment hook '/home/rikverhoeven/Documents/coding/ROS_auto_robot/ros2_01_ws/install/cpp_srvcli/share/cpp_srvcli/hook/cmake_prefix_path.ps1'
[1.897s] INFO:colcon.colcon_core.shell:Creating environment descriptor '/home/rikverhoeven/Documents/coding/ROS_auto_robot/ros2_01_ws/install/cpp_srvcli/share/cpp_srvcli/hook/cmake_prefix_path.dsv'
[1.898s] INFO:colcon.colcon_core.shell:Creating environment hook '/home/rikverhoeven/Documents/coding/ROS_auto_robot/ros2_01_ws/install/cpp_srvcli/share/cpp_srvcli/hook/cmake_prefix_path.sh'
[1.899s] Level 1:colcon.colcon_core.environment:checking '/home/rikverhoeven/Documents/coding/ROS_auto_robot/ros2_01_ws/install/cpp_srvcli/lib'
[1.900s] Level 1:colcon.colcon_core.environment:checking '/home/rikverhoeven/Documents/coding/ROS_auto_robot/ros2_01_ws/install/cpp_srvcli/bin'
[1.900s] Level 1:colcon.colcon_core.environment:checking '/home/rikverhoeven/Documents/coding/ROS_auto_robot/ros2_01_ws/install/cpp_srvcli/lib/pkgconfig/cpp_srvcli.pc'
[1.901s] Level 1:colcon.colcon_core.environment:checking '/home/rikverhoeven/Documents/coding/ROS_auto_robot/ros2_01_ws/install/cpp_srvcli/lib/python3.10/site-packages'
[1.901s] Level 1:colcon.colcon_core.environment:checking '/home/rikverhoeven/Documents/coding/ROS_auto_robot/ros2_01_ws/install/cpp_srvcli/bin'
[1.902s] INFO:colcon.colcon_core.shell:Creating package script '/home/rikverhoeven/Documents/coding/ROS_auto_robot/ros2_01_ws/install/cpp_srvcli/share/cpp_srvcli/package.ps1'
[1.904s] INFO:colcon.colcon_core.shell:Creating package descriptor '/home/rikverhoeven/Documents/coding/ROS_auto_robot/ros2_01_ws/install/cpp_srvcli/share/cpp_srvcli/package.dsv'
[1.905s] INFO:colcon.colcon_core.shell:Creating package script '/home/rikverhoeven/Documents/coding/ROS_auto_robot/ros2_01_ws/install/cpp_srvcli/share/cpp_srvcli/package.sh'
[1.907s] INFO:colcon.colcon_core.shell:Creating package script '/home/rikverhoeven/Documents/coding/ROS_auto_robot/ros2_01_ws/install/cpp_srvcli/share/cpp_srvcli/package.bash'
[1.909s] INFO:colcon.colcon_core.shell:Creating package script '/home/rikverhoeven/Documents/coding/ROS_auto_robot/ros2_01_ws/install/cpp_srvcli/share/cpp_srvcli/package.zsh'
[1.910s] Level 1:colcon.colcon_core.environment:create_file_with_runtime_dependencies(/home/rikverhoeven/Documents/coding/ROS_auto_robot/ros2_01_ws/install/cpp_srvcli/share/colcon-core/packages/cpp_srvcli)
[1.948s] Level 1:colcon.colcon_core.environment:create_environment_scripts_only(cpp_srvcli)
[1.948s] Level 1:colcon.colcon_core.environment:checking '/home/rikverhoeven/Documents/coding/ROS_auto_robot/ros2_01_ws/install/cpp_srvcli' for CMake module files
[1.950s] Level 1:colcon.colcon_core.environment:checking '/home/rikverhoeven/Documents/coding/ROS_auto_robot/ros2_01_ws/install/cpp_srvcli' for CMake config files
[1.950s] Level 1:colcon.colcon_core.shell:create_environment_hook('cpp_srvcli', 'cmake_prefix_path')
[1.951s] INFO:colcon.colcon_core.shell:Creating environment hook '/home/rikverhoeven/Documents/coding/ROS_auto_robot/ros2_01_ws/install/cpp_srvcli/share/cpp_srvcli/hook/cmake_prefix_path.ps1'
[1.952s] INFO:colcon.colcon_core.shell:Creating environment descriptor '/home/rikverhoeven/Documents/coding/ROS_auto_robot/ros2_01_ws/install/cpp_srvcli/share/cpp_srvcli/hook/cmake_prefix_path.dsv'
[1.952s] INFO:colcon.colcon_core.shell:Creating environment hook '/home/rikverhoeven/Documents/coding/ROS_auto_robot/ros2_01_ws/install/cpp_srvcli/share/cpp_srvcli/hook/cmake_prefix_path.sh'
[1.953s] Level 1:colcon.colcon_core.environment:checking '/home/rikverhoeven/Documents/coding/ROS_auto_robot/ros2_01_ws/install/cpp_srvcli/lib'
[1.953s] Level 1:colcon.colcon_core.environment:checking '/home/rikverhoeven/Documents/coding/ROS_auto_robot/ros2_01_ws/install/cpp_srvcli/bin'
[1.953s] Level 1:colcon.colcon_core.environment:checking '/home/rikverhoeven/Documents/coding/ROS_auto_robot/ros2_01_ws/install/cpp_srvcli/lib/pkgconfig/cpp_srvcli.pc'
[1.954s] Level 1:colcon.colcon_core.environment:checking '/home/rikverhoeven/Documents/coding/ROS_auto_robot/ros2_01_ws/install/cpp_srvcli/lib/python3.10/site-packages'
[1.954s] Level 1:colcon.colcon_core.environment:checking '/home/rikverhoeven/Documents/coding/ROS_auto_robot/ros2_01_ws/install/cpp_srvcli/bin'
[1.955s] INFO:colcon.colcon_core.shell:Creating package script '/home/rikverhoeven/Documents/coding/ROS_auto_robot/ros2_01_ws/install/cpp_srvcli/share/cpp_srvcli/package.ps1'
[1.956s] INFO:colcon.colcon_core.shell:Creating package descriptor '/home/rikverhoeven/Documents/coding/ROS_auto_robot/ros2_01_ws/install/cpp_srvcli/share/cpp_srvcli/package.dsv'
[1.957s] INFO:colcon.colcon_core.shell:Creating package script '/home/rikverhoeven/Documents/coding/ROS_auto_robot/ros2_01_ws/install/cpp_srvcli/share/cpp_srvcli/package.sh'
[1.958s] INFO:colcon.colcon_core.shell:Creating package script '/home/rikverhoeven/Documents/coding/ROS_auto_robot/ros2_01_ws/install/cpp_srvcli/share/cpp_srvcli/package.bash'
[1.959s] INFO:colcon.colcon_core.shell:Creating package script '/home/rikverhoeven/Documents/coding/ROS_auto_robot/ros2_01_ws/install/cpp_srvcli/share/cpp_srvcli/package.zsh'
[1.959s] Level 1:colcon.colcon_core.environment:create_file_with_runtime_dependencies(/home/rikverhoeven/Documents/coding/ROS_auto_robot/ros2_01_ws/install/cpp_srvcli/share/colcon-core/packages/cpp_srvcli)
[2.412s] DEBUG:colcon.colcon_core.event_handler.log_command:Invoking command in '/home/rikverhoeven/Documents/coding/ROS_auto_robot/ros2_01_ws/build/py_pubsub': PYTHONPATH=/home/rikverhoeven/Documents/coding/ROS_auto_robot/ros2_01_ws/build/py_pubsub/prefix_override:/home/rikverhoeven/Documents/coding/ROS_auto_robot/ros2_01_ws/install/py_pubsub/lib/python3.10/site-packages:${PYTHONPATH} /usr/bin/python3 -W ignore:setup.py install is deprecated setup.py develop --editable --build-directory /home/rikverhoeven/Documents/coding/ROS_auto_robot/ros2_01_ws/build/py_pubsub/build --no-deps symlink_data
[2.431s] DEBUG:colcon.colcon_core.event_handler.log_command:Invoking command in '/home/rikverhoeven/Documents/coding/ROS_auto_robot/ros2_01_ws/build/kimbo_control_dc_motor': PYTHONPATH=/home/rikverhoeven/Documents/coding/ROS_auto_robot/ros2_01_ws/build/kimbo_control_dc_motor/prefix_override:/home/rikverhoeven/Documents/coding/ROS_auto_robot/ros2_01_ws/install/kimbo_control_dc_motor/lib/python3.10/site-packages:${PYTHONPATH} /usr/bin/python3 -W ignore:setup.py install is deprecated setup.py develop --editable --build-directory /home/rikverhoeven/Documents/coding/ROS_auto_robot/ros2_01_ws/build/kimbo_control_dc_motor/build --no-deps symlink_data
[3.235s] Level 1:colcon.colcon_core.shell:create_environment_hook('py_pubsub', 'pythonpath_develop')
[3.236s] DEBUG:colcon.colcon_core.event_handler.log_command:Invoked command in '/home/rikverhoeven/Documents/coding/ROS_auto_robot/ros2_01_ws/build/py_pubsub' returned '0': PYTHONPATH=/home/rikverhoeven/Documents/coding/ROS_auto_robot/ros2_01_ws/build/py_pubsub/prefix_override:/home/rikverhoeven/Documents/coding/ROS_auto_robot/ros2_01_ws/install/py_pubsub/lib/python3.10/site-packages:${PYTHONPATH} /usr/bin/python3 -W ignore:setup.py install is deprecated setup.py develop --editable --build-directory /home/rikverhoeven/Documents/coding/ROS_auto_robot/ros2_01_ws/build/py_pubsub/build --no-deps symlink_data
[3.242s] INFO:colcon.colcon_core.shell:Creating environment hook '/home/rikverhoeven/Documents/coding/ROS_auto_robot/ros2_01_ws/build/py_pubsub/share/py_pubsub/hook/pythonpath_develop.ps1'
[3.249s] INFO:colcon.colcon_core.shell:Creating environment descriptor '/home/rikverhoeven/Documents/coding/ROS_auto_robot/ros2_01_ws/build/py_pubsub/share/py_pubsub/hook/pythonpath_develop.dsv'
[3.255s] INFO:colcon.colcon_core.shell:Creating environment hook '/home/rikverhoeven/Documents/coding/ROS_auto_robot/ros2_01_ws/build/py_pubsub/share/py_pubsub/hook/pythonpath_develop.sh'
[3.256s] Level 1:colcon.colcon_core.environment:checking '/home/rikverhoeven/Documents/coding/ROS_auto_robot/ros2_01_ws/install/py_pubsub' for CMake module files
[3.257s] Level 1:colcon.colcon_core.environment:checking '/home/rikverhoeven/Documents/coding/ROS_auto_robot/ros2_01_ws/install/py_pubsub' for CMake config files
[3.258s] Level 1:colcon.colcon_core.environment:checking '/home/rikverhoeven/Documents/coding/ROS_auto_robot/ros2_01_ws/install/py_pubsub/lib'
[3.258s] Level 1:colcon.colcon_core.environment:checking '/home/rikverhoeven/Documents/coding/ROS_auto_robot/ros2_01_ws/install/py_pubsub/bin'
[3.258s] Level 1:colcon.colcon_core.environment:checking '/home/rikverhoeven/Documents/coding/ROS_auto_robot/ros2_01_ws/install/py_pubsub/lib/pkgconfig/py_pubsub.pc'
[3.258s] Level 1:colcon.colcon_core.environment:checking '/home/rikverhoeven/Documents/coding/ROS_auto_robot/ros2_01_ws/install/py_pubsub/lib/python3.10/site-packages'
[3.259s] Level 1:colcon.colcon_core.shell:create_environment_hook('py_pubsub', 'pythonpath')
[3.259s] INFO:colcon.colcon_core.shell:Creating environment hook '/home/rikverhoeven/Documents/coding/ROS_auto_robot/ros2_01_ws/install/py_pubsub/share/py_pubsub/hook/pythonpath.ps1'
[3.260s] INFO:colcon.colcon_core.shell:Creating environment descriptor '/home/rikverhoeven/Documents/coding/ROS_auto_robot/ros2_01_ws/install/py_pubsub/share/py_pubsub/hook/pythonpath.dsv'
[3.260s] INFO:colcon.colcon_core.shell:Creating environment hook '/home/rikverhoeven/Documents/coding/ROS_auto_robot/ros2_01_ws/install/py_pubsub/share/py_pubsub/hook/pythonpath.sh'
[3.262s] Level 1:colcon.colcon_core.environment:checking '/home/rikverhoeven/Documents/coding/ROS_auto_robot/ros2_01_ws/install/py_pubsub/bin'
[3.262s] Level 1:colcon.colcon_core.environment:create_environment_scripts_only(py_pubsub)
[3.262s] INFO:colcon.colcon_core.shell:Creating package script '/home/rikverhoeven/Documents/coding/ROS_auto_robot/ros2_01_ws/install/py_pubsub/share/py_pubsub/package.ps1'
[3.264s] INFO:colcon.colcon_core.shell:Creating package descriptor '/home/rikverhoeven/Documents/coding/ROS_auto_robot/ros2_01_ws/install/py_pubsub/share/py_pubsub/package.dsv'
[3.265s] INFO:colcon.colcon_core.shell:Creating package script '/home/rikverhoeven/Documents/coding/ROS_auto_robot/ros2_01_ws/install/py_pubsub/share/py_pubsub/package.sh'
[3.265s] INFO:colcon.colcon_core.shell:Creating package script '/home/rikverhoeven/Documents/coding/ROS_auto_robot/ros2_01_ws/install/py_pubsub/share/py_pubsub/package.bash'
[3.266s] INFO:colcon.colcon_core.shell:Creating package script '/home/rikverhoeven/Documents/coding/ROS_auto_robot/ros2_01_ws/install/py_pubsub/share/py_pubsub/package.zsh'
[3.267s] Level 1:colcon.colcon_core.environment:create_file_with_runtime_dependencies(/home/rikverhoeven/Documents/coding/ROS_auto_robot/ros2_01_ws/install/py_pubsub/share/colcon-core/packages/py_pubsub)
[3.269s] Level 1:colcon.colcon_core.shell:create_environment_hook('kimbo_control_dc_motor', 'pythonpath_develop')
[3.269s] INFO:colcon.colcon_core.shell:Creating environment hook '/home/rikverhoeven/Documents/coding/ROS_auto_robot/ros2_01_ws/build/kimbo_control_dc_motor/share/kimbo_control_dc_motor/hook/pythonpath_develop.ps1'
[3.270s] DEBUG:colcon.colcon_core.event_handler.log_command:Invoked command in '/home/rikverhoeven/Documents/coding/ROS_auto_robot/ros2_01_ws/build/kimbo_control_dc_motor' returned '0': PYTHONPATH=/home/rikverhoeven/Documents/coding/ROS_auto_robot/ros2_01_ws/build/kimbo_control_dc_motor/prefix_override:/home/rikverhoeven/Documents/coding/ROS_auto_robot/ros2_01_ws/install/kimbo_control_dc_motor/lib/python3.10/site-packages:${PYTHONPATH} /usr/bin/python3 -W ignore:setup.py install is deprecated setup.py develop --editable --build-directory /home/rikverhoeven/Documents/coding/ROS_auto_robot/ros2_01_ws/build/kimbo_control_dc_motor/build --no-deps symlink_data
[3.270s] INFO:colcon.colcon_core.shell:Creating environment descriptor '/home/rikverhoeven/Documents/coding/ROS_auto_robot/ros2_01_ws/build/kimbo_control_dc_motor/share/kimbo_control_dc_motor/hook/pythonpath_develop.dsv'
[3.271s] INFO:colcon.colcon_core.shell:Creating environment hook '/home/rikverhoeven/Documents/coding/ROS_auto_robot/ros2_01_ws/build/kimbo_control_dc_motor/share/kimbo_control_dc_motor/hook/pythonpath_develop.sh'
[3.272s] Level 1:colcon.colcon_core.environment:checking '/home/rikverhoeven/Documents/coding/ROS_auto_robot/ros2_01_ws/install/kimbo_control_dc_motor' for CMake module files
[3.273s] Level 1:colcon.colcon_core.environment:checking '/home/rikverhoeven/Documents/coding/ROS_auto_robot/ros2_01_ws/install/kimbo_control_dc_motor' for CMake config files
[3.274s] Level 1:colcon.colcon_core.environment:checking '/home/rikverhoeven/Documents/coding/ROS_auto_robot/ros2_01_ws/install/kimbo_control_dc_motor/lib'
[3.274s] Level 1:colcon.colcon_core.environment:checking '/home/rikverhoeven/Documents/coding/ROS_auto_robot/ros2_01_ws/install/kimbo_control_dc_motor/bin'
[3.274s] Level 1:colcon.colcon_core.environment:checking '/home/rikverhoeven/Documents/coding/ROS_auto_robot/ros2_01_ws/install/kimbo_control_dc_motor/lib/pkgconfig/kimbo_control_dc_motor.pc'
[3.275s] Level 1:colcon.colcon_core.environment:checking '/home/rikverhoeven/Documents/coding/ROS_auto_robot/ros2_01_ws/install/kimbo_control_dc_motor/lib/python3.10/site-packages'
[3.275s] Level 1:colcon.colcon_core.shell:create_environment_hook('kimbo_control_dc_motor', 'pythonpath')
[3.276s] INFO:colcon.colcon_core.shell:Creating environment hook '/home/rikverhoeven/Documents/coding/ROS_auto_robot/ros2_01_ws/install/kimbo_control_dc_motor/share/kimbo_control_dc_motor/hook/pythonpath.ps1'
[3.277s] INFO:colcon.colcon_core.shell:Creating environment descriptor '/home/rikverhoeven/Documents/coding/ROS_auto_robot/ros2_01_ws/install/kimbo_control_dc_motor/share/kimbo_control_dc_motor/hook/pythonpath.dsv'
[3.277s] INFO:colcon.colcon_core.shell:Creating environment hook '/home/rikverhoeven/Documents/coding/ROS_auto_robot/ros2_01_ws/install/kimbo_control_dc_motor/share/kimbo_control_dc_motor/hook/pythonpath.sh'
[3.278s] Level 1:colcon.colcon_core.environment:checking '/home/rikverhoeven/Documents/coding/ROS_auto_robot/ros2_01_ws/install/kimbo_control_dc_motor/bin'
[3.279s] Level 1:colcon.colcon_core.environment:create_environment_scripts_only(kimbo_control_dc_motor)
[3.279s] INFO:colcon.colcon_core.shell:Creating package script '/home/rikverhoeven/Documents/coding/ROS_auto_robot/ros2_01_ws/install/kimbo_control_dc_motor/share/kimbo_control_dc_motor/package.ps1'
[3.280s] INFO:colcon.colcon_core.shell:Creating package descriptor '/home/rikverhoeven/Documents/coding/ROS_auto_robot/ros2_01_ws/install/kimbo_control_dc_motor/share/kimbo_control_dc_motor/package.dsv'
[3.281s] INFO:colcon.colcon_core.shell:Creating package script '/home/rikverhoeven/Documents/coding/ROS_auto_robot/ros2_01_ws/install/kimbo_control_dc_motor/share/kimbo_control_dc_motor/package.sh'
[3.281s] INFO:colcon.colcon_core.shell:Creating package script '/home/rikverhoeven/Documents/coding/ROS_auto_robot/ros2_01_ws/install/kimbo_control_dc_motor/share/kimbo_control_dc_motor/package.bash'
[3.282s] INFO:colcon.colcon_core.shell:Creating package script '/home/rikverhoeven/Documents/coding/ROS_auto_robot/ros2_01_ws/install/kimbo_control_dc_motor/share/kimbo_control_dc_motor/package.zsh'
[3.282s] Level 1:colcon.colcon_core.environment:create_file_with_runtime_dependencies(/home/rikverhoeven/Documents/coding/ROS_auto_robot/ros2_01_ws/install/kimbo_control_dc_motor/share/colcon-core/packages/kimbo_control_dc_motor)
[3.283s] DEBUG:colcon.colcon_parallel_executor.executor.parallel:closing loop
[3.283s] DEBUG:colcon.colcon_parallel_executor.executor.parallel:loop closed
[3.283s] DEBUG:colcon.colcon_parallel_executor.executor.parallel:run_until_complete finished with '0'
[3.284s] DEBUG:colcon.colcon_core.event_reactor:joining thread
[3.292s] INFO:colcon.colcon_core.plugin_system:Skipping extension 'colcon_notification.desktop_notification.terminal_notifier': Not used on non-Darwin systems
[3.292s] INFO:colcon.colcon_core.plugin_system:Skipping extension 'colcon_notification.desktop_notification.win32': Not used on non-Windows systems
[3.292s] INFO:colcon.colcon_notification.desktop_notification:Sending desktop notification using 'notify2'
[3.315s] DEBUG:colcon.colcon_core.event_reactor:joined thread
[3.316s] INFO:colcon.colcon_core.shell:Creating prefix script '/home/rikverhoeven/Documents/coding/ROS_auto_robot/ros2_01_ws/install/local_setup.ps1'
[3.317s] INFO:colcon.colcon_core.shell:Creating prefix util module '/home/rikverhoeven/Documents/coding/ROS_auto_robot/ros2_01_ws/install/_local_setup_util_ps1.py'
[3.319s] INFO:colcon.colcon_core.shell:Creating prefix chain script '/home/rikverhoeven/Documents/coding/ROS_auto_robot/ros2_01_ws/install/setup.ps1'
[3.320s] INFO:colcon.colcon_core.shell:Creating prefix script '/home/rikverhoeven/Documents/coding/ROS_auto_robot/ros2_01_ws/install/local_setup.sh'
[3.321s] INFO:colcon.colcon_core.shell:Creating prefix util module '/home/rikverhoeven/Documents/coding/ROS_auto_robot/ros2_01_ws/install/_local_setup_util_sh.py'
[3.322s] INFO:colcon.colcon_core.shell:Creating prefix chain script '/home/rikverhoeven/Documents/coding/ROS_auto_robot/ros2_01_ws/install/setup.sh'
[3.323s] INFO:colcon.colcon_core.shell:Creating prefix script '/home/rikverhoeven/Documents/coding/ROS_auto_robot/ros2_01_ws/install/local_setup.bash'
[3.324s] INFO:colcon.colcon_core.shell:Creating prefix chain script '/home/rikverhoeven/Documents/coding/ROS_auto_robot/ros2_01_ws/install/setup.bash'
[3.325s] INFO:colcon.colcon_core.shell:Creating prefix script '/home/rikverhoeven/Documents/coding/ROS_auto_robot/ros2_01_ws/install/local_setup.zsh'
[3.326s] INFO:colcon.colcon_core.shell:Creating prefix chain script '/home/rikverhoeven/Documents/coding/ROS_auto_robot/ros2_01_ws/install/setup.zsh'
