[0.055s] Invoking command in '/home/rikverhoeven/Documents/coding/ROS_auto_robot/ros2_ws/build/examples_rclcpp_minimal_composition': CMAKE_PREFIX_PATH=/opt/ros/humble /usr/bin/cmake /home/rikverhoeven/Documents/coding/ROS_auto_robot/ros2_ws/src/src/examples/rclcpp/composition/minimal_composition -DAMENT_CMAKE_SYMLINK_INSTALL=1 -DCMAKE_INSTALL_PREFIX=/home/rikverhoeven/Documents/coding/ROS_auto_robot/ros2_ws/install/examples_rclcpp_minimal_composition
[1.766s] -- The C compiler identification is GNU 11.4.0
[2.365s] -- The CXX compiler identification is GNU 11.4.0
[2.434s] -- Detecting C compiler ABI info
[2.771s] -- Detecting C compiler ABI info - done
[2.796s] -- Check for working C compiler: /usr/bin/cc - skipped
[2.796s] -- Detecting C compile features
[2.804s] -- Detecting C compile features - done
[2.817s] -- Detecting CXX compiler ABI info
[3.045s] -- Detecting CXX compiler ABI info - done
[3.059s] -- Check for working CXX compiler: /usr/bin/c++ - skipped
[3.059s] -- Detecting CXX compile features
[3.060s] -- Detecting CXX compile features - done
[3.096s] -- Found ament_cmake: 1.3.8 (/opt/ros/humble/share/ament_cmake/cmake)
[4.072s] -- Found Python3: /usr/bin/python3 (found version "3.10.12") found components: Interpreter 
[4.253s] -- Override CMake install command with custom implementation using symlinks instead of copying resources
[4.441s] -- Found rclcpp: 16.0.8 (/opt/ros/humble/share/rclcpp/cmake)
[4.894s] -- Found rosidl_generator_c: 3.1.5 (/opt/ros/humble/share/rosidl_generator_c/cmake)
[4.911s] -- Found rosidl_adapter: 3.1.5 (/opt/ros/humble/share/rosidl_adapter/cmake)
[4.947s] -- Found rosidl_generator_cpp: 3.1.5 (/opt/ros/humble/share/rosidl_generator_cpp/cmake)
[5.025s] -- Using all available rosidl_typesupport_c: rosidl_typesupport_fastrtps_c;rosidl_typesupport_introspection_c
[5.093s] -- Using all available rosidl_typesupport_cpp: rosidl_typesupport_fastrtps_cpp;rosidl_typesupport_introspection_cpp
[5.500s] -- Found rmw_implementation_cmake: 6.1.1 (/opt/ros/humble/share/rmw_implementation_cmake/cmake)
[5.517s] -- Found rmw_fastrtps_cpp: 6.2.6 (/opt/ros/humble/share/rmw_fastrtps_cpp/cmake)
[6.233s] -- Found OpenSSL: /usr/lib/x86_64-linux-gnu/libcrypto.so (found version "3.0.2")  
[6.298s] -- Found FastRTPS: /opt/ros/humble/include  
[6.400s] -- Using RMW implementation 'rmw_fastrtps_cpp' as default
[6.557s] -- Looking for pthread.h
[6.981s] -- Looking for pthread.h - found
[6.982s] -- Performing Test CMAKE_HAVE_LIBC_PTHREAD
[7.174s] -- Performing Test CMAKE_HAVE_LIBC_PTHREAD - Success
[7.175s] -- Found Threads: TRUE  
[7.774s] -- Found rclcpp_components: 16.0.8 (/opt/ros/humble/share/rclcpp_components/cmake)
[8.178s] -- Found ament_lint_auto: 0.12.10 (/opt/ros/humble/share/ament_lint_auto/cmake)
[8.448s] -- Added test 'copyright' to check source files copyright and LICENSE
[8.469s] -- Added test 'cppcheck' to perform static code analysis on C / C++ code
[8.471s] -- Configured cppcheck include dirs: /home/rikverhoeven/Documents/coding/ROS_auto_robot/ros2_ws/src/src/examples/rclcpp/composition/minimal_composition/include
[8.471s] -- Configured cppcheck exclude dirs and/or files: 
[8.474s] -- Added test 'cpplint' to check C / C++ code against the Google style
[8.474s] -- Configured cpplint exclude dirs and/or files: 
[8.476s] -- Added test 'lint_cmake' to check CMake code style
[8.482s] -- Added test 'uncrustify' to check C / C++ code style
[8.482s] -- Configured uncrustify additional arguments: 
[8.483s] -- Added test 'xmllint' to check XML markup files
[8.487s] -- Configuring done
[8.529s] -- Generating done
[8.532s] -- Build files have been written to: /home/rikverhoeven/Documents/coding/ROS_auto_robot/ros2_ws/build/examples_rclcpp_minimal_composition
[8.552s] Invoked command in '/home/rikverhoeven/Documents/coding/ROS_auto_robot/ros2_ws/build/examples_rclcpp_minimal_composition' returned '0': CMAKE_PREFIX_PATH=/opt/ros/humble /usr/bin/cmake /home/rikverhoeven/Documents/coding/ROS_auto_robot/ros2_ws/src/src/examples/rclcpp/composition/minimal_composition -DAMENT_CMAKE_SYMLINK_INSTALL=1 -DCMAKE_INSTALL_PREFIX=/home/rikverhoeven/Documents/coding/ROS_auto_robot/ros2_ws/install/examples_rclcpp_minimal_composition
[8.553s] Invoking command in '/home/rikverhoeven/Documents/coding/ROS_auto_robot/ros2_ws/build/examples_rclcpp_minimal_composition': CMAKE_PREFIX_PATH=/opt/ros/humble /usr/bin/cmake --build /home/rikverhoeven/Documents/coding/ROS_auto_robot/ros2_ws/build/examples_rclcpp_minimal_composition -- -j8 -l8
