[0.045s] Invoking command in '/home/rikverhoeven/Documents/coding/ROS_auto_robot/ros2_ws/build/examples_rclcpp_minimal_action_client': CMAKE_PREFIX_PATH=/opt/ros/humble /usr/bin/cmake /home/rikverhoeven/Documents/coding/ROS_auto_robot/ros2_ws/src/src/examples/rclcpp/actions/minimal_action_client -DAMENT_CMAKE_SYMLINK_INSTALL=1 -DCMAKE_INSTALL_PREFIX=/home/rikverhoeven/Documents/coding/ROS_auto_robot/ros2_ws/install/examples_rclcpp_minimal_action_client
[1.781s] -- The C compiler identification is GNU 11.4.0
[2.380s] -- The CXX compiler identification is GNU 11.4.0
[2.451s] -- Detecting C compiler ABI info
[2.786s] -- Detecting C compiler ABI info - done
[2.800s] -- Check for working C compiler: /usr/bin/cc - skipped
[2.801s] -- Detecting C compile features
[2.820s] -- Detecting C compile features - done
[2.834s] -- Detecting CXX compiler ABI info
[3.027s] -- Detecting CXX compiler ABI info - done
[3.065s] -- Check for working CXX compiler: /usr/bin/c++ - skipped
[3.066s] -- Detecting CXX compile features
[3.067s] -- Detecting CXX compile features - done
[3.113s] -- Found ament_cmake: 1.3.8 (/opt/ros/humble/share/ament_cmake/cmake)
[4.113s] -- Found Python3: /usr/bin/python3 (found version "3.10.12") found components: Interpreter 
[4.271s] -- Override CMake install command with custom implementation using symlinks instead of copying resources
[4.447s] -- Found example_interfaces: 0.9.3 (/opt/ros/humble/share/example_interfaces/cmake)
[4.911s] -- Found rosidl_generator_c: 3.1.5 (/opt/ros/humble/share/rosidl_generator_c/cmake)
[4.928s] -- Found rosidl_adapter: 3.1.5 (/opt/ros/humble/share/rosidl_adapter/cmake)
[4.963s] -- Found rosidl_generator_cpp: 3.1.5 (/opt/ros/humble/share/rosidl_generator_cpp/cmake)
[5.041s] -- Using all available rosidl_typesupport_c: rosidl_typesupport_fastrtps_c;rosidl_typesupport_introspection_c
[5.108s] -- Using all available rosidl_typesupport_cpp: rosidl_typesupport_fastrtps_cpp;rosidl_typesupport_introspection_cpp
[5.632s] -- Found rclcpp: 16.0.8 (/opt/ros/humble/share/rclcpp/cmake)
[5.747s] -- Found rmw_implementation_cmake: 6.1.1 (/opt/ros/humble/share/rmw_implementation_cmake/cmake)
[5.751s] -- Found rmw_fastrtps_cpp: 6.2.6 (/opt/ros/humble/share/rmw_fastrtps_cpp/cmake)
[6.250s] -- Found OpenSSL: /usr/lib/x86_64-linux-gnu/libcrypto.so (found version "3.0.2")  
[6.312s] -- Found FastRTPS: /opt/ros/humble/include  
[6.416s] -- Using RMW implementation 'rmw_fastrtps_cpp' as default
[6.570s] -- Looking for pthread.h
[6.964s] -- Looking for pthread.h - found
[6.964s] -- Performing Test CMAKE_HAVE_LIBC_PTHREAD
[7.170s] -- Performing Test CMAKE_HAVE_LIBC_PTHREAD - Success
[7.172s] -- Found Threads: TRUE  
[7.774s] -- Found rclcpp_action: 16.0.8 (/opt/ros/humble/share/rclcpp_action/cmake)
[7.938s] -- Found ament_lint_auto: 0.12.10 (/opt/ros/humble/share/ament_lint_auto/cmake)
[8.116s] -- Added test 'copyright' to check source files copyright and LICENSE
[8.119s] -- Added test 'cppcheck' to perform static code analysis on C / C++ code
[8.120s] -- Configured cppcheck include dirs: 
[8.120s] -- Configured cppcheck exclude dirs and/or files: 
[8.125s] -- Added test 'cpplint' to check C / C++ code against the Google style
[8.125s] -- Configured cpplint exclude dirs and/or files: 
[8.131s] -- Added test 'lint_cmake' to check CMake code style
[8.144s] -- Added test 'uncrustify' to check C / C++ code style
[8.144s] -- Configured uncrustify additional arguments: 
[8.162s] -- Added test 'xmllint' to check XML markup files
[8.200s] -- Configuring done
[8.273s] -- Generating done
[8.279s] -- Build files have been written to: /home/rikverhoeven/Documents/coding/ROS_auto_robot/ros2_ws/build/examples_rclcpp_minimal_action_client
[8.322s] Invoked command in '/home/rikverhoeven/Documents/coding/ROS_auto_robot/ros2_ws/build/examples_rclcpp_minimal_action_client' returned '0': CMAKE_PREFIX_PATH=/opt/ros/humble /usr/bin/cmake /home/rikverhoeven/Documents/coding/ROS_auto_robot/ros2_ws/src/src/examples/rclcpp/actions/minimal_action_client -DAMENT_CMAKE_SYMLINK_INSTALL=1 -DCMAKE_INSTALL_PREFIX=/home/rikverhoeven/Documents/coding/ROS_auto_robot/ros2_ws/install/examples_rclcpp_minimal_action_client
[8.323s] Invoking command in '/home/rikverhoeven/Documents/coding/ROS_auto_robot/ros2_ws/build/examples_rclcpp_minimal_action_client': CMAKE_PREFIX_PATH=/opt/ros/humble /usr/bin/cmake --build /home/rikverhoeven/Documents/coding/ROS_auto_robot/ros2_ws/build/examples_rclcpp_minimal_action_client -- -j8 -l8
