[0.051s] Invoking command in '/home/rikverhoeven/Documents/coding/ROS_auto_robot/ros2_ws/build/examples_rclcpp_minimal_timer': CMAKE_PREFIX_PATH=/opt/ros/humble /usr/bin/cmake /home/rikverhoeven/Documents/coding/ROS_auto_robot/ros2_ws/src/src/examples/rclcpp/timers/minimal_timer -DAMENT_CMAKE_SYMLINK_INSTALL=1 -DCMAKE_INSTALL_PREFIX=/home/rikverhoeven/Documents/coding/ROS_auto_robot/ros2_ws/install/examples_rclcpp_minimal_timer
[8.220s] -- The C compiler identification is GNU 11.4.0
[8.221s] -- The CXX compiler identification is GNU 11.4.0
[8.221s] -- Detecting C compiler ABI info
[8.221s] -- Detecting C compiler ABI info - done
[8.221s] -- Check for working C compiler: /usr/bin/cc - skipped
[8.222s] -- Detecting C compile features
[8.228s] -- Detecting C compile features - done
[8.228s] -- Detecting CXX compiler ABI info
[8.228s] -- Detecting CXX compiler ABI info - done
[8.229s] -- Check for working CXX compiler: /usr/bin/c++ - skipped
[8.229s] -- Detecting CXX compile features
[8.229s] -- Detecting CXX compile features - done
[8.229s] -- Found ament_cmake: 1.3.8 (/opt/ros/humble/share/ament_cmake/cmake)
[8.229s] -- Found Python3: /usr/bin/python3 (found version "3.10.12") found components: Interpreter 
[8.230s] -- Override CMake install command with custom implementation using symlinks instead of copying resources
[8.230s] -- Found rclcpp: 16.0.8 (/opt/ros/humble/share/rclcpp/cmake)
[8.230s] -- Found rosidl_generator_c: 3.1.5 (/opt/ros/humble/share/rosidl_generator_c/cmake)
[8.230s] -- Found rosidl_adapter: 3.1.5 (/opt/ros/humble/share/rosidl_adapter/cmake)
[8.230s] -- Found rosidl_generator_cpp: 3.1.5 (/opt/ros/humble/share/rosidl_generator_cpp/cmake)
[8.231s] -- Using all available rosidl_typesupport_c: rosidl_typesupport_fastrtps_c;rosidl_typesupport_introspection_c
[8.231s] -- Using all available rosidl_typesupport_cpp: rosidl_typesupport_fastrtps_cpp;rosidl_typesupport_introspection_cpp
[8.231s] -- Found rmw_implementation_cmake: 6.1.1 (/opt/ros/humble/share/rmw_implementation_cmake/cmake)
[8.231s] -- Found rmw_fastrtps_cpp: 6.2.6 (/opt/ros/humble/share/rmw_fastrtps_cpp/cmake)
[8.232s] -- Found OpenSSL: /usr/lib/x86_64-linux-gnu/libcrypto.so (found version "3.0.2")  
[8.232s] -- Found FastRTPS: /opt/ros/humble/include  
[8.232s] -- Using RMW implementation 'rmw_fastrtps_cpp' as default
[8.232s] -- Looking for pthread.h
[8.232s] -- Looking for pthread.h - found
[8.233s] -- Performing Test CMAKE_HAVE_LIBC_PTHREAD
[8.233s] -- Performing Test CMAKE_HAVE_LIBC_PTHREAD - Success
[8.233s] -- Found Threads: TRUE  
[8.233s] -- Found ament_lint_auto: 0.12.10 (/opt/ros/humble/share/ament_lint_auto/cmake)
[8.234s] -- Added test 'copyright' to check source files copyright and LICENSE
[8.234s] -- Added test 'cppcheck' to perform static code analysis on C / C++ code
[8.234s] -- Configured cppcheck include dirs: 
[8.234s] -- Configured cppcheck exclude dirs and/or files: 
[8.234s] -- Added test 'cpplint' to check C / C++ code against the Google style
[8.235s] -- Configured cpplint exclude dirs and/or files: 
[8.235s] -- Added test 'lint_cmake' to check CMake code style
[8.235s] -- Added test 'uncrustify' to check C / C++ code style
[8.235s] -- Configured uncrustify additional arguments: 
[8.235s] -- Added test 'xmllint' to check XML markup files
[8.235s] -- Configuring done
[8.236s] -- Generating done
[8.236s] -- Build files have been written to: /home/rikverhoeven/Documents/coding/ROS_auto_robot/ros2_ws/build/examples_rclcpp_minimal_timer
[8.240s] Invoked command in '/home/rikverhoeven/Documents/coding/ROS_auto_robot/ros2_ws/build/examples_rclcpp_minimal_timer' returned '0': CMAKE_PREFIX_PATH=/opt/ros/humble /usr/bin/cmake /home/rikverhoeven/Documents/coding/ROS_auto_robot/ros2_ws/src/src/examples/rclcpp/timers/minimal_timer -DAMENT_CMAKE_SYMLINK_INSTALL=1 -DCMAKE_INSTALL_PREFIX=/home/rikverhoeven/Documents/coding/ROS_auto_robot/ros2_ws/install/examples_rclcpp_minimal_timer
[8.245s] Invoking command in '/home/rikverhoeven/Documents/coding/ROS_auto_robot/ros2_ws/build/examples_rclcpp_minimal_timer': CMAKE_PREFIX_PATH=/opt/ros/humble /usr/bin/cmake --build /home/rikverhoeven/Documents/coding/ROS_auto_robot/ros2_ws/build/examples_rclcpp_minimal_timer -- -j8 -l8
[8.340s] [ 25%] [32mBuilding CXX object CMakeFiles/timer_lambda.dir/lambda.cpp.o[0m
[8.404s] [ 50%] [32mBuilding CXX object CMakeFiles/timer_member_function.dir/member_function.cpp.o[0m
