[0.054s] Invoking command in '/home/rikverhoeven/Documents/coding/ROS_auto_robot/ros2_ws/build/examples_rclcpp_minimal_publisher': CMAKE_PREFIX_PATH=/opt/ros/humble /usr/bin/cmake /home/rikverhoeven/Documents/coding/ROS_auto_robot/ros2_ws/src/src/examples/rclcpp/topics/minimal_publisher -DAMENT_CMAKE_SYMLINK_INSTALL=1 -DCMAKE_INSTALL_PREFIX=/home/rikverhoeven/Documents/coding/ROS_auto_robot/ros2_ws/install/examples_rclcpp_minimal_publisher
[1.760s] -- The C compiler identification is GNU 11.4.0
[2.362s] -- The CXX compiler identification is GNU 11.4.0
[2.429s] -- Detecting C compiler ABI info
[2.805s] -- Detecting C compiler ABI info - done
[2.826s] -- Check for working C compiler: /usr/bin/cc - skipped
[2.826s] -- Detecting C compile features
[2.827s] -- Detecting C compile features - done
[2.834s] -- Detecting CXX compiler ABI info
[3.025s] -- Detecting CXX compiler ABI info - done
[3.047s] -- Check for working CXX compiler: /usr/bin/c++ - skipped
[3.048s] -- Detecting CXX compile features
[3.048s] -- Detecting CXX compile features - done
[3.090s] -- Found ament_cmake: 1.3.8 (/opt/ros/humble/share/ament_cmake/cmake)
[4.102s] -- Found Python3: /usr/bin/python3 (found version "3.10.12") found components: Interpreter 
[4.250s] -- Override CMake install command with custom implementation using symlinks instead of copying resources
[4.436s] -- Found rclcpp: 16.0.8 (/opt/ros/humble/share/rclcpp/cmake)
[4.890s] -- Found rosidl_generator_c: 3.1.5 (/opt/ros/humble/share/rosidl_generator_c/cmake)
[4.906s] -- Found rosidl_adapter: 3.1.5 (/opt/ros/humble/share/rosidl_adapter/cmake)
[4.943s] -- Found rosidl_generator_cpp: 3.1.5 (/opt/ros/humble/share/rosidl_generator_cpp/cmake)
[5.021s] -- Using all available rosidl_typesupport_c: rosidl_typesupport_fastrtps_c;rosidl_typesupport_introspection_c
[5.088s] -- Using all available rosidl_typesupport_cpp: rosidl_typesupport_fastrtps_cpp;rosidl_typesupport_introspection_cpp
[5.495s] -- Found rmw_implementation_cmake: 6.1.1 (/opt/ros/humble/share/rmw_implementation_cmake/cmake)
[5.513s] -- Found rmw_fastrtps_cpp: 6.2.6 (/opt/ros/humble/share/rmw_fastrtps_cpp/cmake)
[6.229s] -- Found OpenSSL: /usr/lib/x86_64-linux-gnu/libcrypto.so (found version "3.0.2")  
[6.289s] -- Found FastRTPS: /opt/ros/humble/include  
[6.399s] -- Using RMW implementation 'rmw_fastrtps_cpp' as default
[6.549s] -- Looking for pthread.h
[6.950s] -- Looking for pthread.h - found
[6.951s] -- Performing Test CMAKE_HAVE_LIBC_PTHREAD
[7.149s] -- Performing Test CMAKE_HAVE_LIBC_PTHREAD - Success
[7.151s] -- Found Threads: TRUE  
[7.766s] -- Found ament_lint_auto: 0.12.10 (/opt/ros/humble/share/ament_lint_auto/cmake)
[8.087s] -- Added test 'copyright' to check source files copyright and LICENSE
[8.090s] -- Added test 'cppcheck' to perform static code analysis on C / C++ code
[8.093s] -- Configured cppcheck include dirs: 
[8.093s] -- Configured cppcheck exclude dirs and/or files: 
[8.093s] -- Added test 'cpplint' to check C / C++ code against the Google style
[8.093s] -- Configured cpplint exclude dirs and/or files: 
[8.094s] -- Added test 'lint_cmake' to check CMake code style
[8.098s] -- Added test 'uncrustify' to check C / C++ code style
[8.098s] -- Configured uncrustify additional arguments: 
[8.103s] -- Added test 'xmllint' to check XML markup files
[8.104s] -- Configuring done
[8.187s] -- Generating done
[8.206s] -- Build files have been written to: /home/rikverhoeven/Documents/coding/ROS_auto_robot/ros2_ws/build/examples_rclcpp_minimal_publisher
[8.264s] Invoked command in '/home/rikverhoeven/Documents/coding/ROS_auto_robot/ros2_ws/build/examples_rclcpp_minimal_publisher' returned '0': CMAKE_PREFIX_PATH=/opt/ros/humble /usr/bin/cmake /home/rikverhoeven/Documents/coding/ROS_auto_robot/ros2_ws/src/src/examples/rclcpp/topics/minimal_publisher -DAMENT_CMAKE_SYMLINK_INSTALL=1 -DCMAKE_INSTALL_PREFIX=/home/rikverhoeven/Documents/coding/ROS_auto_robot/ros2_ws/install/examples_rclcpp_minimal_publisher
[8.265s] Invoking command in '/home/rikverhoeven/Documents/coding/ROS_auto_robot/ros2_ws/build/examples_rclcpp_minimal_publisher': CMAKE_PREFIX_PATH=/opt/ros/humble /usr/bin/cmake --build /home/rikverhoeven/Documents/coding/ROS_auto_robot/ros2_ws/build/examples_rclcpp_minimal_publisher -- -j8 -l8
[8.435s] [ 16%] [32mBuilding CXX object CMakeFiles/publisher_lambda.dir/lambda.cpp.o[0m
[8.447s] [ 33%] [32mBuilding CXX object CMakeFiles/publisher_member_function.dir/member_function.cpp.o[0m
[8.450s] [ 50%] [32mBuilding CXX object CMakeFiles/publisher_not_composable.dir/not_composable.cpp.o[0m
