WARNING! ENCODER CPR SET TO 0!!
WARNING! LOOP RATE SET TO 0!!
Connecting to port /dev/ttyUSB0 at 115200.
Connected to Serial<id=0xffff800d1c70, open=True>(port='/dev/ttyUSB0', baudrate=115200, bytesize=8, parity='N', stopbits=1, timeout=1.0, xonxoff=False, rtscts=False, dsrdtr=False)
steer_command_callback, steer_command; serial_motor_demo_msgs.msg.SteerCommand(steer_pwm=50.29092788696289)
sending steer_pwm; S50
Calling function: send_command
steer_command_callback, steer_command; serial_motor_demo_msgs.msg.SteerCommand(steer_pwm=49.87966537475586)
sending steer_pwm; S49
Calling function: send_command
steer_command_callback, steer_command; serial_motor_demo_msgs.msg.SteerCommand(steer_pwm=49.38063049316406)
sending steer_pwm; S49
Calling function: send_command
steer_command_callback, steer_command; serial_motor_demo_msgs.msg.SteerCommand(steer_pwm=48.79840850830078)
sending steer_pwm; S48
Calling function: send_command
steer_command_callback, steer_command; serial_motor_demo_msgs.msg.SteerCommand(steer_pwm=48.138038635253906)
sending steer_pwm; S48
Calling function: send_command
steer_command_callback, steer_command; serial_motor_demo_msgs.msg.SteerCommand(steer_pwm=47.40537643432617)
sending steer_pwm; S47
Calling function: send_command
steer_command_callback, steer_command; serial_motor_demo_msgs.msg.SteerCommand(steer_pwm=46.60710906982422)
sending steer_pwm; S46
Calling function: send_command
steer_command_callback, steer_command; serial_motor_demo_msgs.msg.SteerCommand(steer_pwm=45.750144958496094)
sending steer_pwm; S45
Calling function: send_command
steer_command_callback, steer_command; serial_motor_demo_msgs.msg.SteerCommand(steer_pwm=44.84206008911133)
sending steer_pwm; S44
Calling function: send_command
steer_command_callback, steer_command; serial_motor_demo_msgs.msg.SteerCommand(steer_pwm=43.891109466552734)
sending steer_pwm; S43
Calling function: send_command
steer_command_callback, steer_command; serial_motor_demo_msgs.msg.SteerCommand(steer_pwm=42.9056396484375)
sending steer_pwm; S42
Calling function: send_command
steer_command_callback, steer_command; serial_motor_demo_msgs.msg.SteerCommand(steer_pwm=41.89423751831055)
sending steer_pwm; S41
Calling function: send_command
steer_command_callback, steer_command; serial_motor_demo_msgs.msg.SteerCommand(steer_pwm=40.86616134643555)
sending steer_pwm; S40
Calling function: send_command
steer_command_callback, steer_command; serial_motor_demo_msgs.msg.SteerCommand(steer_pwm=39.83035659790039)
sending steer_pwm; S39
Calling function: send_command
steer_command_callback, steer_command; serial_motor_demo_msgs.msg.SteerCommand(steer_pwm=38.795936584472656)
sending steer_pwm; S38
Calling function: send_command
steer_command_callback, steer_command; serial_motor_demo_msgs.msg.SteerCommand(steer_pwm=37.77239227294922)
sending steer_pwm; S37
Calling function: send_command
steer_command_callback, steer_command; serial_motor_demo_msgs.msg.SteerCommand(steer_pwm=36.768516540527344)
sending steer_pwm; S36
Calling function: send_command
steer_command_callback, steer_command; serial_motor_demo_msgs.msg.SteerCommand(steer_pwm=35.79329299926758)
sending steer_pwm; S35
Calling function: send_command
steer_command_callback, steer_command; serial_motor_demo_msgs.msg.SteerCommand(steer_pwm=34.85551834106445)
sending steer_pwm; S34
Calling function: send_command
steer_command_callback, steer_command; serial_motor_demo_msgs.msg.SteerCommand(steer_pwm=33.96333312988281)
sending steer_pwm; S33
Calling function: send_command
steer_command_callback, steer_command; serial_motor_demo_msgs.msg.SteerCommand(steer_pwm=33.12471008300781)
sending steer_pwm; S33
Calling function: send_command
steer_command_callback, steer_command; serial_motor_demo_msgs.msg.SteerCommand(steer_pwm=32.34718322753906)
sending steer_pwm; S32
Calling function: send_command
steer_command_callback, steer_command; serial_motor_demo_msgs.msg.SteerCommand(steer_pwm=31.637470245361328)
sending steer_pwm; S31
Calling function: send_command
steer_command_callback, steer_command; serial_motor_demo_msgs.msg.SteerCommand(steer_pwm=31.002099990844727)
sending steer_pwm; S31
Calling function: send_command
steer_command_callback, steer_command; serial_motor_demo_msgs.msg.SteerCommand(steer_pwm=30.44655990600586)
sending steer_pwm; S30
Calling function: send_command
steer_command_callback, steer_command; serial_motor_demo_msgs.msg.SteerCommand(steer_pwm=29.975818634033203)
sending steer_pwm; S29
Calling function: send_command
steer_command_callback, steer_command; serial_motor_demo_msgs.msg.SteerCommand(steer_pwm=29.594043731689453)
sending steer_pwm; S29
Calling function: send_command
steer_command_callback, steer_command; serial_motor_demo_msgs.msg.SteerCommand(steer_pwm=29.304641723632812)
sending steer_pwm; S29
Calling function: send_command
steer_command_callback, steer_command; serial_motor_demo_msgs.msg.SteerCommand(steer_pwm=29.110172271728516)
sending steer_pwm; S29
Calling function: send_command
steer_command_callback, steer_command; serial_motor_demo_msgs.msg.SteerCommand(steer_pwm=29.01235580444336)
sending steer_pwm; S29
Calling function: send_command
steer_command_callback, steer_command; serial_motor_demo_msgs.msg.SteerCommand(steer_pwm=29.012067794799805)
sending steer_pwm; S29
Calling function: send_command
steer_command_callback, steer_command; serial_motor_demo_msgs.msg.SteerCommand(steer_pwm=29.109302520751953)
sending steer_pwm; S29
Calling function: send_command
steer_command_callback, steer_command; serial_motor_demo_msgs.msg.SteerCommand(steer_pwm=29.30322265625)
sending steer_pwm; S29
Calling function: send_command
steer_command_callback, steer_command; serial_motor_demo_msgs.msg.SteerCommand(steer_pwm=29.59207534790039)
sending steer_pwm; S29
Calling function: send_command
steer_command_callback, steer_command; serial_motor_demo_msgs.msg.SteerCommand(steer_pwm=29.973310470581055)
sending steer_pwm; S29
Calling function: send_command
steer_command_callback, steer_command; serial_motor_demo_msgs.msg.SteerCommand(steer_pwm=30.443546295166016)
sending steer_pwm; S30
Calling function: send_command
steer_command_callback, steer_command; serial_motor_demo_msgs.msg.SteerCommand(steer_pwm=30.99854850769043)
sending steer_pwm; S30
Calling function: send_command
steer_command_callback, steer_command; serial_motor_demo_msgs.msg.SteerCommand(steer_pwm=31.63351058959961)
sending steer_pwm; S31
Calling function: send_command
steer_command_callback, steer_command; serial_motor_demo_msgs.msg.SteerCommand(steer_pwm=32.342777252197266)
sending steer_pwm; S32
Calling function: send_command
steer_command_callback, steer_command; serial_motor_demo_msgs.msg.SteerCommand(steer_pwm=33.11991500854492)
sending steer_pwm; S33
Calling function: send_command
steer_command_callback, steer_command; serial_motor_demo_msgs.msg.SteerCommand(steer_pwm=33.95814895629883)
sending steer_pwm; S33
Calling function: send_command
steer_command_callback, steer_command; serial_motor_demo_msgs.msg.SteerCommand(steer_pwm=34.85007858276367)
sending steer_pwm; S34
Calling function: send_command
steer_command_callback, steer_command; serial_motor_demo_msgs.msg.SteerCommand(steer_pwm=35.7875862121582)
sending steer_pwm; S35
Calling function: send_command
steer_command_callback, steer_command; serial_motor_demo_msgs.msg.SteerCommand(steer_pwm=36.76258850097656)
sending steer_pwm; S36
Calling function: send_command
steer_command_callback, steer_command; serial_motor_demo_msgs.msg.SteerCommand(steer_pwm=37.76634979248047)
sending steer_pwm; S37
Calling function: send_command
steer_command_callback, steer_command; serial_motor_demo_msgs.msg.SteerCommand(steer_pwm=38.789798736572266)
sending steer_pwm; S38
Calling function: send_command
steer_command_callback, steer_command; serial_motor_demo_msgs.msg.SteerCommand(steer_pwm=39.8240852355957)
sending steer_pwm; S39
Calling function: send_command
steer_command_callback, steer_command; serial_motor_demo_msgs.msg.SteerCommand(steer_pwm=40.86000061035156)
sending steer_pwm; S40
Calling function: send_command
steer_command_callback, steer_command; serial_motor_demo_msgs.msg.SteerCommand(steer_pwm=41.88813781738281)
