[0.058s] Invoking command in '/home/rikverhoeven/Documents/coding/ROS_auto_robot/ros2_ws/build/examples_rclcpp_minimal_action_server': CMAKE_PREFIX_PATH=/opt/ros/humble /usr/bin/cmake /home/rikverhoeven/Documents/coding/ROS_auto_robot/ros2_ws/src/src/examples/rclcpp/actions/minimal_action_server -DAMENT_CMAKE_SYMLINK_INSTALL=1 -DCMAKE_INSTALL_PREFIX=/home/rikverhoeven/Documents/coding/ROS_auto_robot/ros2_ws/install/examples_rclcpp_minimal_action_server
[1.777s] -- The C compiler identification is GNU 11.4.0
[2.376s] -- The CXX compiler identification is GNU 11.4.0
[2.445s] -- Detecting C compiler ABI info
[2.775s] -- Detecting C compiler ABI info - done
[2.808s] -- Check for working C compiler: /usr/bin/cc - skipped
[2.808s] -- Detecting C compile features
[2.814s] -- Detecting C compile features - done
[2.822s] -- Detecting CXX compiler ABI info
[3.036s] -- Detecting CXX compiler ABI info - done
[3.057s] -- Check for working CXX compiler: /usr/bin/c++ - skipped
[3.058s] -- Detecting CXX compile features
[3.059s] -- Detecting CXX compile features - done
[3.106s] -- Found ament_cmake: 1.3.8 (/opt/ros/humble/share/ament_cmake/cmake)
[4.107s] -- Found Python3: /usr/bin/python3 (found version "3.10.12") found components: Interpreter 
[4.257s] -- Override CMake install command with custom implementation using symlinks instead of copying resources
[4.440s] -- Found example_interfaces: 0.9.3 (/opt/ros/humble/share/example_interfaces/cmake)
[4.904s] -- Found rosidl_generator_c: 3.1.5 (/opt/ros/humble/share/rosidl_generator_c/cmake)
[4.921s] -- Found rosidl_adapter: 3.1.5 (/opt/ros/humble/share/rosidl_adapter/cmake)
[4.957s] -- Found rosidl_generator_cpp: 3.1.5 (/opt/ros/humble/share/rosidl_generator_cpp/cmake)
[5.035s] -- Using all available rosidl_typesupport_c: rosidl_typesupport_fastrtps_c;rosidl_typesupport_introspection_c
[5.103s] -- Using all available rosidl_typesupport_cpp: rosidl_typesupport_fastrtps_cpp;rosidl_typesupport_introspection_cpp
[5.626s] -- Found rclcpp: 16.0.8 (/opt/ros/humble/share/rclcpp/cmake)
[5.733s] -- Found rmw_implementation_cmake: 6.1.1 (/opt/ros/humble/share/rmw_implementation_cmake/cmake)
[5.738s] -- Found rmw_fastrtps_cpp: 6.2.6 (/opt/ros/humble/share/rmw_fastrtps_cpp/cmake)
[6.243s] -- Found OpenSSL: /usr/lib/x86_64-linux-gnu/libcrypto.so (found version "3.0.2")  
[6.304s] -- Found FastRTPS: /opt/ros/humble/include  
[6.407s] -- Using RMW implementation 'rmw_fastrtps_cpp' as default
[6.565s] -- Looking for pthread.h
[6.959s] -- Looking for pthread.h - found
[6.959s] -- Performing Test CMAKE_HAVE_LIBC_PTHREAD
[7.151s] -- Performing Test CMAKE_HAVE_LIBC_PTHREAD - Success
[7.153s] -- Found Threads: TRUE  
[7.768s] -- Found rclcpp_action: 16.0.8 (/opt/ros/humble/share/rclcpp_action/cmake)
[7.914s] -- Found ament_lint_auto: 0.12.10 (/opt/ros/humble/share/ament_lint_auto/cmake)
[8.101s] -- Added test 'copyright' to check source files copyright and LICENSE
[8.103s] -- Added test 'cppcheck' to perform static code analysis on C / C++ code
[8.104s] -- Configured cppcheck include dirs: 
[8.104s] -- Configured cppcheck exclude dirs and/or files: 
[8.106s] -- Added test 'cpplint' to check C / C++ code against the Google style
[8.107s] -- Configured cpplint exclude dirs and/or files: 
[8.107s] -- Added test 'lint_cmake' to check CMake code style
[8.117s] -- Added test 'uncrustify' to check C / C++ code style
[8.118s] -- Configured uncrustify additional arguments: 
[8.118s] -- Added test 'xmllint' to check XML markup files
[8.119s] -- Configuring done
[8.199s] -- Generating done
[8.216s] -- Build files have been written to: /home/rikverhoeven/Documents/coding/ROS_auto_robot/ros2_ws/build/examples_rclcpp_minimal_action_server
[8.286s] Invoked command in '/home/rikverhoeven/Documents/coding/ROS_auto_robot/ros2_ws/build/examples_rclcpp_minimal_action_server' returned '0': CMAKE_PREFIX_PATH=/opt/ros/humble /usr/bin/cmake /home/rikverhoeven/Documents/coding/ROS_auto_robot/ros2_ws/src/src/examples/rclcpp/actions/minimal_action_server -DAMENT_CMAKE_SYMLINK_INSTALL=1 -DCMAKE_INSTALL_PREFIX=/home/rikverhoeven/Documents/coding/ROS_auto_robot/ros2_ws/install/examples_rclcpp_minimal_action_server
[8.288s] Invoking command in '/home/rikverhoeven/Documents/coding/ROS_auto_robot/ros2_ws/build/examples_rclcpp_minimal_action_server': CMAKE_PREFIX_PATH=/opt/ros/humble /usr/bin/cmake --build /home/rikverhoeven/Documents/coding/ROS_auto_robot/ros2_ws/build/examples_rclcpp_minimal_action_server -- -j8 -l8
[8.476s] [ 25%] [32mBuilding CXX object CMakeFiles/action_server_member_functions.dir/member_functions.cpp.o[0m
[8.484s] [ 50%] [32mBuilding CXX object CMakeFiles/action_server_not_composable.dir/not_composable.cpp.o[0m
