[0.145s] DEBUG:colcon:Command line arguments: ['/usr/bin/colcon', 'build', '--symlink-install']
[0.145s] DEBUG:colcon:Parsed command line arguments: Namespace(log_base=None, log_level=None, verb_name='build', build_base='build', install_base='install', merge_install=False, symlink_install=True, test_result_base=None, continue_on_error=False, executor='parallel', parallel_workers=8, event_handlers=None, ignore_user_meta=False, metas=['./colcon.meta'], base_paths=['.'], packages_ignore=None, packages_ignore_regex=None, paths=None, packages_up_to=None, packages_up_to_regex=None, packages_above=None, packages_above_and_dependencies=None, packages_above_depth=None, packages_select_by_dep=None, packages_skip_by_dep=None, packages_skip_up_to=None, packages_select_build_failed=False, packages_skip_build_finished=False, packages_select_test_failures=False, packages_skip_test_passed=False, packages_select=None, packages_skip=None, packages_select_regex=None, packages_skip_regex=None, packages_start=None, packages_end=None, allow_overriding=[], cmake_args=None, cmake_target=None, cmake_target_skip_unavailable=False, cmake_clean_cache=False, cmake_clean_first=False, cmake_force_configure=False, ament_cmake_args=None, catkin_cmake_args=None, catkin_skip_building_tests=False, verb_parser=<colcon_defaults.argument_parser.defaults.DefaultArgumentsDecorator object at 0x7706b11411e0>, verb_extension=<colcon_core.verb.build.BuildVerb object at 0x7706b1140640>, main=<bound method BuildVerb.main of <colcon_core.verb.build.BuildVerb object at 0x7706b1140640>>)
[0.446s] Level 1:colcon.colcon_core.package_discovery:discover_packages(colcon_meta) check parameters
[0.447s] Level 1:colcon.colcon_core.package_discovery:discover_packages(recursive) check parameters
[0.447s] Level 1:colcon.colcon_core.package_discovery:discover_packages(ignore) check parameters
[0.447s] Level 1:colcon.colcon_core.package_discovery:discover_packages(path) check parameters
[0.447s] Level 1:colcon.colcon_core.package_discovery:discover_packages(colcon_meta) discover
[0.447s] Level 1:colcon.colcon_core.package_discovery:discover_packages(recursive) discover
[0.447s] INFO:colcon.colcon_core.package_discovery:Crawling recursively for packages in '/home/rikverhoeven/Documents/coding/ROS_auto_robot/ros2_01_ws'
[0.447s] Level 1:colcon.colcon_core.package_identification:_identify(.) by extensions ['ignore', 'ignore_ament_install']
[0.447s] Level 1:colcon.colcon_core.package_identification:_identify(.) by extension 'ignore'
[0.447s] Level 1:colcon.colcon_core.package_identification:_identify(.) by extension 'ignore_ament_install'
[0.447s] Level 1:colcon.colcon_core.package_identification:_identify(.) by extensions ['colcon_pkg']
[0.447s] Level 1:colcon.colcon_core.package_identification:_identify(.) by extension 'colcon_pkg'
[0.448s] Level 1:colcon.colcon_core.package_identification:_identify(.) by extensions ['colcon_meta']
[0.448s] Level 1:colcon.colcon_core.package_identification:_identify(.) by extension 'colcon_meta'
[0.448s] Level 1:colcon.colcon_core.package_identification:_identify(.) by extensions ['ros']
[0.448s] Level 1:colcon.colcon_core.package_identification:_identify(.) by extension 'ros'
[0.462s] Level 1:colcon.colcon_core.package_identification:_identify(.) by extensions ['cmake', 'python']
[0.462s] Level 1:colcon.colcon_core.package_identification:_identify(.) by extension 'cmake'
[0.462s] Level 1:colcon.colcon_core.package_identification:_identify(.) by extension 'python'
[0.462s] Level 1:colcon.colcon_core.package_identification:_identify(.) by extensions ['python_setup_py']
[0.462s] Level 1:colcon.colcon_core.package_identification:_identify(.) by extension 'python_setup_py'
[0.462s] Level 1:colcon.colcon_core.package_identification:_identify(build) by extensions ['ignore', 'ignore_ament_install']
[0.462s] Level 1:colcon.colcon_core.package_identification:_identify(build) by extension 'ignore'
[0.462s] Level 1:colcon.colcon_core.package_identification:_identify(build) ignored
[0.463s] Level 1:colcon.colcon_core.package_identification:_identify(install) by extensions ['ignore', 'ignore_ament_install']
[0.463s] Level 1:colcon.colcon_core.package_identification:_identify(install) by extension 'ignore'
[0.463s] Level 1:colcon.colcon_core.package_identification:_identify(install) ignored
[0.463s] Level 1:colcon.colcon_core.package_identification:_identify(log) by extensions ['ignore', 'ignore_ament_install']
[0.463s] Level 1:colcon.colcon_core.package_identification:_identify(log) by extension 'ignore'
[0.463s] Level 1:colcon.colcon_core.package_identification:_identify(log) ignored
[0.463s] Level 1:colcon.colcon_core.package_identification:_identify(src) by extensions ['ignore', 'ignore_ament_install']
[0.463s] Level 1:colcon.colcon_core.package_identification:_identify(src) by extension 'ignore'
[0.464s] Level 1:colcon.colcon_core.package_identification:_identify(src) by extension 'ignore_ament_install'
[0.464s] Level 1:colcon.colcon_core.package_identification:_identify(src) by extensions ['colcon_pkg']
[0.464s] Level 1:colcon.colcon_core.package_identification:_identify(src) by extension 'colcon_pkg'
[0.464s] Level 1:colcon.colcon_core.package_identification:_identify(src) by extensions ['colcon_meta']
[0.464s] Level 1:colcon.colcon_core.package_identification:_identify(src) by extension 'colcon_meta'
[0.464s] Level 1:colcon.colcon_core.package_identification:_identify(src) by extensions ['ros']
[0.464s] Level 1:colcon.colcon_core.package_identification:_identify(src) by extension 'ros'
[0.464s] Level 1:colcon.colcon_core.package_identification:_identify(src) by extensions ['cmake', 'python']
[0.464s] Level 1:colcon.colcon_core.package_identification:_identify(src) by extension 'cmake'
[0.464s] Level 1:colcon.colcon_core.package_identification:_identify(src) by extension 'python'
[0.464s] Level 1:colcon.colcon_core.package_identification:_identify(src) by extensions ['python_setup_py']
[0.464s] Level 1:colcon.colcon_core.package_identification:_identify(src) by extension 'python_setup_py'
[0.464s] Level 1:colcon.colcon_core.package_identification:_identify(src/cpp_srvcli) by extensions ['ignore', 'ignore_ament_install']
[0.465s] Level 1:colcon.colcon_core.package_identification:_identify(src/cpp_srvcli) by extension 'ignore'
[0.465s] Level 1:colcon.colcon_core.package_identification:_identify(src/cpp_srvcli) by extension 'ignore_ament_install'
[0.465s] Level 1:colcon.colcon_core.package_identification:_identify(src/cpp_srvcli) by extensions ['colcon_pkg']
[0.465s] Level 1:colcon.colcon_core.package_identification:_identify(src/cpp_srvcli) by extension 'colcon_pkg'
[0.465s] Level 1:colcon.colcon_core.package_identification:_identify(src/cpp_srvcli) by extensions ['colcon_meta']
[0.465s] Level 1:colcon.colcon_core.package_identification:_identify(src/cpp_srvcli) by extension 'colcon_meta'
[0.465s] Level 1:colcon.colcon_core.package_identification:_identify(src/cpp_srvcli) by extensions ['ros']
[0.465s] Level 1:colcon.colcon_core.package_identification:_identify(src/cpp_srvcli) by extension 'ros'
[0.468s] DEBUG:colcon.colcon_core.package_identification:Package 'src/cpp_srvcli' with type 'ros.ament_cmake' and name 'cpp_srvcli'
[0.468s] Level 1:colcon.colcon_core.package_identification:_identify(src/kimbo_control_dc_motor) by extensions ['ignore', 'ignore_ament_install']
[0.468s] Level 1:colcon.colcon_core.package_identification:_identify(src/kimbo_control_dc_motor) by extension 'ignore'
[0.468s] Level 1:colcon.colcon_core.package_identification:_identify(src/kimbo_control_dc_motor) by extension 'ignore_ament_install'
[0.468s] Level 1:colcon.colcon_core.package_identification:_identify(src/kimbo_control_dc_motor) by extensions ['colcon_pkg']
[0.469s] Level 1:colcon.colcon_core.package_identification:_identify(src/kimbo_control_dc_motor) by extension 'colcon_pkg'
[0.469s] Level 1:colcon.colcon_core.package_identification:_identify(src/kimbo_control_dc_motor) by extensions ['colcon_meta']
[0.469s] Level 1:colcon.colcon_core.package_identification:_identify(src/kimbo_control_dc_motor) by extension 'colcon_meta'
[0.469s] Level 1:colcon.colcon_core.package_identification:_identify(src/kimbo_control_dc_motor) by extensions ['ros']
[0.469s] Level 1:colcon.colcon_core.package_identification:_identify(src/kimbo_control_dc_motor) by extension 'ros'
[0.469s] DEBUG:colcon.colcon_core.package_identification:Package 'src/kimbo_control_dc_motor' with type 'ros.ament_python' and name 'kimbo_control_dc_motor'
[0.470s] Level 1:colcon.colcon_core.package_identification:_identify(src/py_pubsub) by extensions ['ignore', 'ignore_ament_install']
[0.470s] Level 1:colcon.colcon_core.package_identification:_identify(src/py_pubsub) by extension 'ignore'
[0.470s] Level 1:colcon.colcon_core.package_identification:_identify(src/py_pubsub) by extension 'ignore_ament_install'
[0.470s] Level 1:colcon.colcon_core.package_identification:_identify(src/py_pubsub) by extensions ['colcon_pkg']
[0.470s] Level 1:colcon.colcon_core.package_identification:_identify(src/py_pubsub) by extension 'colcon_pkg'
[0.470s] Level 1:colcon.colcon_core.package_identification:_identify(src/py_pubsub) by extensions ['colcon_meta']
[0.470s] Level 1:colcon.colcon_core.package_identification:_identify(src/py_pubsub) by extension 'colcon_meta'
[0.470s] Level 1:colcon.colcon_core.package_identification:_identify(src/py_pubsub) by extensions ['ros']
[0.470s] Level 1:colcon.colcon_core.package_identification:_identify(src/py_pubsub) by extension 'ros'
[0.471s] DEBUG:colcon.colcon_core.package_identification:Package 'src/py_pubsub' with type 'ros.ament_python' and name 'py_pubsub'
[0.471s] Level 1:colcon.colcon_core.package_identification:_identify(src/py_srvcli) by extensions ['ignore', 'ignore_ament_install']
[0.471s] Level 1:colcon.colcon_core.package_identification:_identify(src/py_srvcli) by extension 'ignore'
[0.471s] Level 1:colcon.colcon_core.package_identification:_identify(src/py_srvcli) by extension 'ignore_ament_install'
[0.471s] Level 1:colcon.colcon_core.package_identification:_identify(src/py_srvcli) by extensions ['colcon_pkg']
[0.471s] Level 1:colcon.colcon_core.package_identification:_identify(src/py_srvcli) by extension 'colcon_pkg'
[0.471s] Level 1:colcon.colcon_core.package_identification:_identify(src/py_srvcli) by extensions ['colcon_meta']
[0.472s] Level 1:colcon.colcon_core.package_identification:_identify(src/py_srvcli) by extension 'colcon_meta'
[0.472s] Level 1:colcon.colcon_core.package_identification:_identify(src/py_srvcli) by extensions ['ros']
[0.472s] Level 1:colcon.colcon_core.package_identification:_identify(src/py_srvcli) by extension 'ros'
[0.472s] DEBUG:colcon.colcon_core.package_identification:Package 'src/py_srvcli' with type 'ros.ament_python' and name 'py_srvcli'
[0.473s] Level 1:colcon.colcon_core.package_discovery:discover_packages(recursive) using defaults
[0.473s] Level 1:colcon.colcon_core.package_discovery:discover_packages(ignore) discover
[0.473s] Level 1:colcon.colcon_core.package_discovery:discover_packages(ignore) using defaults
[0.473s] Level 1:colcon.colcon_core.package_discovery:discover_packages(path) discover
[0.473s] Level 1:colcon.colcon_core.package_discovery:discover_packages(path) using defaults
[0.512s] Level 1:colcon.colcon_core.package_discovery:discover_packages(prefix_path) check parameters
[0.512s] Level 1:colcon.colcon_core.package_discovery:discover_packages(prefix_path) discover
[0.515s] DEBUG:colcon.colcon_installed_package_information.package_discovery:Found 3 installed packages in /home/rikverhoeven/Documents/coding/ROS_auto_robot/ros2_01_ws/install
[0.517s] DEBUG:colcon.colcon_installed_package_information.package_discovery:Found 316 installed packages in /opt/ros/humble
[0.520s] Level 1:colcon.colcon_core.package_discovery:discover_packages(prefix_path) using defaults
[0.587s] Level 5:colcon.colcon_core.verb:set package 'cpp_srvcli' build argument 'cmake_args' from command line to 'None'
[0.587s] Level 5:colcon.colcon_core.verb:set package 'cpp_srvcli' build argument 'cmake_target' from command line to 'None'
[0.587s] Level 5:colcon.colcon_core.verb:set package 'cpp_srvcli' build argument 'cmake_target_skip_unavailable' from command line to 'False'
[0.587s] Level 5:colcon.colcon_core.verb:set package 'cpp_srvcli' build argument 'cmake_clean_cache' from command line to 'False'
[0.587s] Level 5:colcon.colcon_core.verb:set package 'cpp_srvcli' build argument 'cmake_clean_first' from command line to 'False'
[0.587s] Level 5:colcon.colcon_core.verb:set package 'cpp_srvcli' build argument 'cmake_force_configure' from command line to 'False'
[0.587s] Level 5:colcon.colcon_core.verb:set package 'cpp_srvcli' build argument 'ament_cmake_args' from command line to 'None'
[0.587s] Level 5:colcon.colcon_core.verb:set package 'cpp_srvcli' build argument 'catkin_cmake_args' from command line to 'None'
[0.587s] Level 5:colcon.colcon_core.verb:set package 'cpp_srvcli' build argument 'catkin_skip_building_tests' from command line to 'False'
[0.587s] DEBUG:colcon.colcon_core.verb:Building package 'cpp_srvcli' with the following arguments: {'ament_cmake_args': None, 'build_base': '/home/rikverhoeven/Documents/coding/ROS_auto_robot/ros2_01_ws/build/cpp_srvcli', 'catkin_cmake_args': None, 'catkin_skip_building_tests': False, 'cmake_args': None, 'cmake_clean_cache': False, 'cmake_clean_first': False, 'cmake_force_configure': False, 'cmake_target': None, 'cmake_target_skip_unavailable': False, 'install_base': '/home/rikverhoeven/Documents/coding/ROS_auto_robot/ros2_01_ws/install/cpp_srvcli', 'merge_install': False, 'path': '/home/rikverhoeven/Documents/coding/ROS_auto_robot/ros2_01_ws/src/cpp_srvcli', 'symlink_install': True, 'test_result_base': None}
[0.588s] Level 5:colcon.colcon_core.verb:set package 'kimbo_control_dc_motor' build argument 'cmake_args' from command line to 'None'
[0.588s] Level 5:colcon.colcon_core.verb:set package 'kimbo_control_dc_motor' build argument 'cmake_target' from command line to 'None'
[0.588s] Level 5:colcon.colcon_core.verb:set package 'kimbo_control_dc_motor' build argument 'cmake_target_skip_unavailable' from command line to 'False'
[0.588s] Level 5:colcon.colcon_core.verb:set package 'kimbo_control_dc_motor' build argument 'cmake_clean_cache' from command line to 'False'
[0.588s] Level 5:colcon.colcon_core.verb:set package 'kimbo_control_dc_motor' build argument 'cmake_clean_first' from command line to 'False'
[0.588s] Level 5:colcon.colcon_core.verb:set package 'kimbo_control_dc_motor' build argument 'cmake_force_configure' from command line to 'False'
[0.588s] Level 5:colcon.colcon_core.verb:set package 'kimbo_control_dc_motor' build argument 'ament_cmake_args' from command line to 'None'
[0.588s] Level 5:colcon.colcon_core.verb:set package 'kimbo_control_dc_motor' build argument 'catkin_cmake_args' from command line to 'None'
[0.588s] Level 5:colcon.colcon_core.verb:set package 'kimbo_control_dc_motor' build argument 'catkin_skip_building_tests' from command line to 'False'
[0.588s] DEBUG:colcon.colcon_core.verb:Building package 'kimbo_control_dc_motor' with the following arguments: {'ament_cmake_args': None, 'build_base': '/home/rikverhoeven/Documents/coding/ROS_auto_robot/ros2_01_ws/build/kimbo_control_dc_motor', 'catkin_cmake_args': None, 'catkin_skip_building_tests': False, 'cmake_args': None, 'cmake_clean_cache': False, 'cmake_clean_first': False, 'cmake_force_configure': False, 'cmake_target': None, 'cmake_target_skip_unavailable': False, 'install_base': '/home/rikverhoeven/Documents/coding/ROS_auto_robot/ros2_01_ws/install/kimbo_control_dc_motor', 'merge_install': False, 'path': '/home/rikverhoeven/Documents/coding/ROS_auto_robot/ros2_01_ws/src/kimbo_control_dc_motor', 'symlink_install': True, 'test_result_base': None}
[0.589s] Level 5:colcon.colcon_core.verb:set package 'py_pubsub' build argument 'cmake_args' from command line to 'None'
[0.589s] Level 5:colcon.colcon_core.verb:set package 'py_pubsub' build argument 'cmake_target' from command line to 'None'
[0.589s] Level 5:colcon.colcon_core.verb:set package 'py_pubsub' build argument 'cmake_target_skip_unavailable' from command line to 'False'
[0.589s] Level 5:colcon.colcon_core.verb:set package 'py_pubsub' build argument 'cmake_clean_cache' from command line to 'False'
[0.589s] Level 5:colcon.colcon_core.verb:set package 'py_pubsub' build argument 'cmake_clean_first' from command line to 'False'
[0.589s] Level 5:colcon.colcon_core.verb:set package 'py_pubsub' build argument 'cmake_force_configure' from command line to 'False'
[0.589s] Level 5:colcon.colcon_core.verb:set package 'py_pubsub' build argument 'ament_cmake_args' from command line to 'None'
[0.589s] Level 5:colcon.colcon_core.verb:set package 'py_pubsub' build argument 'catkin_cmake_args' from command line to 'None'
[0.589s] Level 5:colcon.colcon_core.verb:set package 'py_pubsub' build argument 'catkin_skip_building_tests' from command line to 'False'
[0.589s] DEBUG:colcon.colcon_core.verb:Building package 'py_pubsub' with the following arguments: {'ament_cmake_args': None, 'build_base': '/home/rikverhoeven/Documents/coding/ROS_auto_robot/ros2_01_ws/build/py_pubsub', 'catkin_cmake_args': None, 'catkin_skip_building_tests': False, 'cmake_args': None, 'cmake_clean_cache': False, 'cmake_clean_first': False, 'cmake_force_configure': False, 'cmake_target': None, 'cmake_target_skip_unavailable': False, 'install_base': '/home/rikverhoeven/Documents/coding/ROS_auto_robot/ros2_01_ws/install/py_pubsub', 'merge_install': False, 'path': '/home/rikverhoeven/Documents/coding/ROS_auto_robot/ros2_01_ws/src/py_pubsub', 'symlink_install': True, 'test_result_base': None}
[0.590s] Level 5:colcon.colcon_core.verb:set package 'py_srvcli' build argument 'cmake_args' from command line to 'None'
[0.590s] Level 5:colcon.colcon_core.verb:set package 'py_srvcli' build argument 'cmake_target' from command line to 'None'
[0.590s] Level 5:colcon.colcon_core.verb:set package 'py_srvcli' build argument 'cmake_target_skip_unavailable' from command line to 'False'
[0.590s] Level 5:colcon.colcon_core.verb:set package 'py_srvcli' build argument 'cmake_clean_cache' from command line to 'False'
[0.590s] Level 5:colcon.colcon_core.verb:set package 'py_srvcli' build argument 'cmake_clean_first' from command line to 'False'
[0.590s] Level 5:colcon.colcon_core.verb:set package 'py_srvcli' build argument 'cmake_force_configure' from command line to 'False'
[0.590s] Level 5:colcon.colcon_core.verb:set package 'py_srvcli' build argument 'ament_cmake_args' from command line to 'None'
[0.590s] Level 5:colcon.colcon_core.verb:set package 'py_srvcli' build argument 'catkin_cmake_args' from command line to 'None'
[0.590s] Level 5:colcon.colcon_core.verb:set package 'py_srvcli' build argument 'catkin_skip_building_tests' from command line to 'False'
[0.590s] DEBUG:colcon.colcon_core.verb:Building package 'py_srvcli' with the following arguments: {'ament_cmake_args': None, 'build_base': '/home/rikverhoeven/Documents/coding/ROS_auto_robot/ros2_01_ws/build/py_srvcli', 'catkin_cmake_args': None, 'catkin_skip_building_tests': False, 'cmake_args': None, 'cmake_clean_cache': False, 'cmake_clean_first': False, 'cmake_force_configure': False, 'cmake_target': None, 'cmake_target_skip_unavailable': False, 'install_base': '/home/rikverhoeven/Documents/coding/ROS_auto_robot/ros2_01_ws/install/py_srvcli', 'merge_install': False, 'path': '/home/rikverhoeven/Documents/coding/ROS_auto_robot/ros2_01_ws/src/py_srvcli', 'symlink_install': True, 'test_result_base': None}
[0.591s] INFO:colcon.colcon_core.executor:Executing jobs using 'parallel' executor
[0.592s] DEBUG:colcon.colcon_parallel_executor.executor.parallel:run_until_complete
[0.592s] INFO:colcon.colcon_ros.task.ament_cmake.build:Building ROS package in '/home/rikverhoeven/Documents/coding/ROS_auto_robot/ros2_01_ws/src/cpp_srvcli' with build type 'ament_cmake'
[0.593s] INFO:colcon.colcon_cmake.task.cmake.build:Building CMake package in '/home/rikverhoeven/Documents/coding/ROS_auto_robot/ros2_01_ws/src/cpp_srvcli'
[0.596s] INFO:colcon.colcon_core.plugin_system:Skipping extension 'colcon_core.shell.bat': Not used on non-Windows systems
[0.596s] INFO:colcon.colcon_core.shell:Skip shell extension 'powershell' for command environment: Not usable outside of PowerShell
[0.596s] DEBUG:colcon.colcon_core.shell:Skip shell extension 'dsv' for command environment
[0.601s] INFO:colcon.colcon_ros.task.ament_python.build:Building ROS package in '/home/rikverhoeven/Documents/coding/ROS_auto_robot/ros2_01_ws/src/kimbo_control_dc_motor' with build type 'ament_python'
[0.601s] Level 1:colcon.colcon_core.shell:create_environment_hook('kimbo_control_dc_motor', 'ament_prefix_path')
[0.602s] INFO:colcon.colcon_core.shell:Creating environment hook '/home/rikverhoeven/Documents/coding/ROS_auto_robot/ros2_01_ws/install/kimbo_control_dc_motor/share/kimbo_control_dc_motor/hook/ament_prefix_path.ps1'
[0.603s] INFO:colcon.colcon_core.shell:Creating environment descriptor '/home/rikverhoeven/Documents/coding/ROS_auto_robot/ros2_01_ws/install/kimbo_control_dc_motor/share/kimbo_control_dc_motor/hook/ament_prefix_path.dsv'
[0.603s] INFO:colcon.colcon_core.shell:Creating environment hook '/home/rikverhoeven/Documents/coding/ROS_auto_robot/ros2_01_ws/install/kimbo_control_dc_motor/share/kimbo_control_dc_motor/hook/ament_prefix_path.sh'
[0.604s] INFO:colcon.colcon_core.shell:Skip shell extension 'powershell' for command environment: Not usable outside of PowerShell
[0.604s] DEBUG:colcon.colcon_core.shell:Skip shell extension 'dsv' for command environment
[0.608s] INFO:colcon.colcon_ros.task.ament_python.build:Building ROS package in '/home/rikverhoeven/Documents/coding/ROS_auto_robot/ros2_01_ws/src/py_pubsub' with build type 'ament_python'
[0.609s] Level 1:colcon.colcon_core.shell:create_environment_hook('py_pubsub', 'ament_prefix_path')
[0.609s] INFO:colcon.colcon_core.shell:Creating environment hook '/home/rikverhoeven/Documents/coding/ROS_auto_robot/ros2_01_ws/install/py_pubsub/share/py_pubsub/hook/ament_prefix_path.ps1'
[0.610s] INFO:colcon.colcon_core.shell:Creating environment descriptor '/home/rikverhoeven/Documents/coding/ROS_auto_robot/ros2_01_ws/install/py_pubsub/share/py_pubsub/hook/ament_prefix_path.dsv'
[0.610s] INFO:colcon.colcon_core.shell:Creating environment hook '/home/rikverhoeven/Documents/coding/ROS_auto_robot/ros2_01_ws/install/py_pubsub/share/py_pubsub/hook/ament_prefix_path.sh'
[0.611s] INFO:colcon.colcon_core.shell:Skip shell extension 'powershell' for command environment: Not usable outside of PowerShell
[0.611s] DEBUG:colcon.colcon_core.shell:Skip shell extension 'dsv' for command environment
[0.616s] INFO:colcon.colcon_ros.task.ament_python.build:Building ROS package in '/home/rikverhoeven/Documents/coding/ROS_auto_robot/ros2_01_ws/src/py_srvcli' with build type 'ament_python'
[0.616s] Level 1:colcon.colcon_core.shell:create_environment_hook('py_srvcli', 'ament_prefix_path')
[0.616s] INFO:colcon.colcon_core.shell:Creating environment hook '/home/rikverhoeven/Documents/coding/ROS_auto_robot/ros2_01_ws/install/py_srvcli/share/py_srvcli/hook/ament_prefix_path.ps1'
[0.617s] INFO:colcon.colcon_core.shell:Creating environment descriptor '/home/rikverhoeven/Documents/coding/ROS_auto_robot/ros2_01_ws/install/py_srvcli/share/py_srvcli/hook/ament_prefix_path.dsv'
[0.618s] INFO:colcon.colcon_core.shell:Creating environment hook '/home/rikverhoeven/Documents/coding/ROS_auto_robot/ros2_01_ws/install/py_srvcli/share/py_srvcli/hook/ament_prefix_path.sh'
[0.618s] INFO:colcon.colcon_core.shell:Skip shell extension 'powershell' for command environment: Not usable outside of PowerShell
[0.618s] DEBUG:colcon.colcon_core.shell:Skip shell extension 'dsv' for command environment
[0.631s] DEBUG:colcon.colcon_core.event_handler.log_command:Invoking command in '/home/rikverhoeven/Documents/coding/ROS_auto_robot/ros2_01_ws/build/cpp_srvcli': CMAKE_PREFIX_PATH=${CMAKE_PREFIX_PATH}:/home/rikverhoeven/Documents/coding/ROS_auto_robot/ros2_01_ws/install/py_pubsub:/home/rikverhoeven/Documents/coding/ROS_auto_robot/ros2_01_ws/install/kimbo_control_dc_motor:/opt/ros/humble /usr/bin/cmake --build /home/rikverhoeven/Documents/coding/ROS_auto_robot/ros2_01_ws/build/cpp_srvcli -- -j8 -l8
[1.093s] INFO:colcon.colcon_core.task.python.build:Building Python package in '/home/rikverhoeven/Documents/coding/ROS_auto_robot/ros2_01_ws/src/kimbo_control_dc_motor'
[1.094s] INFO:colcon.colcon_core.shell:Skip shell extension 'powershell' for command environment: Not usable outside of PowerShell
[1.094s] DEBUG:colcon.colcon_core.shell:Skip shell extension 'dsv' for command environment
[1.538s] INFO:colcon.colcon_core.task.python.build:Building Python package in '/home/rikverhoeven/Documents/coding/ROS_auto_robot/ros2_01_ws/src/py_pubsub'
[1.539s] INFO:colcon.colcon_core.shell:Skip shell extension 'powershell' for command environment: Not usable outside of PowerShell
[1.539s] DEBUG:colcon.colcon_core.shell:Skip shell extension 'dsv' for command environment
[1.998s] INFO:colcon.colcon_core.task.python.build:Building Python package in '/home/rikverhoeven/Documents/coding/ROS_auto_robot/ros2_01_ws/src/py_srvcli'
[2.000s] INFO:colcon.colcon_core.shell:Skip shell extension 'powershell' for command environment: Not usable outside of PowerShell
[2.000s] DEBUG:colcon.colcon_core.shell:Skip shell extension 'dsv' for command environment
[2.014s] DEBUG:colcon.colcon_core.event_handler.log_command:Invoked command in '/home/rikverhoeven/Documents/coding/ROS_auto_robot/ros2_01_ws/build/cpp_srvcli' returned '0': CMAKE_PREFIX_PATH=${CMAKE_PREFIX_PATH}:/home/rikverhoeven/Documents/coding/ROS_auto_robot/ros2_01_ws/install/py_pubsub:/home/rikverhoeven/Documents/coding/ROS_auto_robot/ros2_01_ws/install/kimbo_control_dc_motor:/opt/ros/humble /usr/bin/cmake --build /home/rikverhoeven/Documents/coding/ROS_auto_robot/ros2_01_ws/build/cpp_srvcli -- -j8 -l8
[2.064s] DEBUG:colcon.colcon_core.event_handler.log_command:Invoking command in '/home/rikverhoeven/Documents/coding/ROS_auto_robot/ros2_01_ws/build/cpp_srvcli': CMAKE_PREFIX_PATH=${CMAKE_PREFIX_PATH}:/home/rikverhoeven/Documents/coding/ROS_auto_robot/ros2_01_ws/install/py_pubsub:/home/rikverhoeven/Documents/coding/ROS_auto_robot/ros2_01_ws/install/kimbo_control_dc_motor:/opt/ros/humble /usr/bin/cmake --install /home/rikverhoeven/Documents/coding/ROS_auto_robot/ros2_01_ws/build/cpp_srvcli
[2.100s] Level 1:colcon.colcon_core.environment:create_environment_scripts_only(cpp_srvcli)
[2.101s] DEBUG:colcon.colcon_core.event_handler.log_command:Invoked command in '/home/rikverhoeven/Documents/coding/ROS_auto_robot/ros2_01_ws/build/cpp_srvcli' returned '0': CMAKE_PREFIX_PATH=${CMAKE_PREFIX_PATH}:/home/rikverhoeven/Documents/coding/ROS_auto_robot/ros2_01_ws/install/py_pubsub:/home/rikverhoeven/Documents/coding/ROS_auto_robot/ros2_01_ws/install/kimbo_control_dc_motor:/opt/ros/humble /usr/bin/cmake --install /home/rikverhoeven/Documents/coding/ROS_auto_robot/ros2_01_ws/build/cpp_srvcli
[2.106s] Level 1:colcon.colcon_core.environment:checking '/home/rikverhoeven/Documents/coding/ROS_auto_robot/ros2_01_ws/install/cpp_srvcli' for CMake module files
[2.107s] Level 1:colcon.colcon_core.environment:checking '/home/rikverhoeven/Documents/coding/ROS_auto_robot/ros2_01_ws/install/cpp_srvcli' for CMake config files
[2.107s] Level 1:colcon.colcon_core.shell:create_environment_hook('cpp_srvcli', 'cmake_prefix_path')
[2.108s] INFO:colcon.colcon_core.shell:Creating environment hook '/home/rikverhoeven/Documents/coding/ROS_auto_robot/ros2_01_ws/install/cpp_srvcli/share/cpp_srvcli/hook/cmake_prefix_path.ps1'
[2.109s] INFO:colcon.colcon_core.shell:Creating environment descriptor '/home/rikverhoeven/Documents/coding/ROS_auto_robot/ros2_01_ws/install/cpp_srvcli/share/cpp_srvcli/hook/cmake_prefix_path.dsv'
[2.109s] INFO:colcon.colcon_core.shell:Creating environment hook '/home/rikverhoeven/Documents/coding/ROS_auto_robot/ros2_01_ws/install/cpp_srvcli/share/cpp_srvcli/hook/cmake_prefix_path.sh'
[2.110s] Level 1:colcon.colcon_core.environment:checking '/home/rikverhoeven/Documents/coding/ROS_auto_robot/ros2_01_ws/install/cpp_srvcli/lib'
[2.111s] Level 1:colcon.colcon_core.environment:checking '/home/rikverhoeven/Documents/coding/ROS_auto_robot/ros2_01_ws/install/cpp_srvcli/bin'
[2.111s] Level 1:colcon.colcon_core.environment:checking '/home/rikverhoeven/Documents/coding/ROS_auto_robot/ros2_01_ws/install/cpp_srvcli/lib/pkgconfig/cpp_srvcli.pc'
[2.111s] Level 1:colcon.colcon_core.environment:checking '/home/rikverhoeven/Documents/coding/ROS_auto_robot/ros2_01_ws/install/cpp_srvcli/lib/python3.10/site-packages'
[2.112s] Level 1:colcon.colcon_core.environment:checking '/home/rikverhoeven/Documents/coding/ROS_auto_robot/ros2_01_ws/install/cpp_srvcli/bin'
[2.112s] INFO:colcon.colcon_core.shell:Creating package script '/home/rikverhoeven/Documents/coding/ROS_auto_robot/ros2_01_ws/install/cpp_srvcli/share/cpp_srvcli/package.ps1'
[2.114s] INFO:colcon.colcon_core.shell:Creating package descriptor '/home/rikverhoeven/Documents/coding/ROS_auto_robot/ros2_01_ws/install/cpp_srvcli/share/cpp_srvcli/package.dsv'
[2.115s] INFO:colcon.colcon_core.shell:Creating package script '/home/rikverhoeven/Documents/coding/ROS_auto_robot/ros2_01_ws/install/cpp_srvcli/share/cpp_srvcli/package.sh'
[2.116s] INFO:colcon.colcon_core.shell:Creating package script '/home/rikverhoeven/Documents/coding/ROS_auto_robot/ros2_01_ws/install/cpp_srvcli/share/cpp_srvcli/package.bash'
[2.118s] INFO:colcon.colcon_core.shell:Creating package script '/home/rikverhoeven/Documents/coding/ROS_auto_robot/ros2_01_ws/install/cpp_srvcli/share/cpp_srvcli/package.zsh'
[2.119s] Level 1:colcon.colcon_core.environment:create_file_with_runtime_dependencies(/home/rikverhoeven/Documents/coding/ROS_auto_robot/ros2_01_ws/install/cpp_srvcli/share/colcon-core/packages/cpp_srvcli)
[2.167s] Level 1:colcon.colcon_core.environment:create_environment_scripts_only(cpp_srvcli)
[2.168s] Level 1:colcon.colcon_core.environment:checking '/home/rikverhoeven/Documents/coding/ROS_auto_robot/ros2_01_ws/install/cpp_srvcli' for CMake module files
[2.169s] Level 1:colcon.colcon_core.environment:checking '/home/rikverhoeven/Documents/coding/ROS_auto_robot/ros2_01_ws/install/cpp_srvcli' for CMake config files
[2.170s] Level 1:colcon.colcon_core.shell:create_environment_hook('cpp_srvcli', 'cmake_prefix_path')
[2.170s] INFO:colcon.colcon_core.shell:Creating environment hook '/home/rikverhoeven/Documents/coding/ROS_auto_robot/ros2_01_ws/install/cpp_srvcli/share/cpp_srvcli/hook/cmake_prefix_path.ps1'
[2.171s] INFO:colcon.colcon_core.shell:Creating environment descriptor '/home/rikverhoeven/Documents/coding/ROS_auto_robot/ros2_01_ws/install/cpp_srvcli/share/cpp_srvcli/hook/cmake_prefix_path.dsv'
[2.172s] INFO:colcon.colcon_core.shell:Creating environment hook '/home/rikverhoeven/Documents/coding/ROS_auto_robot/ros2_01_ws/install/cpp_srvcli/share/cpp_srvcli/hook/cmake_prefix_path.sh'
[2.173s] Level 1:colcon.colcon_core.environment:checking '/home/rikverhoeven/Documents/coding/ROS_auto_robot/ros2_01_ws/install/cpp_srvcli/lib'
[2.173s] Level 1:colcon.colcon_core.environment:checking '/home/rikverhoeven/Documents/coding/ROS_auto_robot/ros2_01_ws/install/cpp_srvcli/bin'
[2.173s] Level 1:colcon.colcon_core.environment:checking '/home/rikverhoeven/Documents/coding/ROS_auto_robot/ros2_01_ws/install/cpp_srvcli/lib/pkgconfig/cpp_srvcli.pc'
[2.174s] Level 1:colcon.colcon_core.environment:checking '/home/rikverhoeven/Documents/coding/ROS_auto_robot/ros2_01_ws/install/cpp_srvcli/lib/python3.10/site-packages'
[2.174s] Level 1:colcon.colcon_core.environment:checking '/home/rikverhoeven/Documents/coding/ROS_auto_robot/ros2_01_ws/install/cpp_srvcli/bin'
[2.175s] INFO:colcon.colcon_core.shell:Creating package script '/home/rikverhoeven/Documents/coding/ROS_auto_robot/ros2_01_ws/install/cpp_srvcli/share/cpp_srvcli/package.ps1'
[2.176s] INFO:colcon.colcon_core.shell:Creating package descriptor '/home/rikverhoeven/Documents/coding/ROS_auto_robot/ros2_01_ws/install/cpp_srvcli/share/cpp_srvcli/package.dsv'
[2.177s] INFO:colcon.colcon_core.shell:Creating package script '/home/rikverhoeven/Documents/coding/ROS_auto_robot/ros2_01_ws/install/cpp_srvcli/share/cpp_srvcli/package.sh'
[2.178s] INFO:colcon.colcon_core.shell:Creating package script '/home/rikverhoeven/Documents/coding/ROS_auto_robot/ros2_01_ws/install/cpp_srvcli/share/cpp_srvcli/package.bash'
[2.179s] INFO:colcon.colcon_core.shell:Creating package script '/home/rikverhoeven/Documents/coding/ROS_auto_robot/ros2_01_ws/install/cpp_srvcli/share/cpp_srvcli/package.zsh'
[2.179s] Level 1:colcon.colcon_core.environment:create_file_with_runtime_dependencies(/home/rikverhoeven/Documents/coding/ROS_auto_robot/ros2_01_ws/install/cpp_srvcli/share/colcon-core/packages/cpp_srvcli)
[2.647s] DEBUG:colcon.colcon_core.event_handler.log_command:Invoking command in '/home/rikverhoeven/Documents/coding/ROS_auto_robot/ros2_01_ws/build/py_pubsub': PYTHONPATH=/home/rikverhoeven/Documents/coding/ROS_auto_robot/ros2_01_ws/build/py_pubsub/prefix_override:/home/rikverhoeven/Documents/coding/ROS_auto_robot/ros2_01_ws/install/py_pubsub/lib/python3.10/site-packages:${PYTHONPATH} /usr/bin/python3 -W ignore:setup.py install is deprecated setup.py develop --editable --build-directory /home/rikverhoeven/Documents/coding/ROS_auto_robot/ros2_01_ws/build/py_pubsub/build --no-deps symlink_data
[2.658s] DEBUG:colcon.colcon_core.event_handler.log_command:Invoking command in '/home/rikverhoeven/Documents/coding/ROS_auto_robot/ros2_01_ws/build/py_srvcli': PYTHONPATH=/home/rikverhoeven/Documents/coding/ROS_auto_robot/ros2_01_ws/build/py_srvcli/prefix_override:/home/rikverhoeven/Documents/coding/ROS_auto_robot/ros2_01_ws/install/py_srvcli/lib/python3.10/site-packages:${PYTHONPATH} /usr/bin/python3 -W ignore:setup.py install is deprecated setup.py develop --editable --build-directory /home/rikverhoeven/Documents/coding/ROS_auto_robot/ros2_01_ws/build/py_srvcli/build --no-deps symlink_data
[2.740s] DEBUG:colcon.colcon_core.event_handler.log_command:Invoking command in '/home/rikverhoeven/Documents/coding/ROS_auto_robot/ros2_01_ws/build/kimbo_control_dc_motor': PYTHONPATH=/home/rikverhoeven/Documents/coding/ROS_auto_robot/ros2_01_ws/build/kimbo_control_dc_motor/prefix_override:/home/rikverhoeven/Documents/coding/ROS_auto_robot/ros2_01_ws/install/kimbo_control_dc_motor/lib/python3.10/site-packages:${PYTHONPATH} /usr/bin/python3 -W ignore:setup.py install is deprecated setup.py develop --editable --build-directory /home/rikverhoeven/Documents/coding/ROS_auto_robot/ros2_01_ws/build/kimbo_control_dc_motor/build --no-deps symlink_data
[3.480s] Level 1:colcon.colcon_core.shell:create_environment_hook('py_srvcli', 'pythonpath_develop')
[3.480s] INFO:colcon.colcon_core.shell:Creating environment hook '/home/rikverhoeven/Documents/coding/ROS_auto_robot/ros2_01_ws/build/py_srvcli/share/py_srvcli/hook/pythonpath_develop.ps1'
[3.481s] DEBUG:colcon.colcon_core.event_handler.log_command:Invoked command in '/home/rikverhoeven/Documents/coding/ROS_auto_robot/ros2_01_ws/build/py_srvcli' returned '0': PYTHONPATH=/home/rikverhoeven/Documents/coding/ROS_auto_robot/ros2_01_ws/build/py_srvcli/prefix_override:/home/rikverhoeven/Documents/coding/ROS_auto_robot/ros2_01_ws/install/py_srvcli/lib/python3.10/site-packages:${PYTHONPATH} /usr/bin/python3 -W ignore:setup.py install is deprecated setup.py develop --editable --build-directory /home/rikverhoeven/Documents/coding/ROS_auto_robot/ros2_01_ws/build/py_srvcli/build --no-deps symlink_data
[3.482s] INFO:colcon.colcon_core.shell:Creating environment descriptor '/home/rikverhoeven/Documents/coding/ROS_auto_robot/ros2_01_ws/build/py_srvcli/share/py_srvcli/hook/pythonpath_develop.dsv'
[3.482s] INFO:colcon.colcon_core.shell:Creating environment hook '/home/rikverhoeven/Documents/coding/ROS_auto_robot/ros2_01_ws/build/py_srvcli/share/py_srvcli/hook/pythonpath_develop.sh'
[3.483s] Level 1:colcon.colcon_core.environment:checking '/home/rikverhoeven/Documents/coding/ROS_auto_robot/ros2_01_ws/install/py_srvcli' for CMake module files
[3.483s] Level 1:colcon.colcon_core.environment:checking '/home/rikverhoeven/Documents/coding/ROS_auto_robot/ros2_01_ws/install/py_srvcli' for CMake config files
[3.484s] Level 1:colcon.colcon_core.environment:checking '/home/rikverhoeven/Documents/coding/ROS_auto_robot/ros2_01_ws/install/py_srvcli/lib'
[3.484s] Level 1:colcon.colcon_core.environment:checking '/home/rikverhoeven/Documents/coding/ROS_auto_robot/ros2_01_ws/install/py_srvcli/bin'
[3.484s] Level 1:colcon.colcon_core.environment:checking '/home/rikverhoeven/Documents/coding/ROS_auto_robot/ros2_01_ws/install/py_srvcli/lib/pkgconfig/py_srvcli.pc'
[3.485s] Level 1:colcon.colcon_core.environment:checking '/home/rikverhoeven/Documents/coding/ROS_auto_robot/ros2_01_ws/install/py_srvcli/lib/python3.10/site-packages'
[3.485s] Level 1:colcon.colcon_core.shell:create_environment_hook('py_srvcli', 'pythonpath')
[3.485s] INFO:colcon.colcon_core.shell:Creating environment hook '/home/rikverhoeven/Documents/coding/ROS_auto_robot/ros2_01_ws/install/py_srvcli/share/py_srvcli/hook/pythonpath.ps1'
[3.486s] INFO:colcon.colcon_core.shell:Creating environment descriptor '/home/rikverhoeven/Documents/coding/ROS_auto_robot/ros2_01_ws/install/py_srvcli/share/py_srvcli/hook/pythonpath.dsv'
[3.486s] INFO:colcon.colcon_core.shell:Creating environment hook '/home/rikverhoeven/Documents/coding/ROS_auto_robot/ros2_01_ws/install/py_srvcli/share/py_srvcli/hook/pythonpath.sh'
[3.487s] Level 1:colcon.colcon_core.environment:checking '/home/rikverhoeven/Documents/coding/ROS_auto_robot/ros2_01_ws/install/py_srvcli/bin'
[3.487s] Level 1:colcon.colcon_core.environment:create_environment_scripts_only(py_srvcli)
[3.487s] INFO:colcon.colcon_core.shell:Creating package script '/home/rikverhoeven/Documents/coding/ROS_auto_robot/ros2_01_ws/install/py_srvcli/share/py_srvcli/package.ps1'
[3.488s] INFO:colcon.colcon_core.shell:Creating package descriptor '/home/rikverhoeven/Documents/coding/ROS_auto_robot/ros2_01_ws/install/py_srvcli/share/py_srvcli/package.dsv'
[3.489s] INFO:colcon.colcon_core.shell:Creating package script '/home/rikverhoeven/Documents/coding/ROS_auto_robot/ros2_01_ws/install/py_srvcli/share/py_srvcli/package.sh'
[3.489s] INFO:colcon.colcon_core.shell:Creating package script '/home/rikverhoeven/Documents/coding/ROS_auto_robot/ros2_01_ws/install/py_srvcli/share/py_srvcli/package.bash'
[3.490s] INFO:colcon.colcon_core.shell:Creating package script '/home/rikverhoeven/Documents/coding/ROS_auto_robot/ros2_01_ws/install/py_srvcli/share/py_srvcli/package.zsh'
[3.490s] Level 1:colcon.colcon_core.environment:create_file_with_runtime_dependencies(/home/rikverhoeven/Documents/coding/ROS_auto_robot/ros2_01_ws/install/py_srvcli/share/colcon-core/packages/py_srvcli)
[3.492s] Level 1:colcon.colcon_core.shell:create_environment_hook('py_pubsub', 'pythonpath_develop')
[3.492s] INFO:colcon.colcon_core.shell:Creating environment hook '/home/rikverhoeven/Documents/coding/ROS_auto_robot/ros2_01_ws/build/py_pubsub/share/py_pubsub/hook/pythonpath_develop.ps1'
[3.493s] DEBUG:colcon.colcon_core.event_handler.log_command:Invoked command in '/home/rikverhoeven/Documents/coding/ROS_auto_robot/ros2_01_ws/build/py_pubsub' returned '0': PYTHONPATH=/home/rikverhoeven/Documents/coding/ROS_auto_robot/ros2_01_ws/build/py_pubsub/prefix_override:/home/rikverhoeven/Documents/coding/ROS_auto_robot/ros2_01_ws/install/py_pubsub/lib/python3.10/site-packages:${PYTHONPATH} /usr/bin/python3 -W ignore:setup.py install is deprecated setup.py develop --editable --build-directory /home/rikverhoeven/Documents/coding/ROS_auto_robot/ros2_01_ws/build/py_pubsub/build --no-deps symlink_data
[3.498s] INFO:colcon.colcon_core.shell:Creating environment descriptor '/home/rikverhoeven/Documents/coding/ROS_auto_robot/ros2_01_ws/build/py_pubsub/share/py_pubsub/hook/pythonpath_develop.dsv'
[3.503s] INFO:colcon.colcon_core.shell:Creating environment hook '/home/rikverhoeven/Documents/coding/ROS_auto_robot/ros2_01_ws/build/py_pubsub/share/py_pubsub/hook/pythonpath_develop.sh'
[3.504s] Level 1:colcon.colcon_core.environment:checking '/home/rikverhoeven/Documents/coding/ROS_auto_robot/ros2_01_ws/install/py_pubsub' for CMake module files
[3.505s] Level 1:colcon.colcon_core.environment:checking '/home/rikverhoeven/Documents/coding/ROS_auto_robot/ros2_01_ws/install/py_pubsub' for CMake config files
[3.507s] Level 1:colcon.colcon_core.environment:checking '/home/rikverhoeven/Documents/coding/ROS_auto_robot/ros2_01_ws/install/py_pubsub/lib'
[3.507s] Level 1:colcon.colcon_core.environment:checking '/home/rikverhoeven/Documents/coding/ROS_auto_robot/ros2_01_ws/install/py_pubsub/bin'
[3.507s] Level 1:colcon.colcon_core.environment:checking '/home/rikverhoeven/Documents/coding/ROS_auto_robot/ros2_01_ws/install/py_pubsub/lib/pkgconfig/py_pubsub.pc'
[3.507s] Level 1:colcon.colcon_core.environment:checking '/home/rikverhoeven/Documents/coding/ROS_auto_robot/ros2_01_ws/install/py_pubsub/lib/python3.10/site-packages'
[3.507s] Level 1:colcon.colcon_core.shell:create_environment_hook('py_pubsub', 'pythonpath')
[3.508s] INFO:colcon.colcon_core.shell:Creating environment hook '/home/rikverhoeven/Documents/coding/ROS_auto_robot/ros2_01_ws/install/py_pubsub/share/py_pubsub/hook/pythonpath.ps1'
[3.509s] INFO:colcon.colcon_core.shell:Creating environment descriptor '/home/rikverhoeven/Documents/coding/ROS_auto_robot/ros2_01_ws/install/py_pubsub/share/py_pubsub/hook/pythonpath.dsv'
[3.509s] INFO:colcon.colcon_core.shell:Creating environment hook '/home/rikverhoeven/Documents/coding/ROS_auto_robot/ros2_01_ws/install/py_pubsub/share/py_pubsub/hook/pythonpath.sh'
[3.510s] Level 1:colcon.colcon_core.environment:checking '/home/rikverhoeven/Documents/coding/ROS_auto_robot/ros2_01_ws/install/py_pubsub/bin'
[3.510s] Level 1:colcon.colcon_core.environment:create_environment_scripts_only(py_pubsub)
[3.510s] INFO:colcon.colcon_core.shell:Creating package script '/home/rikverhoeven/Documents/coding/ROS_auto_robot/ros2_01_ws/install/py_pubsub/share/py_pubsub/package.ps1'
[3.511s] INFO:colcon.colcon_core.shell:Creating package descriptor '/home/rikverhoeven/Documents/coding/ROS_auto_robot/ros2_01_ws/install/py_pubsub/share/py_pubsub/package.dsv'
[3.512s] INFO:colcon.colcon_core.shell:Creating package script '/home/rikverhoeven/Documents/coding/ROS_auto_robot/ros2_01_ws/install/py_pubsub/share/py_pubsub/package.sh'
[3.513s] INFO:colcon.colcon_core.shell:Creating package script '/home/rikverhoeven/Documents/coding/ROS_auto_robot/ros2_01_ws/install/py_pubsub/share/py_pubsub/package.bash'
[3.513s] INFO:colcon.colcon_core.shell:Creating package script '/home/rikverhoeven/Documents/coding/ROS_auto_robot/ros2_01_ws/install/py_pubsub/share/py_pubsub/package.zsh'
[3.513s] Level 1:colcon.colcon_core.environment:create_file_with_runtime_dependencies(/home/rikverhoeven/Documents/coding/ROS_auto_robot/ros2_01_ws/install/py_pubsub/share/colcon-core/packages/py_pubsub)
[3.599s] Level 1:colcon.colcon_core.shell:create_environment_hook('kimbo_control_dc_motor', 'pythonpath_develop')
[3.600s] INFO:colcon.colcon_core.shell:Creating environment hook '/home/rikverhoeven/Documents/coding/ROS_auto_robot/ros2_01_ws/build/kimbo_control_dc_motor/share/kimbo_control_dc_motor/hook/pythonpath_develop.ps1'
[3.601s] DEBUG:colcon.colcon_core.event_handler.log_command:Invoked command in '/home/rikverhoeven/Documents/coding/ROS_auto_robot/ros2_01_ws/build/kimbo_control_dc_motor' returned '0': PYTHONPATH=/home/rikverhoeven/Documents/coding/ROS_auto_robot/ros2_01_ws/build/kimbo_control_dc_motor/prefix_override:/home/rikverhoeven/Documents/coding/ROS_auto_robot/ros2_01_ws/install/kimbo_control_dc_motor/lib/python3.10/site-packages:${PYTHONPATH} /usr/bin/python3 -W ignore:setup.py install is deprecated setup.py develop --editable --build-directory /home/rikverhoeven/Documents/coding/ROS_auto_robot/ros2_01_ws/build/kimbo_control_dc_motor/build --no-deps symlink_data
[3.602s] INFO:colcon.colcon_core.shell:Creating environment descriptor '/home/rikverhoeven/Documents/coding/ROS_auto_robot/ros2_01_ws/build/kimbo_control_dc_motor/share/kimbo_control_dc_motor/hook/pythonpath_develop.dsv'
[3.602s] INFO:colcon.colcon_core.shell:Creating environment hook '/home/rikverhoeven/Documents/coding/ROS_auto_robot/ros2_01_ws/build/kimbo_control_dc_motor/share/kimbo_control_dc_motor/hook/pythonpath_develop.sh'
[3.603s] Level 1:colcon.colcon_core.environment:checking '/home/rikverhoeven/Documents/coding/ROS_auto_robot/ros2_01_ws/install/kimbo_control_dc_motor' for CMake module files
[3.604s] Level 1:colcon.colcon_core.environment:checking '/home/rikverhoeven/Documents/coding/ROS_auto_robot/ros2_01_ws/install/kimbo_control_dc_motor' for CMake config files
[3.605s] Level 1:colcon.colcon_core.environment:checking '/home/rikverhoeven/Documents/coding/ROS_auto_robot/ros2_01_ws/install/kimbo_control_dc_motor/lib'
[3.605s] Level 1:colcon.colcon_core.environment:checking '/home/rikverhoeven/Documents/coding/ROS_auto_robot/ros2_01_ws/install/kimbo_control_dc_motor/bin'
[3.605s] Level 1:colcon.colcon_core.environment:checking '/home/rikverhoeven/Documents/coding/ROS_auto_robot/ros2_01_ws/install/kimbo_control_dc_motor/lib/pkgconfig/kimbo_control_dc_motor.pc'
[3.605s] Level 1:colcon.colcon_core.environment:checking '/home/rikverhoeven/Documents/coding/ROS_auto_robot/ros2_01_ws/install/kimbo_control_dc_motor/lib/python3.10/site-packages'
[3.605s] Level 1:colcon.colcon_core.shell:create_environment_hook('kimbo_control_dc_motor', 'pythonpath')
[3.606s] INFO:colcon.colcon_core.shell:Creating environment hook '/home/rikverhoeven/Documents/coding/ROS_auto_robot/ros2_01_ws/install/kimbo_control_dc_motor/share/kimbo_control_dc_motor/hook/pythonpath.ps1'
[3.606s] INFO:colcon.colcon_core.shell:Creating environment descriptor '/home/rikverhoeven/Documents/coding/ROS_auto_robot/ros2_01_ws/install/kimbo_control_dc_motor/share/kimbo_control_dc_motor/hook/pythonpath.dsv'
[3.607s] INFO:colcon.colcon_core.shell:Creating environment hook '/home/rikverhoeven/Documents/coding/ROS_auto_robot/ros2_01_ws/install/kimbo_control_dc_motor/share/kimbo_control_dc_motor/hook/pythonpath.sh'
[3.607s] Level 1:colcon.colcon_core.environment:checking '/home/rikverhoeven/Documents/coding/ROS_auto_robot/ros2_01_ws/install/kimbo_control_dc_motor/bin'
[3.607s] Level 1:colcon.colcon_core.environment:create_environment_scripts_only(kimbo_control_dc_motor)
[3.608s] INFO:colcon.colcon_core.shell:Creating package script '/home/rikverhoeven/Documents/coding/ROS_auto_robot/ros2_01_ws/install/kimbo_control_dc_motor/share/kimbo_control_dc_motor/package.ps1'
[3.609s] INFO:colcon.colcon_core.shell:Creating package descriptor '/home/rikverhoeven/Documents/coding/ROS_auto_robot/ros2_01_ws/install/kimbo_control_dc_motor/share/kimbo_control_dc_motor/package.dsv'
[3.609s] INFO:colcon.colcon_core.shell:Creating package script '/home/rikverhoeven/Documents/coding/ROS_auto_robot/ros2_01_ws/install/kimbo_control_dc_motor/share/kimbo_control_dc_motor/package.sh'
[3.610s] INFO:colcon.colcon_core.shell:Creating package script '/home/rikverhoeven/Documents/coding/ROS_auto_robot/ros2_01_ws/install/kimbo_control_dc_motor/share/kimbo_control_dc_motor/package.bash'
[3.610s] INFO:colcon.colcon_core.shell:Creating package script '/home/rikverhoeven/Documents/coding/ROS_auto_robot/ros2_01_ws/install/kimbo_control_dc_motor/share/kimbo_control_dc_motor/package.zsh'
[3.611s] Level 1:colcon.colcon_core.environment:create_file_with_runtime_dependencies(/home/rikverhoeven/Documents/coding/ROS_auto_robot/ros2_01_ws/install/kimbo_control_dc_motor/share/colcon-core/packages/kimbo_control_dc_motor)
[3.611s] DEBUG:colcon.colcon_parallel_executor.executor.parallel:closing loop
[3.612s] DEBUG:colcon.colcon_parallel_executor.executor.parallel:loop closed
[3.612s] DEBUG:colcon.colcon_parallel_executor.executor.parallel:run_until_complete finished with '0'
[3.612s] DEBUG:colcon.colcon_core.event_reactor:joining thread
[3.624s] INFO:colcon.colcon_core.plugin_system:Skipping extension 'colcon_notification.desktop_notification.terminal_notifier': Not used on non-Darwin systems
[3.625s] INFO:colcon.colcon_core.plugin_system:Skipping extension 'colcon_notification.desktop_notification.win32': Not used on non-Windows systems
[3.625s] INFO:colcon.colcon_notification.desktop_notification:Sending desktop notification using 'notify2'
[3.649s] DEBUG:colcon.colcon_core.event_reactor:joined thread
[3.650s] INFO:colcon.colcon_core.shell:Creating prefix script '/home/rikverhoeven/Documents/coding/ROS_auto_robot/ros2_01_ws/install/local_setup.ps1'
[3.652s] INFO:colcon.colcon_core.shell:Creating prefix util module '/home/rikverhoeven/Documents/coding/ROS_auto_robot/ros2_01_ws/install/_local_setup_util_ps1.py'
[3.655s] INFO:colcon.colcon_core.shell:Creating prefix chain script '/home/rikverhoeven/Documents/coding/ROS_auto_robot/ros2_01_ws/install/setup.ps1'
[3.657s] INFO:colcon.colcon_core.shell:Creating prefix script '/home/rikverhoeven/Documents/coding/ROS_auto_robot/ros2_01_ws/install/local_setup.sh'
[3.657s] INFO:colcon.colcon_core.shell:Creating prefix util module '/home/rikverhoeven/Documents/coding/ROS_auto_robot/ros2_01_ws/install/_local_setup_util_sh.py'
[3.658s] INFO:colcon.colcon_core.shell:Creating prefix chain script '/home/rikverhoeven/Documents/coding/ROS_auto_robot/ros2_01_ws/install/setup.sh'
[3.660s] INFO:colcon.colcon_core.shell:Creating prefix script '/home/rikverhoeven/Documents/coding/ROS_auto_robot/ros2_01_ws/install/local_setup.bash'
[3.660s] INFO:colcon.colcon_core.shell:Creating prefix chain script '/home/rikverhoeven/Documents/coding/ROS_auto_robot/ros2_01_ws/install/setup.bash'
[3.662s] INFO:colcon.colcon_core.shell:Creating prefix script '/home/rikverhoeven/Documents/coding/ROS_auto_robot/ros2_01_ws/install/local_setup.zsh'
[3.664s] INFO:colcon.colcon_core.shell:Creating prefix chain script '/home/rikverhoeven/Documents/coding/ROS_auto_robot/ros2_01_ws/install/setup.zsh'
