[0.054s] Invoking command in '/home/rikverhoeven/Documents/coding/ROS_auto_robot/ros2_ws/build/examples_rclcpp_minimal_service': CMAKE_PREFIX_PATH=/opt/ros/humble /usr/bin/cmake /home/rikverhoeven/Documents/coding/ROS_auto_robot/ros2_ws/src/src/examples/rclcpp/services/minimal_service -DAMENT_CMAKE_SYMLINK_INSTALL=1 -DCMAKE_INSTALL_PREFIX=/home/rikverhoeven/Documents/coding/ROS_auto_robot/ros2_ws/install/examples_rclcpp_minimal_service
[1.757s] -- The C compiler identification is GNU 11.4.0
[2.355s] -- The CXX compiler identification is GNU 11.4.0
[2.426s] -- Detecting C compiler ABI info
[2.777s] -- Detecting C compiler ABI info - done
[2.784s] -- Check for working C compiler: /usr/bin/cc - skipped
[2.785s] -- Detecting C compile features
[2.796s] -- Detecting C compile features - done
[2.804s] -- Detecting CXX compiler ABI info
[3.011s] -- Detecting CXX compiler ABI info - done
[3.033s] -- Check for working CXX compiler: /usr/bin/c++ - skipped
[3.034s] -- Detecting CXX compile features
[3.035s] -- Detecting CXX compile features - done
[3.087s] -- Found ament_cmake: 1.3.8 (/opt/ros/humble/share/ament_cmake/cmake)
[4.056s] -- Found Python3: /usr/bin/python3 (found version "3.10.12") found components: Interpreter 
[4.238s] -- Override CMake install command with custom implementation using symlinks instead of copying resources
[4.422s] -- Found example_interfaces: 0.9.3 (/opt/ros/humble/share/example_interfaces/cmake)
[4.886s] -- Found rosidl_generator_c: 3.1.5 (/opt/ros/humble/share/rosidl_generator_c/cmake)
[4.903s] -- Found rosidl_adapter: 3.1.5 (/opt/ros/humble/share/rosidl_adapter/cmake)
[4.938s] -- Found rosidl_generator_cpp: 3.1.5 (/opt/ros/humble/share/rosidl_generator_cpp/cmake)
[5.017s] -- Using all available rosidl_typesupport_c: rosidl_typesupport_fastrtps_c;rosidl_typesupport_introspection_c
[5.084s] -- Using all available rosidl_typesupport_cpp: rosidl_typesupport_fastrtps_cpp;rosidl_typesupport_introspection_cpp
[5.607s] -- Found rclcpp: 16.0.8 (/opt/ros/humble/share/rclcpp/cmake)
[5.717s] -- Found rmw_implementation_cmake: 6.1.1 (/opt/ros/humble/share/rmw_implementation_cmake/cmake)
[5.721s] -- Found rmw_fastrtps_cpp: 6.2.6 (/opt/ros/humble/share/rmw_fastrtps_cpp/cmake)
[6.225s] -- Found OpenSSL: /usr/lib/x86_64-linux-gnu/libcrypto.so (found version "3.0.2")  
[6.286s] -- Found FastRTPS: /opt/ros/humble/include  
[6.388s] -- Using RMW implementation 'rmw_fastrtps_cpp' as default
[6.547s] -- Looking for pthread.h
[6.950s] -- Looking for pthread.h - found
[6.952s] -- Performing Test CMAKE_HAVE_LIBC_PTHREAD
[7.143s] -- Performing Test CMAKE_HAVE_LIBC_PTHREAD - Success
[7.143s] -- Found Threads: TRUE  
[7.763s] -- Found ament_lint_auto: 0.12.10 (/opt/ros/humble/share/ament_lint_auto/cmake)
[8.083s] -- Added test 'copyright' to check source files copyright and LICENSE
[8.084s] -- Added test 'cppcheck' to perform static code analysis on C / C++ code
[8.085s] -- Configured cppcheck include dirs: 
[8.085s] -- Configured cppcheck exclude dirs and/or files: 
[8.086s] -- Added test 'cpplint' to check C / C++ code against the Google style
[8.087s] -- Configured cpplint exclude dirs and/or files: 
[8.091s] -- Added test 'lint_cmake' to check CMake code style
[8.091s] -- Added test 'uncrustify' to check C / C++ code style
[8.091s] -- Configured uncrustify additional arguments: 
[8.099s] -- Added test 'xmllint' to check XML markup files
[8.100s] -- Configuring done
[8.174s] -- Generating done
[8.178s] -- Build files have been written to: /home/rikverhoeven/Documents/coding/ROS_auto_robot/ros2_ws/build/examples_rclcpp_minimal_service
[8.245s] Invoked command in '/home/rikverhoeven/Documents/coding/ROS_auto_robot/ros2_ws/build/examples_rclcpp_minimal_service' returned '0': CMAKE_PREFIX_PATH=/opt/ros/humble /usr/bin/cmake /home/rikverhoeven/Documents/coding/ROS_auto_robot/ros2_ws/src/src/examples/rclcpp/services/minimal_service -DAMENT_CMAKE_SYMLINK_INSTALL=1 -DCMAKE_INSTALL_PREFIX=/home/rikverhoeven/Documents/coding/ROS_auto_robot/ros2_ws/install/examples_rclcpp_minimal_service
[8.246s] Invoking command in '/home/rikverhoeven/Documents/coding/ROS_auto_robot/ros2_ws/build/examples_rclcpp_minimal_service': CMAKE_PREFIX_PATH=/opt/ros/humble /usr/bin/cmake --build /home/rikverhoeven/Documents/coding/ROS_auto_robot/ros2_ws/build/examples_rclcpp_minimal_service -- -j8 -l8
[8.351s] [ 50%] [32mBuilding CXX object CMakeFiles/service_main.dir/main.cpp.o[0m
