[1.552s] Invoking command in '/home/rikverhoeven/Documents/coding/ROS_auto_robot/ros2_01_ws/src/kimbo_control_dc_motor': PYTHONPATH=/home/rikverhoeven/Documents/coding/ROS_auto_robot/ros2_01_ws/build/kimbo_control_dc_motor/prefix_override:/home/rikverhoeven/Documents/coding/ROS_auto_robot/ros2_01_ws/install/kimbo_control_dc_motor/lib/python3.10/site-packages:${PYTHONPATH} /usr/bin/python3 -W ignore:setup.py install is deprecated setup.py egg_info --egg-base ../../build/kimbo_control_dc_motor build --build-base /home/rikverhoeven/Documents/coding/ROS_auto_robot/ros2_01_ws/build/kimbo_control_dc_motor/build install --record /home/rikverhoeven/Documents/coding/ROS_auto_robot/ros2_01_ws/build/kimbo_control_dc_motor/install.log --single-version-externally-managed install_data
[2.001s] running egg_info
[2.002s] writing ../../build/kimbo_control_dc_motor/kimbo_control_dc_motor.egg-info/PKG-INFO
[2.003s] writing dependency_links to ../../build/kimbo_control_dc_motor/kimbo_control_dc_motor.egg-info/dependency_links.txt
[2.003s] writing entry points to ../../build/kimbo_control_dc_motor/kimbo_control_dc_motor.egg-info/entry_points.txt
[2.003s] writing requirements to ../../build/kimbo_control_dc_motor/kimbo_control_dc_motor.egg-info/requires.txt
[2.003s] writing top-level names to ../../build/kimbo_control_dc_motor/kimbo_control_dc_motor.egg-info/top_level.txt
[2.006s] reading manifest file '../../build/kimbo_control_dc_motor/kimbo_control_dc_motor.egg-info/SOURCES.txt'
[2.008s] writing manifest file '../../build/kimbo_control_dc_motor/kimbo_control_dc_motor.egg-info/SOURCES.txt'
[2.008s] running build
[2.008s] running build_py
[2.009s] copying kimbo_control_dc_motor/draw_circle.py -> /home/rikverhoeven/Documents/coding/ROS_auto_robot/ros2_01_ws/build/kimbo_control_dc_motor/build/lib/kimbo_control_dc_motor
[2.009s] running install
[2.010s] running install_lib
[2.011s] copying /home/rikverhoeven/Documents/coding/ROS_auto_robot/ros2_01_ws/build/kimbo_control_dc_motor/build/lib/kimbo_control_dc_motor/draw_circle.py -> /home/rikverhoeven/Documents/coding/ROS_auto_robot/ros2_01_ws/install/kimbo_control_dc_motor/lib/python3.10/site-packages/kimbo_control_dc_motor
[2.012s] byte-compiling /home/rikverhoeven/Documents/coding/ROS_auto_robot/ros2_01_ws/install/kimbo_control_dc_motor/lib/python3.10/site-packages/kimbo_control_dc_motor/draw_circle.py to draw_circle.cpython-310.pyc
[2.013s] running install_data
[2.013s] running install_egg_info
[2.016s] removing '/home/rikverhoeven/Documents/coding/ROS_auto_robot/ros2_01_ws/install/kimbo_control_dc_motor/lib/python3.10/site-packages/kimbo_control_dc_motor-0.0.0-py3.10.egg-info' (and everything under it)
[2.016s] Copying ../../build/kimbo_control_dc_motor/kimbo_control_dc_motor.egg-info to /home/rikverhoeven/Documents/coding/ROS_auto_robot/ros2_01_ws/install/kimbo_control_dc_motor/lib/python3.10/site-packages/kimbo_control_dc_motor-0.0.0-py3.10.egg-info
[2.018s] running install_scripts
[2.055s] Installing make_turtle_circle script to /home/rikverhoeven/Documents/coding/ROS_auto_robot/ros2_01_ws/install/kimbo_control_dc_motor/lib/kimbo_control_dc_motor
[2.055s] Installing test_node_exec script to /home/rikverhoeven/Documents/coding/ROS_auto_robot/ros2_01_ws/install/kimbo_control_dc_motor/lib/kimbo_control_dc_motor
[2.055s] writing list of installed files to '/home/rikverhoeven/Documents/coding/ROS_auto_robot/ros2_01_ws/build/kimbo_control_dc_motor/install.log'
[2.094s] Invoked command in '/home/rikverhoeven/Documents/coding/ROS_auto_robot/ros2_01_ws/src/kimbo_control_dc_motor' returned '0': PYTHONPATH=/home/rikverhoeven/Documents/coding/ROS_auto_robot/ros2_01_ws/build/kimbo_control_dc_motor/prefix_override:/home/rikverhoeven/Documents/coding/ROS_auto_robot/ros2_01_ws/install/kimbo_control_dc_motor/lib/python3.10/site-packages:${PYTHONPATH} /usr/bin/python3 -W ignore:setup.py install is deprecated setup.py egg_info --egg-base ../../build/kimbo_control_dc_motor build --build-base /home/rikverhoeven/Documents/coding/ROS_auto_robot/ros2_01_ws/build/kimbo_control_dc_motor/build install --record /home/rikverhoeven/Documents/coding/ROS_auto_robot/ros2_01_ws/build/kimbo_control_dc_motor/install.log --single-version-externally-managed install_data
