[0.056s] Invoking command in '/home/rikverhoeven/Documents/coding/ROS_auto_robot/ros2_ws/build/examples_rclcpp_minimal_client': CMAKE_PREFIX_PATH=/opt/ros/humble /usr/bin/cmake /home/rikverhoeven/Documents/coding/ROS_auto_robot/ros2_ws/src/src/examples/rclcpp/services/minimal_client -DAMENT_CMAKE_SYMLINK_INSTALL=1 -DCMAKE_INSTALL_PREFIX=/home/rikverhoeven/Documents/coding/ROS_auto_robot/ros2_ws/install/examples_rclcpp_minimal_client
[1.770s] -- The C compiler identification is GNU 11.4.0
[2.371s] -- The CXX compiler identification is GNU 11.4.0
[2.439s] -- Detecting C compiler ABI info
[2.774s] -- Detecting C compiler ABI info - done
[2.803s] -- Check for working C compiler: /usr/bin/cc - skipped
[2.803s] -- Detecting C compile features
[2.810s] -- Detecting C compile features - done
[2.817s] -- Detecting CXX compiler ABI info
[3.022s] -- Detecting CXX compiler ABI info - done
[3.044s] -- Check for working CXX compiler: /usr/bin/c++ - skipped
[3.045s] -- Detecting CXX compile features
[3.046s] -- Detecting CXX compile features - done
[3.100s] -- Found ament_cmake: 1.3.8 (/opt/ros/humble/share/ament_cmake/cmake)
[4.087s] -- Found Python3: /usr/bin/python3 (found version "3.10.12") found components: Interpreter 
[4.261s] -- Override CMake install command with custom implementation using symlinks instead of copying resources
[4.435s] -- Found example_interfaces: 0.9.3 (/opt/ros/humble/share/example_interfaces/cmake)
[4.899s] -- Found rosidl_generator_c: 3.1.5 (/opt/ros/humble/share/rosidl_generator_c/cmake)
[4.916s] -- Found rosidl_adapter: 3.1.5 (/opt/ros/humble/share/rosidl_adapter/cmake)
[4.952s] -- Found rosidl_generator_cpp: 3.1.5 (/opt/ros/humble/share/rosidl_generator_cpp/cmake)
[5.029s] -- Using all available rosidl_typesupport_c: rosidl_typesupport_fastrtps_c;rosidl_typesupport_introspection_c
[5.097s] -- Using all available rosidl_typesupport_cpp: rosidl_typesupport_fastrtps_cpp;rosidl_typesupport_introspection_cpp
[5.620s] -- Found rclcpp: 16.0.8 (/opt/ros/humble/share/rclcpp/cmake)
[5.726s] -- Found rmw_implementation_cmake: 6.1.1 (/opt/ros/humble/share/rmw_implementation_cmake/cmake)
[5.731s] -- Found rmw_fastrtps_cpp: 6.2.6 (/opt/ros/humble/share/rmw_fastrtps_cpp/cmake)
[6.239s] -- Found OpenSSL: /usr/lib/x86_64-linux-gnu/libcrypto.so (found version "3.0.2")  
[6.300s] -- Found FastRTPS: /opt/ros/humble/include  
[6.407s] -- Using RMW implementation 'rmw_fastrtps_cpp' as default
[6.558s] -- Looking for pthread.h
[6.964s] -- Looking for pthread.h - found
[6.965s] -- Performing Test CMAKE_HAVE_LIBC_PTHREAD
[7.167s] -- Performing Test CMAKE_HAVE_LIBC_PTHREAD - Success
[7.169s] -- Found Threads: TRUE  
[7.779s] -- Found ament_lint_auto: 0.12.10 (/opt/ros/humble/share/ament_lint_auto/cmake)
[8.096s] -- Added test 'copyright' to check source files copyright and LICENSE
[8.097s] -- Added test 'cppcheck' to perform static code analysis on C / C++ code
[8.098s] -- Configured cppcheck include dirs: 
[8.098s] -- Configured cppcheck exclude dirs and/or files: 
[8.100s] -- Added test 'cpplint' to check C / C++ code against the Google style
[8.101s] -- Configured cpplint exclude dirs and/or files: 
[8.101s] -- Added test 'lint_cmake' to check CMake code style
[8.103s] -- Added test 'uncrustify' to check C / C++ code style
[8.103s] -- Configured uncrustify additional arguments: 
[8.107s] -- Added test 'xmllint' to check XML markup files
[8.118s] -- Configuring done
[8.193s] -- Generating done
[8.193s] -- Build files have been written to: /home/rikverhoeven/Documents/coding/ROS_auto_robot/ros2_ws/build/examples_rclcpp_minimal_client
[8.259s] Invoked command in '/home/rikverhoeven/Documents/coding/ROS_auto_robot/ros2_ws/build/examples_rclcpp_minimal_client' returned '0': CMAKE_PREFIX_PATH=/opt/ros/humble /usr/bin/cmake /home/rikverhoeven/Documents/coding/ROS_auto_robot/ros2_ws/src/src/examples/rclcpp/services/minimal_client -DAMENT_CMAKE_SYMLINK_INSTALL=1 -DCMAKE_INSTALL_PREFIX=/home/rikverhoeven/Documents/coding/ROS_auto_robot/ros2_ws/install/examples_rclcpp_minimal_client
[8.260s] Invoking command in '/home/rikverhoeven/Documents/coding/ROS_auto_robot/ros2_ws/build/examples_rclcpp_minimal_client': CMAKE_PREFIX_PATH=/opt/ros/humble /usr/bin/cmake --build /home/rikverhoeven/Documents/coding/ROS_auto_robot/ros2_ws/build/examples_rclcpp_minimal_client -- -j8 -l8
[8.375s] [ 50%] [32mBuilding CXX object CMakeFiles/client_main.dir/main.cpp.o[0m
